Warning: No PCF file specified; IO pins will be placed automatically

Info: Packing constants..
Info: Packing IOs..
Info: Packing LUT-FFs..
Info:       80 LCs used as LUT4 only
Info:       31 LCs used as LUT4 and DFF
Info: Packing non-LUT FFs..
Info:       12 LCs used as DFF only
Info: Packing carries..
Info:        0 LCs used as CARRY only
Info: Packing indirect carry+LUT pairs...
Info:        0 LUTs merged into carry LCs
Info: Packing RAMs..
Info: Placing PLLs..
Info: Packing special functions..
Info: Packing PLLs..
Info: Promoting globals..
Info: promoting clock$SB_IO_IN (fanout 43)
Info: promoting reset$SB_IO_IN [reset] (fanout 43)
Info: Constraining chains...
Info:        3 LCs used to legalise carry chains.
Info: Checksum: 0x9c1c72dc

Info: Device utilisation:
Info: 	         ICESTORM_LC:     128/   1280    10%
Info: 	        ICESTORM_RAM:       0/     16     0%
Info: 	               SB_IO:      11/    112     9%
Info: 	               SB_GB:       2/      8    25%
Info: 	        ICESTORM_PLL:       0/      1     0%
Info: 	         SB_WARMBOOT:       0/      1     0%

Info: Placed 0 cells based on constraints.
Info: Creating initial analytic placement for 105 cells, random placement wirelen = 1896.
Info:     at initial placer iter 0, wirelen = 102
Info:     at initial placer iter 1, wirelen = 97
Info:     at initial placer iter 2, wirelen = 97
Info:     at initial placer iter 3, wirelen = 97
Info: Running main analytical placer, max placement attempts per cell = 10000.
Info:     at iteration #1, type ALL: wirelen solved = 97, spread = 407, legal = 449; time = 0.00s
Info:     at iteration #2, type ALL: wirelen solved = 103, spread = 364, legal = 415; time = 0.00s
Info:     at iteration #3, type ALL: wirelen solved = 108, spread = 384, legal = 424; time = 0.00s
Info:     at iteration #4, type ALL: wirelen solved = 107, spread = 383, legal = 434; time = 0.00s
Info:     at iteration #5, type ALL: wirelen solved = 115, spread = 356, legal = 420; time = 0.00s
Info:     at iteration #6, type ALL: wirelen solved = 127, spread = 357, legal = 395; time = 0.00s
Info:     at iteration #7, type ALL: wirelen solved = 149, spread = 379, legal = 396; time = 0.00s
Info:     at iteration #8, type ALL: wirelen solved = 141, spread = 371, legal = 397; time = 0.00s
Info:     at iteration #9, type ALL: wirelen solved = 148, spread = 367, legal = 396; time = 0.00s
Info:     at iteration #10, type ALL: wirelen solved = 153, spread = 391, legal = 425; time = 0.00s
Info:     at iteration #11, type ALL: wirelen solved = 165, spread = 373, legal = 399; time = 0.00s
Info: HeAP Placer Time: 0.04s
Info:   of which solving equations: 0.03s
Info:   of which spreading cells: 0.00s
Info:   of which strict legalisation: 0.00s

Info: Running simulated annealing placer for refinement.
Info:   at iteration #1: temp = 0.000000, timing cost = 45, wirelen = 395
Info:   at iteration #5: temp = 0.000000, timing cost = 26, wirelen = 295
Info:   at iteration #10: temp = 0.000000, timing cost = 39, wirelen = 269
Info:   at iteration #15: temp = 0.000000, timing cost = 47, wirelen = 264
Info:   at iteration #16: temp = 0.000000, timing cost = 36, wirelen = 262 
Info: SA placement time 0.05s

Info: Max frequency for clock 'clock$SB_IO_IN_$glb_clk': 195.85 MHz (PASS at 12.00 MHz)

Info: Max delay <async>                         -> posedge clock$SB_IO_IN_$glb_clk: 4.64 ns
Info: Max delay posedge clock$SB_IO_IN_$glb_clk -> <async>                        : 2.16 ns

Info: Slack histogram:
Info:  legend: * represents 1 endpoint(s)
Info:          + represents [1,1) endpoint(s)
Info: [ 78227,  78410) |******************* 
Info: [ 78410,  78593) |*** 
Info: [ 78593,  78776) |*** 
Info: [ 78776,  78959) |****** 
Info: [ 78959,  79142) |********** 
Info: [ 79142,  79325) |******** 
Info: [ 79325,  79508) |********* 
Info: [ 79508,  79691) |*** 
Info: [ 79691,  79874) |******* 
Info: [ 79874,  80057) |**** 
Info: [ 80057,  80240) |*** 
Info: [ 80240,  80423) |******** 
Info: [ 80423,  80606) |************ 
Info: [ 80606,  80789) |*********** 
Info: [ 80789,  80972) |*********** 
Info: [ 80972,  81155) |************ 
Info: [ 81155,  81338) |****** 
Info: [ 81338,  81521) | 
Info: [ 81521,  81704) |** 
Info: [ 81704,  81887) |*********** 
Info: Checksum: 0xd719a6f5

Info: Routing..
Info: Setting up routing queue.
Info: Routing 372 arcs.
Info:            |   (re-)routed arcs  |   delta    | remaining|       time spent     |
Info:    IterCnt |  w/ripup   wo/ripup |  w/r  wo/r |      arcs| batch(sec) total(sec)|
Info:        583 |      173        390 |  173   390 |         0|       0.11       0.11|
Info: Routing complete.
Info: Router1 time 0.11s
checking net $nextpnr_ICESTORM_LC_2$O
  driver: X8/Y6/lutff_0:cout
    => sink 0
  no dangling wires.
checking net $nextpnr_ICESTORM_LC_1$I3
  driver: X5/Y6/lutff_6:cout
    -> X5/Y6/lutff_7:in_3
      -> X5/Y6/lutff_7:in_3_lut
        => sink 0
  no dangling wires.
checking net $nextpnr_ICESTORM_LC_0$O
  driver: X7/Y8/lutff_0:cout
    => sink 0
  no dangling wires.
checking net reset$SB_IO_IN_$glb_sr
  driver: X0/Y1/glb_netwk_4
    -> X5/Y5/lutff_global:s_r
      => sink 4
    -> X4/Y7/lutff_global:s_r
      => sink 11
    -> X7/Y9/lutff_global:s_r
      => sink 32
    -> X6/Y8/lutff_global:s_r
      => sink 2
    -> X5/Y8/lutff_global:s_r
      => sink 18
    -> X6/Y9/lutff_global:s_r
      => sink 42
    -> X5/Y9/lutff_global:s_r
      => sink 19
    -> X8/Y8/lutff_global:s_r
      => sink 30
    -> X8/Y9/lutff_global:s_r
      => sink 40
    -> X7/Y6/lutff_global:s_r
      => sink 24
    -> X6/Y7/lutff_global:s_r
      => sink 15
    -> X6/Y6/lutff_global:s_r
      => sink 12
    -> X4/Y6/lutff_global:s_r
      => sink 34
    -> X8/Y6/lutff_global:s_r
      => sink 23
    -> X5/Y7/lutff_global:s_r
      => sink 7
  no dangling wires.
checking net clock$SB_IO_IN_$glb_clk
  driver: X0/Y1/glb_netwk_6
    -> X8/Y8/lutff_global:clk
      => sink 30
    -> X6/Y6/lutff_global:clk
      => sink 12
    -> X7/Y9/lutff_global:clk
      => sink 32
    -> X5/Y7/lutff_global:clk
      => sink 7
    -> X4/Y6/lutff_global:clk
      => sink 34
    -> X6/Y7/lutff_global:clk
      => sink 15
    -> X6/Y9/lutff_global:clk
      => sink 42
    -> X5/Y5/lutff_global:clk
      => sink 4
    -> X6/Y8/lutff_global:clk
      => sink 2
    -> X8/Y9/lutff_global:clk
      => sink 40
    -> X5/Y8/lutff_global:clk
      => sink 18
    -> X5/Y9/lutff_global:clk
      => sink 19
    -> X4/Y7/lutff_global:clk
      => sink 11
    -> X7/Y6/lutff_global:clk
      => sink 24
    -> X8/Y6/lutff_global:clk
      => sink 23
  no dangling wires.
checking net $PACKER_VCC_NET
  driver: X7/Y6/lutff_6:out
    -> X7/Y6/local_g2_6
      -> X7/Y6/lutff_2:in_2
        -> X7/Y6/lutff_2:in_0_lut
          => sink 1
    -> X4/Y6/sp4_h_r_9
      -> X4/Y6/local_g1_1
        -> X4/Y6/lutff_5:in_1
          -> X4/Y6/lutff_5:in_0_lut
            => sink 0
  no dangling wires.
checking net \129.Y_SB_LUT4_O_I1_SB_LUT4_I1_O_SB_LUT4_I3_O_SB_DFFES_E_4_D_SB_LUT4_O_I3[0]
  driver: X7/Y9/lutff_2:out
    -> X7/Y9/local_g1_2
      -> X7/Y9/lutff_3:in_0
        -> X7/Y9/lutff_3:in_3_lut
          => sink 1
    -> X6/Y9/local_g3_2
      -> X6/Y9/lutff_4:in_3
        -> X6/Y9/lutff_4:in_0_lut
          => sink 0
  no dangling wires.
checking net \129.Y_SB_LUT4_O_I1_SB_LUT4_I1_O_SB_LUT4_I3_1_O_SB_DFFES_E_2_D_SB_LUT4_O_I3
  driver: X8/Y6/lutff_1:cout
    -> X8/Y6/lutff_2:in_3
      -> X8/Y6/lutff_2:in_3_lut
        => sink 1
  no dangling wires.
checking net \129.Y_SB_LUT4_O_I2_SB_LUT4_O_I3_SB_CARRY_CO_I1_SB_LUT4_I2_O_SB_LUT4_O_1_I2[0]
  driver: X7/Y7/lutff_7:out
    -> X8/Y9/sp4_v_b_7
      -> X4/Y9/sp4_h_r_0
        -> X5/Y9/local_g0_5
          -> X5/Y9/lutff_3:in_0
            -> X5/Y9/lutff_3:in_0_lut
              => sink 0
    -> X8/Y8/sp4_v_b_2
      -> X4/Y8/sp4_h_r_2
        -> X5/Y8/local_g0_7
          -> X5/Y8/lutff_5:in_0
            -> X5/Y8/lutff_5:in_2_lut
              => sink 1
  no dangling wires.
checking net \129.Y_SB_LUT4_O_I0_SB_LUT4_I2_I1_SB_LUT4_O_1_I2_SB_LUT4_O_I3_SB_LUT4_I3_O[2]
  driver: X5/Y9/lutff_4:out
    -> X4/Y8/local_g3_4
      -> X4/Y8/lutff_0:in_1
        -> X4/Y8/lutff_0:in_2_lut
          => sink 1
  no dangling wires.
checking net \129.Y_SB_LUT4_O_I0_SB_LUT4_I2_I1_SB_LUT4_O_1_I2_SB_LUT4_O_I3_SB_LUT4_I3_O_SB_LUT4_O_I3
  driver: X5/Y9/lutff_3:out
    -> X5/Y9/local_g2_3
      -> X5/Y9/lutff_4:in_3
        -> X5/Y9/lutff_4:in_3_lut
          => sink 0
  no dangling wires.
checking net punti_retta[0]$SB_IO_OUT
  driver: X6/Y9/lutff_5:out
    -> X0/Y9/span12_horz_6
      -> X0/Y9/local_g1_6
        -> X0/Y9/io_1:D_OUT_0
          => sink 0
  no dangling wires.
checking net punti_retta[1]$SB_IO_OUT
  driver: X6/Y9/lutff_2:out
    -> X0/Y9/span12_horz_0
      -> X0/Y9/local_g0_0
        -> X0/Y9/io_0:D_OUT_0
          => sink 0
  no dangling wires.
checking net punti_retta[2]$SB_IO_OUT
  driver: X8/Y9/lutff_4:out
    -> X8/Y9/sp4_v_b_8
      -> X8/Y5/sp4_v_b_4
        -> X8/Y1/sp4_v_b_0
          -> X8/Y0/local_g0_0
            -> X8/Y0/io_0:D_OUT_0
              => sink 0
  no dangling wires.
checking net \129.Y_SB_LUT4_O_I0_SB_LUT4_I2_I1_SB_LUT4_O_1_I2_SB_LUT4_O_I3_SB_LUT4_I3_O[1]
  driver: X4/Y7/lutff_7:out
    -> X5/Y6/local_g2_7
      -> X5/Y6/lutff_0:in_1
        -> X5/Y6/lutff_0:in_1_lut
          => sink 2
    -> X4/Y8/local_g1_7
      -> X4/Y8/lutff_0:in_2
        -> X4/Y8/lutff_0:in_1_lut
          => sink 3
  no dangling wires.
checking net \129.Y_SB_LUT4_O_I1_SB_LUT4_I1_O_SB_LUT4_I3_O_SB_DFFES_E_3_Q_SB_LUT4_I3_O[3]
  driver: X7/Y8/lutff_3:cout
    -> X7/Y8/lutff_4:in_3
      -> X7/Y8/lutff_4:in_3_lut
        => sink 1
  no dangling wires.
checking net \129.Y_SB_LUT4_O_I1_SB_LUT4_I1_O_SB_LUT4_I3_O_SB_DFFES_E_3_Q_SB_LUT4_I3_O[2]
  driver: X8/Y8/lutff_4:out
    -> X7/Y8/local_g2_4
      -> X7/Y8/lutff_4:in_2
        -> X7/Y8/lutff_4:in_2_lut
          => sink 1
  no dangling wires.
checking net punti_retta[2]
  undriven and unrouted
checking net punti_retta[3]$SB_IO_OUT
  driver: X6/Y9/lutff_4:out
    -> X3/Y9/sp4_h_r_5
      -> X3/Y13/sp4_v_b_11
        -> X3/Y17/span4_vert_7
          -> X3/Y17/span4_horz_r_1
            -> X5/Y17/local_g1_1
              -> X5/Y17/io_0:D_OUT_0
                => sink 0
  no dangling wires.
checking net \129.Y_SB_LUT4_O_I2_SB_LUT4_O_I3_SB_CARRY_CO_I1_SB_LUT4_I2_O[3]
  driver: X5/Y8/lutff_5:out
    -> X5/Y8/local_g3_5
      -> X5/Y8/lutff_4:in_2
        -> X5/Y8/lutff_4:in_3_lut
          => sink 0
  no dangling wires.
checking net \129.Y_SB_LUT4_O_I2_SB_LUT4_O_I3_SB_CARRY_CO_I1_SB_LUT4_I2_O[2]
  driver: X4/Y8/lutff_0:out
    -> X5/Y8/local_g0_0
      -> X5/Y8/lutff_4:in_0
        -> X5/Y8/lutff_4:in_2_lut
          => sink 0
  no dangling wires.
checking net \129.Y_SB_LUT4_O_I2_SB_LUT4_O_I3_SB_CARRY_CO_I1_SB_LUT4_I2_O[0]
  driver: X5/Y6/lutff_0:out
    -> X6/Y8/sp4_v_b_9
      -> X5/Y8/local_g2_1
        -> X5/Y8/lutff_4:in_1
          -> X5/Y8/lutff_4:in_0_lut
            => sink 0
  no dangling wires.
checking net \129.Y_SB_LUT4_O_I1_SB_LUT4_I1_O_SB_LUT4_I3_1_O_SB_DFFES_E_3_D_SB_LUT4_O_I2[2]
  driver: X8/Y6/lutff_5:out
    -> X8/Y6/local_g0_5
      -> X8/Y6/lutff_1:in_2
        -> X8/Y6/lutff_1:in_2_lut
          => sink 1
  no dangling wires.
checking net \129.Y_SB_LUT4_O_I0_SB_LUT4_I2_I1_SB_LUT4_O_1_I2_SB_LUT4_O_I2_SB_LUT4_I3_O[2]
  driver: X4/Y9/lutff_0:out
    -> X4/Y8/local_g1_0
      -> X4/Y8/lutff_1:in_2
        -> X4/Y8/lutff_1:in_2_lut
          => sink 0
  no dangling wires.
checking net \129.Y_SB_LUT4_O_I0_SB_LUT4_I2_I1_SB_LUT4_O_1_I2_SB_LUT4_O_I2_SB_LUT4_I3_O_SB_LUT4_O_I3
  driver: X5/Y9/lutff_2:out
    -> X4/Y9/local_g2_2
      -> X4/Y9/lutff_0:in_0
        -> X4/Y9/lutff_0:in_3_lut
          => sink 0
  no dangling wires.
checking net \129.Y_SB_LUT4_O_I1_SB_LUT4_I1_O_SB_LUT4_I3_O_SB_DFFES_E_7_Q
  driver: X7/Y9/lutff_0:out
    -> X6/Y8/local_g2_0
      -> X6/Y8/lutff_6:in_2
        -> X6/Y8/lutff_6:in_3_lut
          => sink 2
    -> X6/Y9/local_g2_0
      -> X6/Y9/lutff_5:in_1
        -> X6/Y9/lutff_5:in_1_lut
          => sink 0
    -> X7/Y9/local_g0_0
      -> X7/Y9/lutff_0:in_0
        -> X7/Y9/lutff_0:in_2_lut
          => sink 1
  no dangling wires.
checking net \129.Y_SB_LUT4_O_I1_SB_LUT4_I1_O_SB_LUT4_I3_1_O_SB_DFFES_E_1_D_SB_LUT4_O_I3
  driver: X8/Y6/lutff_2:cout
    -> X8/Y6/lutff_3:in_3
      -> X8/Y6/lutff_3:in_3_lut
        => sink 0
  no dangling wires.
checking net \129.Y_SB_LUT4_O_I1_SB_LUT4_I1_O_SB_LUT4_I3_O_SB_DFFES_E_3_D_SB_LUT4_O_I3[1]
  driver: X7/Y8/lutff_4:out
    -> X8/Y8/local_g1_4
      -> X8/Y8/lutff_7:in_0
        -> X8/Y8/lutff_7:in_3_lut
          => sink 0
    -> X8/Y9/local_g2_4
      -> X8/Y9/lutff_1:in_3
        -> X8/Y9/lutff_1:in_2_lut
          => sink 1
  no dangling wires.
checking net \129.Y_SB_LUT4_O_I0_SB_LUT4_I2_I1_SB_LUT4_O_1_I2_SB_LUT4_O_I2_SB_LUT4_I3_O[1]
  driver: X5/Y7/lutff_7:out
    -> X5/Y8/sp4_v_b_3
      -> X4/Y8/local_g1_3
        -> X4/Y8/lutff_1:in_1
          -> X4/Y8/lutff_1:in_1_lut
            => sink 1
    -> X5/Y6/local_g1_7
      -> X5/Y6/lutff_1:in_1
        -> X5/Y6/lutff_1:in_1_lut
          => sink 0
  no dangling wires.
checking net punti_retta[0]
  undriven and unrouted
checking net \129.Y_SB_LUT4_O_I1_SB_LUT4_I1_O_SB_LUT4_I3_O_SB_DFFES_E_6_Q_SB_LUT4_I3_O[3]
  driver: X6/Y8/lutff_6:out
    -> X7/Y8/local_g0_6
      -> X7/Y8/lutff_0:in_2
        -> X7/Y8/lutff_0:in_1_lut
          => sink 2
      -> X7/Y8/lutff_1:in_3
        -> X7/Y8/lutff_1:in_3_lut
          => sink 0
  no dangling wires.
checking net \129.Y_SB_LUT4_O_I1_SB_LUT4_I1_O_SB_LUT4_I3_O_SB_DFFES_E_3_Q
  driver: X8/Y8/lutff_7:out
    -> X8/Y8/local_g1_7
      -> X8/Y8/lutff_4:in_2
        -> X8/Y8/lutff_4:in_3_lut
          => sink 1
    -> X8/Y9/local_g1_7
      -> X8/Y9/lutff_1:in_1
        -> X8/Y9/lutff_1:in_0_lut
          => sink 0
  no dangling wires.
checking net \129.Y_SB_LUT4_O_I1_SB_LUT4_I1_O_SB_LUT4_I3_1_O_SB_DFFES_E_3_D_SB_LUT4_O_I2[0]
  driver: X6/Y9/lutff_7:out
    -> X7/Y10/sp4_v_b_2
      -> X7/Y6/sp4_h_r_7
        -> X8/Y6/local_g0_2
          -> X8/Y6/lutff_2:in_0
            -> X8/Y6/lutff_2:in_0_lut
              => sink 1
          -> X8/Y6/lutff_3:in_1
            -> X8/Y6/lutff_3:in_0_lut
              => sink 0
        -> X8/Y6/local_g1_2
          -> X8/Y6/lutff_1:in_0
            -> X8/Y6/lutff_1:in_0_lut
              => sink 2
        -> X7/Y6/local_g1_7
          -> X7/Y6/lutff_0:in_2
            -> X7/Y6/lutff_0:in_3_lut
              => sink 3
    -> X5/Y9/sp4_h_r_3
      -> X9/Y9/sp4_v_b_9
        -> X8/Y8/local_g3_4
          -> X8/Y8/lutff_5:in_2
            -> X8/Y8/lutff_5:in_3_lut
              => sink 12
          -> X8/Y8/lutff_3:in_2
            -> X8/Y8/lutff_3:in_2_lut
              => sink 18
          -> X8/Y8/lutff_7:in_2
            -> X8/Y8/lutff_7:in_2_lut
              => sink 8
          -> X8/Y8/lutff_6:in_1
            -> X8/Y8/lutff_6:in_2_lut
              => sink 4
      -> X8/Y9/local_g3_6
        -> X8/Y9/lutff_4:in_1
          -> X8/Y9/lutff_4:in_2_lut
            => sink 13
        -> X8/Y9/lutff_6:in_1
          -> X8/Y9/lutff_6:in_1_lut
            => sink 5
        -> X8/Y9/lutff_1:in_2
          -> X8/Y9/lutff_1:in_1_lut
            => sink 9
        -> X8/Y9/lutff_2:in_1
          -> X8/Y9/lutff_2:in_1_lut
            => sink 7
        -> X8/Y9/lutff_5:in_2
          -> X8/Y9/lutff_5:in_1_lut
            => sink 19
    -> X6/Y9/local_g1_7
      -> X6/Y9/lutff_4:in_0
        -> X6/Y9/lutff_4:in_1_lut
          => sink 11
      -> X6/Y9/lutff_2:in_0
        -> X6/Y9/lutff_2:in_2_lut
          => sink 15
      -> X6/Y9/lutff_5:in_3
        -> X6/Y9/lutff_5:in_2_lut
          => sink 16
    -> X7/Y9/local_g1_7
      -> X7/Y9/lutff_1:in_1
        -> X7/Y9/lutff_1:in_2_lut
          => sink 6
      -> X7/Y9/lutff_2:in_2
        -> X7/Y9/lutff_2:in_2_lut
          => sink 10
      -> X7/Y9/lutff_6:in_2
        -> X7/Y9/lutff_6:in_3_lut
          => sink 14
      -> X7/Y9/lutff_0:in_2
        -> X7/Y9/lutff_0:in_3_lut
          => sink 17
  no dangling wires.
checking net \129.Y_SB_LUT4_O_I1_SB_LUT4_I1_O_SB_LUT4_I3_O_SB_DFFES_E_4_Q_SB_LUT4_I3_O[2]
  driver: X7/Y9/lutff_3:out
    -> X7/Y8/local_g1_3
      -> X7/Y8/lutff_3:in_1
        -> X7/Y8/lutff_3:in_2_lut
          => sink 1
  no dangling wires.
checking net \129.Y_SB_LUT4_O_I0_SB_LUT4_I2_I1_SB_LUT4_O_1_I2_SB_LUT4_O_I1_SB_LUT4_I3_O[2]
  driver: X6/Y7/lutff_5:out
    -> X5/Y6/local_g2_5
      -> X5/Y6/lutff_2:in_1
        -> X5/Y6/lutff_2:in_2_lut
          => sink 1
  no dangling wires.
checking net \129.Y_SB_LUT4_O_I0_SB_LUT4_I2_I1_SB_LUT4_O_1_I2_SB_LUT4_O_I2_SB_DFFES_D_Q
  driver: X6/Y7/lutff_4:out
    -> X6/Y7/local_g2_4
      -> X6/Y7/lutff_5:in_1
        -> X6/Y7/lutff_5:in_3_lut
          => sink 0
  no dangling wires.
checking net punti_retta[4]$SB_IO_OUT
  driver: X8/Y9/lutff_1:out
    -> X8/Y17/span12_vert_2
      -> X8/Y17/local_g0_2
        -> X8/Y17/io_0:D_OUT_0
          => sink 0
  no dangling wires.
checking net punti_retta[5]$SB_IO_OUT
  driver: X8/Y9/lutff_2:out
    -> X8/Y9/sp4_h_r_4
      -> X12/Y9/sp4_h_r_4
        -> X13/Y9/local_g0_4
          -> X13/Y9/io_0:D_OUT_0
            => sink 0
  no dangling wires.
checking net \129.Y_SB_LUT4_O_I1_SB_LUT4_I1_O_SB_LUT4_I3_O_SB_DFFES_E_6_Q_SB_LUT4_I3_O[2]
  driver: X7/Y9/lutff_7:out
    -> X7/Y8/local_g1_7
      -> X7/Y8/lutff_1:in_1
        -> X7/Y8/lutff_1:in_2_lut
          => sink 0
  no dangling wires.
checking net \129.Y_SB_LUT4_O_I0_SB_LUT4_I2_I1_SB_LUT4_O_1_I2_SB_LUT4_O_I1_SB_LUT4_I3_O[1]
  driver: X6/Y7/lutff_1:out
    -> X7/Y8/sp4_v_b_6
      -> X3/Y8/sp4_h_r_11
        -> X4/Y8/local_g0_6
          -> X4/Y8/lutff_2:in_2
            -> X4/Y8/lutff_2:in_1_lut
              => sink 1
    -> X5/Y6/local_g3_1
      -> X5/Y6/lutff_2:in_2
        -> X5/Y6/lutff_2:in_1_lut
          => sink 3
  no dangling wires.
checking net \129.Y_SB_LUT4_O_I1_SB_LUT4_I1_O_SB_LUT4_I3_O_SB_DFFES_E_2_Q_SB_LUT4_I3_O[3]
  driver: X7/Y8/lutff_4:cout
    -> X7/Y8/lutff_5:in_3
      -> X7/Y8/lutff_5:in_3_lut
        => sink 1
  no dangling wires.
checking net \129.Y_SB_LUT4_O_I1_SB_LUT4_I1_O_SB_LUT4_I3_O_SB_DFFES_E_2_Q_SB_LUT4_I3_O[2]
  driver: X7/Y9/lutff_5:out
    -> X7/Y8/local_g1_5
      -> X7/Y8/lutff_5:in_1
        -> X7/Y8/lutff_5:in_2_lut
          => sink 1
  no dangling wires.
checking net punti_retta[6]$SB_IO_OUT
  driver: X8/Y9/lutff_6:out
    -> X7/Y9/sp4_h_r_1
      -> X11/Y9/sp4_h_r_4
        -> X13/Y9/local_g0_1
          -> X13/Y9/io_1:D_OUT_0
            => sink 0
  no dangling wires.
checking net \129.Y_SB_LUT4_O_I2_SB_LUT4_O_I3_SB_CARRY_CI_CO_SB_LUT4_I3_O[2]
  driver: X4/Y8/lutff_2:out
    -> X5/Y7/local_g2_2
      -> X5/Y7/lutff_2:in_0
        -> X5/Y7/lutff_2:in_2_lut
          => sink 0
  no dangling wires.
checking net \129.Y_SB_LUT4_O_I0_SB_LUT4_I2_I1_SB_LUT4_O_1_I2_SB_LUT4_O_I1_SB_DFFES_Q_D_SB_LUT4_O_I2_SB_LUT4_I0_O[1]
  driver: X5/Y7/lutff_0:out
    -> X5/Y8/local_g1_0
      -> X5/Y8/lutff_1:in_0
        -> X5/Y8/lutff_1:in_2_lut
          => sink 0
  no dangling wires.
checking net \129.Y_SB_LUT4_O_I2[1]
  driver: X5/Y6/lutff_1:out
    -> X5/Y7/local_g1_1
      -> X5/Y7/lutff_0:in_2
        -> X5/Y7/lutff_0:in_1_lut
          => sink 0
  no dangling wires.
checking net \129.Y_SB_LUT4_O_I2[0]
  driver: X4/Y8/lutff_1:out
    -> X5/Y7/local_g3_1
      -> X5/Y7/lutff_0:in_0
        -> X5/Y7/lutff_0:in_0_lut
          => sink 0
  no dangling wires.
checking net \129.Y_SB_LUT4_O_I0_SB_LUT4_I2_I1_SB_LUT4_O_1_I2_SB_LUT4_O_I1_SB_DFFES_Q_D_SB_LUT4_O_I2_SB_LUT4_I0_O[2]
  driver: X7/Y7/lutff_3:out
    -> X6/Y7/sp4_h_r_11
      -> X6/Y11/sp4_v_b_11
        -> X5/Y9/local_g0_0
          -> X5/Y9/lutff_2:in_2
            -> X5/Y9/lutff_2:in_0_lut
              => sink 1
    -> X8/Y8/sp4_v_b_10
      -> X4/Y8/sp4_h_r_10
        -> X5/Y8/local_g1_7
          -> X5/Y8/lutff_1:in_1
            -> X5/Y8/lutff_1:in_3_lut
              => sink 0
  no dangling wires.
checking net \129.Y_SB_LUT4_O_I2_SB_LUT4_O_1_I3_SB_CARRY_CI_CO_SB_LUT4_I3_I2_SB_LUT4_O_I3
  driver: X5/Y9/lutff_0:out
    -> X4/Y9/local_g2_0
      -> X4/Y9/lutff_7:in_1
        -> X4/Y9/lutff_7:in_3_lut
          => sink 0
  no dangling wires.
checking net \129.Y_SB_LUT4_O_I0_SB_LUT4_I2_I1_SB_LUT4_O_1_I2_SB_LUT4_O_I1_SB_DFFES_Q_D_SB_LUT4_O_I3[2]
  driver: X5/Y7/lutff_2:out
    -> X5/Y8/local_g0_2
      -> X5/Y8/lutff_6:in_0
        -> X5/Y8/lutff_6:in_3_lut
          => sink 0
  no dangling wires.
checking net \129.Y_SB_LUT4_O_I0_SB_LUT4_I2_I1_SB_LUT4_O_1_I2_SB_LUT4_O_I1_SB_DFFES_Q_D_SB_LUT4_O_I2[0]
  driver: X7/Y7/lutff_2:out
    -> X6/Y7/sp4_h_r_9
      -> X6/Y11/sp4_v_b_9
        -> X5/Y9/local_g2_1
          -> X5/Y9/lutff_0:in_3
            -> X5/Y9/lutff_0:in_0_lut
              => sink 1
    -> X8/Y8/sp4_v_b_8
      -> X4/Y8/sp4_h_r_1
        -> X5/Y8/local_g1_4
          -> X5/Y8/lutff_6:in_3
            -> X5/Y8/lutff_6:in_2_lut
              => sink 0
    -> X7/Y7/local_g0_2
      -> X7/Y7/lutff_3:in_1
        -> X7/Y7/lutff_3:in_0_lut
          => sink 2
  no dangling wires.
checking net \129.Y_SB_LUT4_O_I2_SB_LUT4_O_I3_SB_CARRY_CO_I1[2]
  driver: X4/Y6/lutff_6:out
    -> X5/Y6/local_g0_6
      -> X5/Y6/lutff_0:in_2
        -> X5/Y6/lutff_0:in_2_lut
          => sink 1
  no dangling wires.
checking net punti_retta[3]
  undriven and unrouted
checking net \129.Y_SB_LUT4_O_I0_SB_LUT4_I2_I1_SB_LUT4_O_1_I2_SB_LUT4_O_I0_SB_LUT4_I3_O[2]
  driver: X6/Y6/lutff_1:out
    -> X5/Y6/local_g2_1
      -> X5/Y6/lutff_3:in_2
        -> X5/Y6/lutff_3:in_2_lut
          => sink 1
  no dangling wires.
checking net \129.Y_SB_LUT4_O_I0_SB_LUT4_I2_I1_SB_LUT4_O_1_I2_SB_LUT4_O_I1_SB_DFFES_D_Q
  driver: X6/Y6/lutff_3:out
    -> X6/Y6/local_g3_3
      -> X6/Y6/lutff_1:in_1
        -> X6/Y6/lutff_1:in_3_lut
          => sink 0
  no dangling wires.
checking net \129.Y_SB_LUT4_O_I1_SB_LUT4_I1_O_SB_LUT4_I3_1_O
  driver: X7/Y7/lutff_5:out
    -> X8/Y10/sp4_v_b_6
      -> X4/Y6/sp4_h_r_6
        -> X7/Y6/local_g3_3
          -> X7/Y6/lutff_global:cen
            => sink 4
      -> X8/Y6/sp4_h_r_11
        -> X8/Y6/local_g1_3
          -> X8/Y6/lutff_global:cen
            => sink 3
  no dangling wires.
checking net \129.Y_SB_LUT4_O_I1_SB_LUT4_I1_O_SB_LUT4_I3_O_SB_DFFES_E_2_D_SB_LUT4_O_I3[2]
  driver: X7/Y8/lutff_5:out
    -> X7/Y9/local_g0_5
      -> X7/Y9/lutff_1:in_2
        -> X7/Y9/lutff_1:in_3_lut
          => sink 0
    -> X8/Y9/local_g3_5
      -> X8/Y9/lutff_2:in_2
        -> X8/Y9/lutff_2:in_2_lut
          => sink 1
  no dangling wires.
checking net punti_retta[5]
  undriven and unrouted
checking net \129.Y_SB_LUT4_O_I0_SB_LUT4_I2_I1_SB_LUT4_O_1_I2_SB_LUT4_O_I0_SB_LUT4_I3_O[1]
  driver: X4/Y7/lutff_5:out
    -> X5/Y6/local_g3_5
      -> X5/Y6/lutff_3:in_1
        -> X5/Y6/lutff_3:in_1_lut
          => sink 3
    -> X4/Y8/local_g0_5
      -> X4/Y8/lutff_3:in_2
        -> X4/Y8/lutff_3:in_1_lut
          => sink 1
  no dangling wires.
checking net \129.Y_SB_LUT4_O_I1_SB_LUT4_I1_O_SB_LUT4_I3_O_SB_DFFES_E_6_D_SB_LUT4_O_I2[0]
  driver: X7/Y8/lutff_1:out
    -> X6/Y9/local_g1_1
      -> X6/Y9/lutff_2:in_2
        -> X6/Y9/lutff_2:in_1_lut
          => sink 1
    -> X7/Y9/local_g1_1
      -> X7/Y9/lutff_6:in_0
        -> X7/Y9/lutff_6:in_2_lut
          => sink 0
  no dangling wires.
checking net \129.Y_SB_LUT4_O_I1_SB_LUT4_I1_O_SB_LUT4_I3_O_SB_DFFES_E_2_D_SB_LUT4_O_I3[0]
  driver: X7/Y9/lutff_1:out
    -> X7/Y9/local_g3_1
      -> X7/Y9/lutff_5:in_1
        -> X7/Y9/lutff_5:in_3_lut
          => sink 1
    -> X8/Y9/local_g1_1
      -> X8/Y9/lutff_2:in_0
        -> X8/Y9/lutff_2:in_0_lut
          => sink 0
  no dangling wires.
checking net \129.Y_SB_LUT4_O_I1_SB_LUT4_I1_O_SB_LUT4_I3_O_SB_DFFES_E_4_D_SB_LUT4_O_I3[2]
  driver: X7/Y8/lutff_3:out
    -> X6/Y9/local_g0_3
      -> X6/Y9/lutff_4:in_1
        -> X6/Y9/lutff_4:in_2_lut
          => sink 1
    -> X7/Y9/local_g0_3
      -> X7/Y9/lutff_2:in_1
        -> X7/Y9/lutff_2:in_3_lut
          => sink 0
  no dangling wires.
checking net \129.Y_SB_LUT4_O_I0_SB_LUT4_I2_I1_SB_LUT4_O_1_I2_SB_LUT4_O_I0_SB_DFFES_Q_D_SB_LUT4_O_I1[3]
  driver: X4/Y8/lutff_3:out
    -> X4/Y7/local_g0_3
      -> X4/Y7/lutff_4:in_1
        -> X4/Y7/lutff_4:in_3_lut
          => sink 0
  no dangling wires.
checking net \129.Y_SB_LUT4_O_I0_SB_LUT4_I2_I1_SB_LUT4_O_1_I2_SB_LUT4_O_I0_SB_DFFES_Q_D_SB_LUT4_O_I1[1]
  driver: X5/Y6/lutff_3:out
    -> X4/Y7/local_g1_3
      -> X4/Y7/lutff_4:in_2
        -> X4/Y7/lutff_4:in_1_lut
          => sink 0
  no dangling wires.
checking net \129.Y_SB_LUT4_O_I1_SB_LUT4_I1_O_SB_LUT4_I3_O_SB_DFFES_E_D_SB_LUT4_O_I2[2]
  driver: X8/Y6/lutff_4:out
    -> X8/Y6/local_g2_4
      -> X8/Y6/lutff_2:in_2
        -> X8/Y6/lutff_2:in_2_lut
          => sink 1
  no dangling wires.
checking net \129.Y_SB_LUT4_O_I2_SB_LUT4_O_1_I3_SB_CARRY_CI_CO_SB_LUT4_I3_I2[2]
  driver: X4/Y9/lutff_7:out
    -> X4/Y8/local_g0_7
      -> X4/Y8/lutff_2:in_1
        -> X4/Y8/lutff_2:in_2_lut
          => sink 1
  no dangling wires.
checking net \129.Y_SB_LUT4_O_I2_SB_LUT4_O_1_I3_SB_CARRY_CI_CO_SB_CARRY_CI_CO
  driver: X4/Y8/lutff_2:cout
    -> X4/Y8/lutff_3:in_3
      -> X4/Y8/lutff_3:in_3_lut
        => sink 1
  no dangling wires.
checking net \129.Y_SB_LUT4_O_I1_SB_LUT4_I1_O_SB_LUT4_I3_O_SB_DFFES_E_6_Q
  driver: X7/Y9/lutff_6:out
    -> X7/Y9/local_g1_6
      -> X7/Y9/lutff_7:in_2
        -> X7/Y9/lutff_7:in_3_lut
          => sink 1
    -> X6/Y9/local_g3_6
      -> X6/Y9/lutff_2:in_1
        -> X6/Y9/lutff_2:in_0_lut
          => sink 0
  no dangling wires.
checking net \129.Y_SB_LUT4_O_I0_SB_LUT4_I2_I1_SB_LUT4_O_1_I2_SB_LUT4_O_I0_SB_DFFES_D_Q
  driver: X4/Y6/lutff_4:out
    -> X4/Y6/local_g0_4
      -> X4/Y6/lutff_1:in_1
        -> X4/Y6/lutff_1:in_3_lut
          => sink 0
  no dangling wires.
checking net \129.Y_SB_LUT4_O_I0_SB_LUT4_I2_I1_SB_LUT4_O_1_I2_SB_LUT4_O_I1_SB_DFFES_Q_D_SB_LUT4_O_I2[3]
  driver: X8/Y6/lutff_1:out
    -> X8/Y7/local_g1_1
      -> X8/Y7/lutff_2:in_0
        -> X8/Y7/lutff_2:in_3_lut
          => sink 4
    -> X7/Y7/local_g1_1
      -> X7/Y7/lutff_2:in_0
        -> X7/Y7/lutff_2:in_3_lut
          => sink 2
      -> X7/Y7/lutff_7:in_3
        -> X7/Y7/lutff_7:in_3_lut
          => sink 5
      -> X7/Y7/lutff_1:in_3
        -> X7/Y7/lutff_1:in_3_lut
          => sink 0
      -> X7/Y7/lutff_3:in_3
        -> X7/Y7/lutff_3:in_3_lut
          => sink 1
    -> X8/Y6/local_g3_1
      -> X8/Y6/lutff_5:in_3
        -> X8/Y6/lutff_5:in_3_lut
          => sink 3
  no dangling wires.
checking net \129.Y_SB_LUT4_O_I0_SB_LUT4_I2_I1_SB_LUT4_O_1_I2_SB_LUT4_O_I1_SB_DFFES_Q_D_SB_LUT4_O_I2[2]
  driver: X7/Y6/lutff_0:out
    -> X7/Y7/local_g0_0
      -> X7/Y7/lutff_2:in_2
        -> X7/Y7/lutff_2:in_2_lut
          => sink 2
      -> X7/Y7/lutff_1:in_1
        -> X7/Y7/lutff_1:in_2_lut
          => sink 0
      -> X7/Y7/lutff_4:in_2
        -> X7/Y7/lutff_4:in_2_lut
          => sink 5
    -> X7/Y7/local_g1_0
      -> X7/Y7/lutff_3:in_2
        -> X7/Y7/lutff_3:in_2_lut
          => sink 1
    -> X7/Y6/local_g0_0
      -> X7/Y6/lutff_4:in_0
        -> X7/Y6/lutff_4:in_3_lut
          => sink 3
      -> X7/Y6/lutff_0:in_0
        -> X7/Y6/lutff_0:in_2_lut
          => sink 4
  no dangling wires.
checking net \129.Y_SB_LUT4_O_I1_SB_LUT4_I1_O_SB_LUT4_I3_1_O_SB_DFFES_E_Q[1]
  driver: X8/Y6/lutff_2:out
    -> X7/Y7/local_g1_2
      -> X7/Y7/lutff_1:in_2
        -> X7/Y7/lutff_1:in_1_lut
          => sink 0
      -> X7/Y7/lutff_2:in_3
        -> X7/Y7/lutff_2:in_1_lut
          => sink 1
      -> X7/Y7/lutff_7:in_0
        -> X7/Y7/lutff_7:in_2_lut
          => sink 4
      -> X7/Y7/lutff_4:in_1
        -> X7/Y7/lutff_4:in_1_lut
          => sink 3
    -> X8/Y6/local_g2_2
      -> X8/Y6/lutff_4:in_2
        -> X8/Y6/lutff_4:in_3_lut
          => sink 2
  no dangling wires.
checking net \129.Y_SB_LUT4_O_I0_SB_LUT4_I2_I1_SB_LUT4_O_1_I2_SB_LUT4_O_I1_SB_DFFES_Q_D_SB_LUT4_O_I2[1]
  driver: X8/Y6/lutff_3:out
    -> X8/Y7/local_g1_3
      -> X8/Y7/lutff_2:in_2
        -> X8/Y7/lutff_2:in_2_lut
          => sink 4
    -> X7/Y7/local_g0_3
      -> X7/Y7/lutff_2:in_1
        -> X7/Y7/lutff_2:in_0_lut
          => sink 2
      -> X7/Y7/lutff_7:in_2
        -> X7/Y7/lutff_7:in_1_lut
          => sink 5
      -> X7/Y7/lutff_1:in_0
        -> X7/Y7/lutff_1:in_0_lut
          => sink 0
      -> X7/Y7/lutff_3:in_0
        -> X7/Y7/lutff_3:in_1_lut
          => sink 1
    -> X8/Y6/local_g2_3
      -> X8/Y6/lutff_3:in_0
        -> X8/Y6/lutff_3:in_1_lut
          => sink 3
  no dangling wires.
checking net \129.Y_SB_LUT4_O_I0_SB_LUT4_I2_I1_SB_LUT4_O_1_I2_SB_LUT4_O_1_I3_SB_LUT4_I3_O_SB_LUT4_O_I3_SB_DFFES_Q_D_SB_LUT4_I3_O_SB_LUT4_O_I3
  driver: X4/Y8/lutff_6:cout
    -> X4/Y8/lutff_7:in_3
      -> X4/Y8/lutff_7:in_3_lut
        => sink 0
  no dangling wires.
checking net \129.Y_SB_LUT4_O_I1_SB_LUT4_I1_O_SB_LUT4_I3_O_SB_DFFES_E_Q[3]
  driver: X7/Y8/lutff_6:cout
    -> X7/Y8/lutff_7:in_3
      -> X7/Y8/lutff_7:in_3_lut
        => sink 0
  no dangling wires.
checking net \129.Y_SB_LUT4_O_I1_SB_LUT4_I1_O_SB_LUT4_I3_O_SB_DFFES_E_1_Q_SB_LUT4_I3_O[3]
  driver: X7/Y8/lutff_5:cout
    -> X7/Y8/lutff_6:in_3
      -> X7/Y8/lutff_6:in_3_lut
        => sink 1
  no dangling wires.
checking net \129.Y_SB_LUT4_O_I0_SB_LUT4_I2_I1_SB_LUT4_O_1_I2_SB_LUT4_O_1_I3_SB_LUT4_I3_O_SB_LUT4_O_I3_SB_DFFES_Q_D[0]
  driver: X5/Y8/lutff_2:out
    -> X6/Y8/sp4_v_b_5
      -> X5/Y7/local_g3_0
        -> X5/Y7/lutff_6:in_3
          -> X5/Y7/lutff_6:in_2_lut
            => sink 0
    -> X5/Y8/local_g3_2
      -> X5/Y8/lutff_5:in_2
        -> X5/Y8/lutff_5:in_3_lut
          => sink 3
      -> X5/Y8/lutff_1:in_2
        -> X5/Y8/lutff_1:in_1_lut
          => sink 2
      -> X5/Y8/lutff_6:in_1
        -> X5/Y8/lutff_6:in_1_lut
          => sink 1
  no dangling wires.
checking net \129.Y_SB_LUT4_O_I1_SB_LUT4_I1_O_SB_LUT4_I3_O_SB_DFFES_E_1_Q_SB_LUT4_I3_O[2]
  driver: X8/Y8/lutff_2:out
    -> X7/Y8/local_g2_2
      -> X7/Y8/lutff_6:in_2
        -> X7/Y8/lutff_6:in_2_lut
          => sink 1
  no dangling wires.
checking net punti_retta[1]
  undriven and unrouted
checking net \129.Y_SB_LUT4_O_I0_SB_LUT4_I2_I1_SB_LUT4_O_1_I2_SB_LUT4_O_I3_SB_LUT4_I3_O_SB_LUT4_O_I3_SB_DFFES_Q_E
  driver: X5/Y9/lutff_1:out
    -> X5/Y9/sp4_h_r_2
      -> X5/Y9/local_g0_2
        -> X5/Y9/lutff_global:cen
          => sink 3
  no dangling wires.
checking net \129.Y_SB_LUT4_O_I0_SB_LUT4_I2_I1_SB_LUT4_O_1_I2_SB_LUT4_O_1_I3_SB_LUT4_I3_O_SB_LUT4_O_I3_SB_DFFES_Q_D[1]
  driver: X7/Y7/lutff_1:out
    -> X8/Y9/sp4_v_b_11
      -> X4/Y9/sp4_h_r_4
        -> X5/Y9/local_g0_1
          -> X5/Y9/lutff_6:in_1
            -> X5/Y9/lutff_6:in_0_lut
              => sink 0
    -> X5/Y7/sp4_h_r_10
      -> X5/Y7/local_g0_2
        -> X5/Y7/lutff_6:in_0
          -> X5/Y7/lutff_6:in_3_lut
            => sink 1
  no dangling wires.
checking net \129.Y_SB_LUT4_O_I2_SB_LUT4_O_1_I3_SB_CARRY_CI_CO
  driver: X4/Y8/lutff_1:cout
    -> X4/Y8/lutff_2:in_3
      -> X4/Y8/lutff_2:in_3_lut
        => sink 1
  no dangling wires.
checking net \129.Y_SB_LUT4_O_I0_SB_LUT4_I2_I1_SB_LUT4_O_1_I2_SB_LUT4_O_1_I3_SB_LUT4_I3_O_SB_LUT4_O_I3
  driver: X5/Y9/lutff_6:out
    -> X4/Y9/local_g3_6
      -> X4/Y9/lutff_2:in_3
        -> X4/Y9/lutff_2:in_3_lut
          => sink 0
  no dangling wires.
checking net \129.Y_SB_LUT4_O_I0_SB_LUT4_I2_I1_SB_LUT4_O_1_I2_SB_LUT4_O_I2_SB_LUT4_I3_O[3]
  driver: X4/Y8/lutff_0:cout
    -> X4/Y8/lutff_1:in_3
      -> X4/Y8/lutff_1:in_3_lut
        => sink 0
  no dangling wires.
checking net punti_retta[6]
  undriven and unrouted
checking net \129.Y_SB_LUT4_O_I1_SB_LUT4_I1_O_SB_LUT4_I3_O_SB_DFFES_E_1_D_SB_LUT4_O_I3[2]
  driver: X7/Y8/lutff_6:out
    -> X8/Y8/local_g1_6
      -> X8/Y8/lutff_6:in_3
        -> X8/Y8/lutff_6:in_3_lut
          => sink 0
    -> X8/Y9/local_g2_6
      -> X8/Y9/lutff_6:in_2
        -> X8/Y9/lutff_6:in_2_lut
          => sink 1
  no dangling wires.
checking net punti_retta[7]$SB_IO_OUT
  driver: X8/Y9/lutff_5:out
    -> X8/Y9/sp4_h_r_10
      -> X8/Y13/sp4_v_b_10
        -> X8/Y17/span4_vert_10
          -> X8/Y17/local_g1_2
            -> X8/Y17/io_1:D_OUT_0
              => sink 0
  no dangling wires.
checking net \129.Y_SB_LUT4_O_I1_SB_LUT4_I1_O_SB_LUT4_I3_O_SB_DFFES_E_5_Q_SB_LUT4_I3_O[3]
  driver: X7/Y8/lutff_1:cout
    -> X7/Y8/lutff_2:in_3
      -> X7/Y8/lutff_2:in_3_lut
        => sink 1
  no dangling wires.
checking net \129.Y_SB_LUT4_O_I1_SB_LUT4_I1_O_SB_LUT4_I3_O_SB_DFFES_E_1_D_SB_LUT4_O_I3[0]
  driver: X8/Y8/lutff_6:out
    -> X8/Y8/local_g3_6
      -> X8/Y8/lutff_2:in_1
        -> X8/Y8/lutff_2:in_3_lut
          => sink 1
    -> X8/Y9/local_g0_6
      -> X8/Y9/lutff_6:in_0
        -> X8/Y9/lutff_6:in_0_lut
          => sink 0
  no dangling wires.
checking net \129.Y_SB_LUT4_O_I0_SB_LUT4_I2_I1_SB_LUT4_O_1_I2_SB_LUT4_O_1_I3_SB_LUT4_I3_O[3]
  driver: X4/Y8/lutff_3:cout
    -> X4/Y8/lutff_4:in_3
      -> X4/Y8/lutff_4:in_3_lut
        => sink 0
  no dangling wires.
checking net \129.Y_SB_LUT4_O_I0_SB_LUT4_I2_I1_SB_LUT4_O_1_I2_SB_LUT4_O_I0_SB_DFFES_D_Q_SB_LUT4_I3_O[3]
  driver: X5/Y6/lutff_3:cout
    -> X5/Y6/lutff_4:in_3
      -> X5/Y6/lutff_4:in_3_lut
        => sink 0
  no dangling wires.
checking net \129.Y_SB_LUT4_O_I0_SB_LUT4_I2_I1_SB_LUT4_O_1_I2_SB_LUT4_O_I0_SB_DFFES_D_Q_SB_LUT4_I3_O[2]
  driver: X4/Y6/lutff_1:out
    -> X5/Y6/local_g0_1
      -> X5/Y6/lutff_4:in_1
        -> X5/Y6/lutff_4:in_2_lut
          => sink 0
  no dangling wires.
checking net \129.Y_SB_LUT4_O_I0_SB_LUT4_I2_I1_SB_LUT4_O_1_I2_SB_LUT4_O_1_I3_SB_LUT4_I3_O[1]
  driver: X4/Y7/lutff_2:out
    -> X5/Y6/local_g2_2
      -> X5/Y6/lutff_4:in_2
        -> X5/Y6/lutff_4:in_1_lut
          => sink 0
    -> X4/Y8/local_g1_2
      -> X4/Y8/lutff_4:in_1
        -> X4/Y8/lutff_4:in_1_lut
          => sink 1
  no dangling wires.
checking net punti_retta[7]
  undriven and unrouted
checking net \129.Y_SB_LUT4_O_I0_SB_LUT4_I2_I1_SB_LUT4_O_1_I2_SB_LUT4_O_1_I3_SB_DFFES_Q_D_SB_LUT4_O_I1[3]
  driver: X4/Y8/lutff_4:out
    -> X4/Y7/local_g0_4
      -> X4/Y7/lutff_1:in_1
        -> X4/Y7/lutff_1:in_3_lut
          => sink 0
  no dangling wires.
checking net \129.Y_SB_LUT4_O_I0_SB_LUT4_I2_I1_SB_LUT4_O_1_I2_SB_LUT4_O_1_I3_SB_DFFES_Q_D_SB_LUT4_O_I1[1]
  driver: X5/Y6/lutff_4:out
    -> X4/Y7/local_g1_4
      -> X4/Y7/lutff_1:in_2
        -> X4/Y7/lutff_1:in_1_lut
          => sink 0
  no dangling wires.
checking net start_SB_LUT4_I0_1_O[0]
  driver: X6/Y9/lutff_6:out
    -> X7/Y9/local_g0_6
      -> X7/Y9/lutff_4:in_0
        -> X7/Y9/lutff_4:in_1_lut
          => sink 0
  no dangling wires.
checking net \129.Y_SB_LUT4_O_I0_SB_LUT4_I2_I1_SB_LUT4_O_1_I2_SB_LUT4_O_1_I3_SB_DFFES_D_Q_SB_LUT4_I3_O_SB_LUT4_I2_I1[3]
  driver: X4/Y8/lutff_4:cout
    -> X4/Y8/lutff_5:in_3
      -> X4/Y8/lutff_5:in_3_lut
        => sink 0
  no dangling wires.
checking net \129.Y_SB_LUT4_O_I1_SB_LUT4_I1_O_SB_LUT4_I3_O_SB_DFFES_E_Q[0]
  driver: X8/Y8/lutff_3:out
    -> X7/Y8/local_g2_3
      -> X7/Y8/lutff_7:in_0
        -> X7/Y8/lutff_7:in_0_lut
          => sink 0
    -> X8/Y9/local_g0_3
      -> X8/Y9/lutff_5:in_0
        -> X8/Y9/lutff_5:in_0_lut
          => sink 1
  no dangling wires.
checking net start
  undriven and unrouted
checking net \129.Y_SB_LUT4_O_I1_SB_LUT4_I1_O_SB_LUT4_I3_1_O_SB_DFFES_E_Q[3]
  driver: X8/Y7/lutff_2:out
    -> X7/Y7/local_g3_2
      -> X7/Y7/lutff_4:in_3
        -> X7/Y7/lutff_4:in_3_lut
          => sink 0
  no dangling wires.
checking net \129.Y_SB_LUT4_O_I0_SB_LUT4_I2_I1_SB_LUT4_O_1_I2_SB_LUT4_O_I3_SB_DFFES_Q_E
  driver: X6/Y7/lutff_3:out
    -> X0/Y7/span12_horz_2
      -> X4/Y7/local_g0_2
        -> X4/Y7/lutff_global:cen
          => sink 4
    -> X5/Y8/local_g1_3
      -> X5/Y8/lutff_global:cen
        => sink 7
    -> X5/Y7/local_g3_3
      -> X5/Y7/lutff_global:cen
        => sink 2
  no dangling wires.
checking net punti_retta[4]
  undriven and unrouted
checking net \129.Y_SB_LUT4_O_I0_SB_LUT4_I2_I1_SB_LUT4_O_1_I2_SB_LUT4_O_1_I3_SB_DFFES_D_Q_SB_LUT4_I3_O_SB_LUT4_I2_O[3]
  driver: X4/Y8/lutff_5:out
    -> X4/Y7/local_g1_5
      -> X4/Y7/lutff_3:in_1
        -> X4/Y7/lutff_3:in_3_lut
          => sink 0
  no dangling wires.
checking net \129.Y_SB_LUT4_O_I1_SB_LUT4_I1_O_SB_LUT4_I3_O_SB_DFFES_E_5_Q_SB_LUT4_I3_O[2]
  driver: X8/Y8/lutff_0:out
    -> X7/Y8/local_g3_0
      -> X7/Y8/lutff_2:in_1
        -> X7/Y8/lutff_2:in_2_lut
          => sink 1
  no dangling wires.
checking net \129.Y_SB_LUT4_O_I2_SB_LUT4_O_I2[3]
  driver: X5/Y6/lutff_0:cout
    -> X5/Y6/lutff_1:in_3
      -> X5/Y6/lutff_1:in_3_lut
        => sink 0
  no dangling wires.
checking net \129.Y_SB_LUT4_O_I2_SB_LUT4_O_I2[2]
  driver: X4/Y6/lutff_7:out
    -> X5/Y6/local_g0_7
      -> X5/Y6/lutff_1:in_2
        -> X5/Y6/lutff_1:in_2_lut
          => sink 0
  no dangling wires.
checking net \129.Y_SB_LUT4_O_I0_SB_LUT4_I2_I1_SB_LUT4_O_1_I2_SB_LUT4_O_1_I3_SB_DFFES_D_Q_SB_LUT4_I3_O_SB_LUT4_I2_O[1]
  driver: X5/Y6/lutff_5:out
    -> X4/Y7/local_g0_5
      -> X4/Y7/lutff_3:in_0
        -> X4/Y7/lutff_3:in_1_lut
          => sink 0
  no dangling wires.
checking net \129.Y_SB_LUT4_O_I2_SB_LUT4_O_I3_SB_CARRY_CI_CO_SB_LUT4_I3_O[3]
  driver: X5/Y6/lutff_2:out
    -> X5/Y7/local_g1_2
      -> X5/Y7/lutff_2:in_1
        -> X5/Y7/lutff_2:in_3_lut
          => sink 0
  no dangling wires.
checking net \129.Y_SB_LUT4_O_I0_SB_LUT4_I2_I1_SB_LUT4_O_1_I2_SB_LUT4_O_1_I3_SB_DFFES_D_Q_SB_LUT4_I3_O_SB_CARRY_I1_CO_SB_LUT4_I3_I1[3]
  driver: X4/Y8/lutff_5:cout
    -> X4/Y8/lutff_6:in_3
      -> X4/Y8/lutff_6:in_3_lut
        => sink 0
  no dangling wires.
checking net \129.Y_SB_LUT4_O_I0_SB_LUT4_I2_I1_SB_LUT4_O_1_I2_SB_LUT4_O_1_I3_SB_DFFES_D_Q_SB_LUT4_I3_O_SB_CARRY_I1_CO_SB_LUT4_I3_I1[2]
  driver: X4/Y9/lutff_2:out
    -> X4/Y8/local_g0_2
      -> X4/Y8/lutff_3:in_1
        -> X4/Y8/lutff_3:in_2_lut
          => sink 7
      -> X4/Y8/lutff_4:in_2
        -> X4/Y8/lutff_4:in_2_lut
          => sink 2
      -> X4/Y8/lutff_5:in_1
        -> X4/Y8/lutff_5:in_2_lut
          => sink 1
      -> X4/Y8/lutff_6:in_2
        -> X4/Y8/lutff_6:in_2_lut
          => sink 0
  no dangling wires.
checking net \129.Y_SB_LUT4_O_I0_SB_LUT4_I2_I1_SB_LUT4_O_1_I2_SB_LUT4_O_1_I3_SB_DFFES_D_Q_SB_LUT4_I3_O_SB_CARRY_I1_CO_SB_LUT4_I3_I1[0]
  driver: X5/Y8/lutff_0:out
    -> X4/Y8/local_g2_0
      -> X4/Y8/lutff_0:in_0
        -> X4/Y8/lutff_0:in_0_lut
          => sink 7
      -> X4/Y8/lutff_4:in_0
        -> X4/Y8/lutff_4:in_0_lut
          => sink 2
      -> X4/Y8/lutff_6:in_0
        -> X4/Y8/lutff_6:in_0_lut
          => sink 0
      -> X4/Y8/lutff_7:in_1
        -> X4/Y8/lutff_7:in_2_lut
          => sink 3
    -> X4/Y8/local_g3_0
      -> X4/Y8/lutff_3:in_0
        -> X4/Y8/lutff_3:in_0_lut
          => sink 5
      -> X4/Y8/lutff_5:in_0
        -> X4/Y8/lutff_5:in_0_lut
          => sink 1
    -> X5/Y7/local_g1_0
      -> X5/Y7/lutff_0:in_1
        -> X5/Y7/lutff_0:in_2_lut
          => sink 4
    -> X5/Y7/local_g0_0
      -> X5/Y7/lutff_2:in_2
        -> X5/Y7/lutff_2:in_0_lut
          => sink 6
  no dangling wires.
checking net \129.Y_SB_LUT4_O_I1_SB_LUT4_I1_O_SB_LUT4_I3_1_O_SB_DFFES_E_Q[0]
  driver: X7/Y6/lutff_2:out
    -> X8/Y7/sp4_v_b_8
      -> X7/Y7/local_g2_0
        -> X7/Y7/lutff_4:in_0
          -> X7/Y7/lutff_4:in_0_lut
            => sink 0
  no dangling wires.
checking net \129.Y_SB_LUT4_O_I0_SB_LUT4_I2_I1_SB_LUT4_O_1_I2_SB_LUT4_O_1_I3_SB_DFFES_D_Q_SB_LUT4_I3_O_SB_CARRY_I1_CO_SB_LUT4_I3_O[3]
  driver: X4/Y8/lutff_6:out
    -> X5/Y7/local_g3_6
      -> X5/Y7/lutff_3:in_2
        -> X5/Y7/lutff_3:in_3_lut
          => sink 0
  no dangling wires.
checking net \129.Y_SB_LUT4_O_I0_SB_LUT4_I2_I1_SB_LUT4_O_1_I2_SB_LUT4_O_1_I3_SB_DFFES_D_Q_SB_LUT4_I3_O_SB_CARRY_I1_CO_SB_LUT4_I3_I2_SB_LUT4_O_I3
  driver: X5/Y5/lutff_6:out
    -> X5/Y5/local_g0_6
      -> X5/Y5/lutff_7:in_3
        -> X5/Y5/lutff_7:in_3_lut
          => sink 0
  no dangling wires.
checking net \129.Y_SB_LUT4_O_I1_SB_LUT4_I1_O_SB_LUT4_I3_1_O_SB_DFFES_E_3_D_SB_LUT4_O_I2[3]
  driver: X7/Y6/lutff_4:out
    -> X8/Y6/local_g0_4
      -> X8/Y6/lutff_0:in_2
        -> X8/Y6/lutff_0:in_1_lut
          => sink 2
      -> X8/Y6/lutff_1:in_3
        -> X8/Y6/lutff_1:in_3_lut
          => sink 1
  no dangling wires.
checking net \129.Y_SB_LUT4_O_I1_SB_LUT4_I1_O_SB_LUT4_I3_O_SB_DFFES_E_5_D_SB_LUT4_O_I2[1]
  driver: X7/Y8/lutff_2:out
    -> X8/Y8/local_g1_2
      -> X8/Y8/lutff_5:in_0
        -> X8/Y8/lutff_5:in_2_lut
          => sink 0
    -> X8/Y9/local_g2_2
      -> X8/Y9/lutff_4:in_0
        -> X8/Y9/lutff_4:in_1_lut
          => sink 1
  no dangling wires.
checking net reset
  undriven and unrouted
checking net \129.Y_SB_LUT4_O_I0_SB_LUT4_I2_I1_SB_LUT4_O_1_I2_SB_LUT4_O_1_I3_SB_DFFES_D_Q_SB_LUT4_I3_O_SB_CARRY_I1_CO_SB_LUT4_I3_O[1]
  driver: X5/Y6/lutff_6:out
    -> X5/Y7/local_g0_6
      -> X5/Y7/lutff_3:in_1
        -> X5/Y7/lutff_3:in_1_lut
          => sink 0
  no dangling wires.
checking net clock
  undriven and unrouted
checking net \129.Y_SB_LUT4_O_I2_SB_LUT4_O_I3_SB_CARRY_CO_I1_SB_LUT4_O_I3
  driver: X4/Y6/lutff_5:out
    -> X4/Y6/local_g1_5
      -> X4/Y6/lutff_6:in_2
        -> X4/Y6/lutff_6:in_3_lut
          => sink 0
  no dangling wires.
checking net \129.Y_SB_LUT4_O_I0_SB_LUT4_I2_I1_SB_LUT4_O_1_I2_SB_LUT4_O_1_I3_SB_LUT4_I3_O_SB_LUT4_O_I3_SB_DFFES_Q_D_SB_LUT4_I3_O[3]
  driver: X4/Y8/lutff_7:out
    -> X5/Y7/local_g3_7
      -> X5/Y7/lutff_4:in_0
        -> X5/Y7/lutff_4:in_3_lut
          => sink 0
  no dangling wires.
checking net \129.Y_SB_LUT4_O_I0_SB_LUT4_I2_I1_SB_LUT4_O_1_I2_SB_LUT4_O_1_I3_SB_DFFES_D_Q_SB_LUT4_I3_O_SB_CARRY_I1_CO_SB_LUT4_I3_O[2]
  driver: X5/Y7/lutff_6:out
    -> X4/Y7/local_g3_6
      -> X4/Y7/lutff_3:in_2
        -> X4/Y7/lutff_3:in_2_lut
          => sink 2
      -> X4/Y7/lutff_1:in_0
        -> X4/Y7/lutff_1:in_2_lut
          => sink 3
    -> X4/Y7/local_g2_6
      -> X4/Y7/lutff_4:in_0
        -> X4/Y7/lutff_4:in_2_lut
          => sink 4
    -> X5/Y7/local_g2_6
      -> X5/Y7/lutff_3:in_3
        -> X5/Y7/lutff_3:in_2_lut
          => sink 1
      -> X5/Y7/lutff_4:in_2
        -> X5/Y7/lutff_4:in_2_lut
          => sink 0
  no dangling wires.
checking net \129.Y_SB_LUT4_O_I0_SB_LUT4_I2_I1_SB_LUT4_O_1_I2_SB_LUT4_O_1_I3_SB_DFFES_D_Q_SB_LUT4_I3_O_SB_CARRY_I1_CO_SB_LUT4_I3_I2[2]
  driver: X5/Y5/lutff_7:out
    -> X6/Y7/sp4_v_b_7
      -> X5/Y6/local_g3_2
        -> X5/Y6/lutff_6:in_1
          -> X5/Y6/lutff_6:in_2_lut
            => sink 1
  no dangling wires.
checking net \129.Y_SB_LUT4_O_I0_SB_LUT4_I2_I1_SB_LUT4_O_1_I2_SB_LUT4_O_1_I3_SB_DFFES_D_Q_SB_LUT4_I3_O_SB_CARRY_I1_CO_SB_LUT4_I3_I1[1]
  driver: X5/Y7/lutff_1:out
    -> X5/Y6/local_g1_1
      -> X5/Y6/lutff_6:in_2
        -> X5/Y6/lutff_6:in_1_lut
          => sink 1
    -> X4/Y8/local_g0_1
      -> X4/Y8/lutff_6:in_1
        -> X4/Y8/lutff_6:in_1_lut
          => sink 2
  no dangling wires.
checking net \129.Y_SB_LUT4_O_I0_SB_LUT4_I2_I1_SB_LUT4_O_1_I2_SB_LUT4_O_1_I3_SB_DFFES_D_Q_SB_LUT4_I3_O_SB_CARRY_I1_CO_SB_CARRY_CI_CO
  driver: X5/Y6/lutff_7:out
    -> X5/Y7/local_g0_7
      -> X5/Y7/lutff_4:in_1
        -> X5/Y7/lutff_4:in_1_lut
          => sink 0
  no dangling wires.
checking net \129.Y_SB_LUT4_O_I0_SB_LUT4_I2_I1_SB_LUT4_O_1_I2_SB_LUT4_O_1_I3_SB_DFFES_D_Q_SB_LUT4_I3_O[1]
  driver: X4/Y7/lutff_6:out
    -> X5/Y6/local_g2_6
      -> X5/Y6/lutff_5:in_1
        -> X5/Y6/lutff_5:in_1_lut
          => sink 1
    -> X4/Y8/local_g1_6
      -> X4/Y8/lutff_5:in_2
        -> X4/Y8/lutff_5:in_1_lut
          => sink 2
  no dangling wires.
checking net \129.Y_SB_LUT4_O_I0_SB_LUT4_I2_I1_SB_LUT4_O_1_I2_SB_LUT4_O_1_I3_SB_DFFES_D_Q_SB_LUT4_I3_O_SB_CARRY_I1_CO
  driver: X5/Y6/lutff_5:cout
    -> X5/Y6/lutff_6:in_3
      -> X5/Y6/lutff_6:in_3_lut
        => sink 1
  no dangling wires.
checking net \129.Y_SB_LUT4_O_I0_SB_LUT4_I2_I1_SB_LUT4_O_1_I2_SB_LUT4_O_1_I3_SB_DFFES_D_Q_SB_LUT4_I3_O[3]
  driver: X5/Y6/lutff_4:cout
    -> X5/Y6/lutff_5:in_3
      -> X5/Y6/lutff_5:in_3_lut
        => sink 1
  no dangling wires.
checking net \129.Y_SB_LUT4_O_I0_SB_LUT4_I2_I1_SB_LUT4_O_1_I2_SB_LUT4_O_1_I3_SB_DFFES_D_Q_SB_LUT4_I3_O[2]
  driver: X5/Y5/lutff_2:out
    -> X5/Y6/local_g1_2
      -> X5/Y6/lutff_5:in_2
        -> X5/Y6/lutff_5:in_2_lut
          => sink 1
  no dangling wires.
checking net punti_retta_SB_DFFER_Q_E
  driver: X7/Y9/lutff_4:out
    -> X8/Y9/sp4_v_b_9
      -> X4/Y9/sp4_h_r_2
        -> X6/Y9/local_g2_2
          -> X6/Y9/lutff_global:cen
            => sink 7
    -> X7/Y9/sp12_h_r_0
      -> X8/Y9/local_g1_3
        -> X8/Y9/lutff_global:cen
          => sink 5
  no dangling wires.
checking net \129.Y_SB_LUT4_O_I1_SB_LUT4_I1_O_SB_LUT4_I3_O_SB_DFFES_E_5_D_SB_LUT4_O_I2[0]
  driver: X8/Y8/lutff_5:out
    -> X8/Y8/local_g2_5
      -> X8/Y8/lutff_0:in_3
        -> X8/Y8/lutff_0:in_3_lut
          => sink 1
    -> X8/Y9/local_g1_5
      -> X8/Y9/lutff_4:in_2
        -> X8/Y9/lutff_4:in_0_lut
          => sink 0
  no dangling wires.
checking net \129.Y_SB_LUT4_O_I0_SB_LUT4_I2_I1_SB_LUT4_O_1_I2_SB_LUT4_O_I1_SB_LUT4_I3_O[3]
  driver: X5/Y6/lutff_1:cout
    -> X5/Y6/lutff_2:in_3
      -> X5/Y6/lutff_2:in_3_lut
        => sink 1
  no dangling wires.
checking net \129.Y_SB_LUT4_O_I0_SB_LUT4_I2_I1_SB_LUT4_O_1_I2_SB_LUT4_O_1_I3_SB_DFFES_D_Q
  driver: X5/Y5/lutff_5:out
    -> X5/Y5/local_g3_5
      -> X5/Y5/lutff_2:in_0
        -> X5/Y5/lutff_2:in_3_lut
          => sink 0
  no dangling wires.
checking net \129.Y_SB_LUT4_O_I2_SB_LUT4_O_I2_SB_LUT4_O_I3_SB_DFFES_Q_E
  driver: X6/Y7/lutff_7:out
    -> X4/Y7/sp4_h_r_6
      -> X4/Y7/sp4_v_b_6
        -> X4/Y6/local_g1_3
          -> X4/Y6/lutff_global:cen
            => sink 6
    -> X6/Y6/local_g0_7
      -> X6/Y6/lutff_2:in_3
        -> X6/Y6/lutff_2:in_3_lut
          -> X6/Y6/lutff_2:out
            -> X5/Y5/local_g2_2
              -> X5/Y5/lutff_global:cen
                => sink 1
            -> X6/Y7/local_g0_2
              -> X6/Y7/lutff_global:cen
                => sink 4
    -> X7/Y8/sp4_v_b_2
      -> X6/Y6/local_g0_2
        -> X6/Y6/lutff_global:cen
          => sink 3
  no dangling wires.
checking net \129.Y_SB_LUT4_O_I0_SB_LUT4_I2_I1_SB_LUT4_O_1_I2_SB_LUT4_O_1_I3
  driver: X4/Y7/lutff_1:out
    -> X4/Y7/local_g2_1
      -> X4/Y7/lutff_2:in_3
        -> X4/Y7/lutff_2:in_3_lut
          => sink 2
    -> X5/Y7/sp4_v_b_3
      -> X5/Y5/local_g3_3
        -> X5/Y5/lutff_5:in_1
          -> X5/Y5/lutff_5:in_0_lut
            => sink 1
    -> X4/Y7/sp4_h_r_2
      -> X5/Y7/local_g1_7
        -> X5/Y7/lutff_5:in_3
          -> X5/Y7/lutff_5:in_3_lut
            => sink 0
  no dangling wires.
checking net \129.Y_SB_LUT4_O_I0_SB_LUT4_I2_I1_SB_LUT4_O_1_I2_SB_LUT4_O_1_I3_SB_DFFES_D_Q_SB_LUT4_I3_O_SB_LUT4_I2_O_SB_LUT4_I1_O_SB_DFFES_D_Q[2]
  driver: X4/Y7/lutff_3:out
    -> X5/Y7/local_g1_3
      -> X5/Y7/lutff_5:in_1
        -> X5/Y7/lutff_5:in_2_lut
          => sink 0
    -> X5/Y7/sp4_v_b_7
      -> X5/Y5/local_g3_7
        -> X5/Y5/lutff_6:in_0
          -> X5/Y5/lutff_6:in_0_lut
            => sink 1
    -> X4/Y7/local_g3_3
      -> X4/Y7/lutff_6:in_2
        -> X4/Y7/lutff_6:in_3_lut
          => sink 2
  no dangling wires.
checking net \129.Y_SB_LUT4_O_I0_SB_LUT4_I2_I1_SB_LUT4_O_1_I2_SB_LUT4_O_1_I3_SB_DFFES_D_Q_SB_LUT4_I3_O_SB_LUT4_I2_O_SB_LUT4_I1_O_SB_DFFES_D_Q[1]
  driver: X5/Y7/lutff_3:out
    -> X5/Y7/local_g2_3
      -> X5/Y7/lutff_5:in_0
        -> X5/Y7/lutff_5:in_1_lut
          => sink 0
      -> X5/Y7/lutff_1:in_0
        -> X5/Y7/lutff_1:in_3_lut
          => sink 1
  no dangling wires.
checking net \129.Y_SB_LUT4_O_I0_SB_LUT4_I2_I1_SB_LUT4_O_1_I2_SB_LUT4_O_1_I3_SB_DFFES_D_Q_SB_LUT4_I3_O_SB_LUT4_I2_O_SB_LUT4_I1_O_SB_DFFES_D_Q[0]
  driver: X5/Y7/lutff_4:out
    -> X5/Y7/local_g3_4
      -> X5/Y7/lutff_5:in_2
        -> X5/Y7/lutff_5:in_0_lut
          => sink 0
  no dangling wires.
checking net \129.Y_SB_LUT4_O_I0_SB_LUT4_I2_I1_SB_LUT4_O_1_I2_SB_LUT4_O_I3
  driver: X5/Y8/lutff_4:out
    -> X4/Y7/local_g2_4
      -> X4/Y7/lutff_7:in_1
        -> X4/Y7/lutff_7:in_3_lut
          => sink 1
    -> X5/Y8/local_g3_4
      -> X5/Y8/lutff_3:in_0
        -> X5/Y8/lutff_3:in_3_lut
          => sink 0
    -> X5/Y8/sp4_v_b_8
      -> X4/Y6/local_g0_3
        -> X4/Y6/lutff_2:in_1
          -> X4/Y6/lutff_2:in_0_lut
            => sink 2
  no dangling wires.
checking net \129.Y_SB_LUT4_O_I0_SB_LUT4_I2_I1_SB_LUT4_O_1_I2_SB_LUT4_O_I2
  driver: X5/Y8/lutff_1:out
    -> X5/Y7/local_g0_1
      -> X5/Y7/lutff_7:in_0
        -> X5/Y7/lutff_7:in_3_lut
          => sink 2
    -> X5/Y8/local_g1_1
      -> X5/Y8/lutff_3:in_1
        -> X5/Y8/lutff_3:in_2_lut
          => sink 0
    -> X6/Y7/local_g3_1
      -> X6/Y7/lutff_4:in_2
        -> X6/Y7/lutff_4:in_0_lut
          => sink 1
  no dangling wires.
checking net \129.Y_SB_LUT4_O_I0_SB_LUT4_I2_I1_SB_LUT4_O_1_I2_SB_LUT4_O_I1
  driver: X5/Y8/lutff_6:out
    -> X6/Y7/local_g2_6
      -> X6/Y7/lutff_1:in_3
        -> X6/Y7/lutff_1:in_3_lut
          => sink 2
    -> X5/Y8/local_g1_6
      -> X5/Y8/lutff_3:in_2
        -> X5/Y8/lutff_3:in_1_lut
          => sink 0
    -> X6/Y9/sp4_v_b_0
      -> X6/Y6/local_g3_5
        -> X6/Y6/lutff_3:in_1
          -> X6/Y6/lutff_3:in_0_lut
            => sink 1
  no dangling wires.
checking net \129.Y_SB_LUT4_O_I0_SB_LUT4_I2_I1_SB_LUT4_O_1_I2_SB_LUT4_O_I0
  driver: X4/Y7/lutff_4:out
    -> X5/Y8/local_g2_4
      -> X5/Y8/lutff_3:in_3
        -> X5/Y8/lutff_3:in_0_lut
          => sink 0
    -> X4/Y7/local_g3_4
      -> X4/Y7/lutff_5:in_0
        -> X4/Y7/lutff_5:in_3_lut
          => sink 2
    -> X4/Y6/local_g1_4
      -> X4/Y6/lutff_4:in_1
        -> X4/Y6/lutff_4:in_0_lut
          => sink 1
  no dangling wires.
checking net \129.Y_SB_LUT4_O_I0_SB_LUT4_I2_I1[2]
  driver: X5/Y8/lutff_7:out
    -> X6/Y9/local_g3_7
      -> X6/Y9/lutff_4:in_2
        -> X6/Y9/lutff_4:in_3_lut
          => sink 4
    -> X6/Y9/sp4_v_b_2
      -> X6/Y9/sp4_h_r_8
        -> X8/Y9/local_g3_0
          -> X8/Y9/lutff_4:in_3
            -> X8/Y9/lutff_4:in_3_lut
              => sink 5
          -> X8/Y9/lutff_1:in_0
            -> X8/Y9/lutff_1:in_3_lut
              => sink 3
          -> X8/Y9/lutff_6:in_3
            -> X8/Y9/lutff_6:in_3_lut
              => sink 1
          -> X8/Y9/lutff_2:in_3
            -> X8/Y9/lutff_2:in_3_lut
              => sink 2
        -> X8/Y9/local_g2_0
          -> X8/Y9/lutff_5:in_1
            -> X8/Y9/lutff_5:in_3_lut
              => sink 8
    -> X4/Y8/sp4_h_r_3
      -> X8/Y8/sp4_h_r_3
        -> X8/Y8/local_g0_3
          -> X8/Y8/lutff_1:in_2
            -> X8/Y8/lutff_1:in_2_lut
              => sink 0
    -> X6/Y9/local_g2_7
      -> X6/Y9/lutff_5:in_2
        -> X6/Y9/lutff_5:in_3_lut
          => sink 7
      -> X6/Y9/lutff_2:in_3
        -> X6/Y9/lutff_2:in_3_lut
          => sink 6
  no dangling wires.
checking net \129.Y_SB_LUT4_O_I0_SB_LUT4_I2_I1_SB_LUT4_O_1_I2[1]
  driver: X5/Y7/lutff_5:out
    -> X5/Y8/local_g1_5
      -> X5/Y8/lutff_7:in_1
        -> X5/Y8/lutff_7:in_3_lut
          => sink 0
  no dangling wires.
checking net \129.Y_SB_LUT4_O_I0_SB_LUT4_I2_I1_SB_LUT4_O_1_I2[0]
  driver: X5/Y8/lutff_3:out
    -> X5/Y8/local_g2_3
      -> X5/Y8/lutff_7:in_2
        -> X5/Y8/lutff_7:in_2_lut
          => sink 0
  no dangling wires.
checking net $PACKER_GND_NET
  net without sinks
checking net \129.Y_SB_LUT4_O_I0_SB_LUT4_I2_I1_SB_LUT4_O_1_I2_SB_LUT4_O_I0_SB_LUT4_I3_O[3]
  driver: X5/Y6/lutff_2:cout
    -> X5/Y6/lutff_3:in_3
      -> X5/Y6/lutff_3:in_3_lut
        => sink 1
  no dangling wires.
checking net \129.Y_SB_LUT4_O_I1_SB_LUT4_I1_O_SB_LUT4_I3_O_SB_DFFES_E_Q_SB_LUT4_I0_O[2]
  driver: X7/Y8/lutff_7:out
    -> X8/Y8/local_g0_7
      -> X8/Y8/lutff_3:in_0
        -> X8/Y8/lutff_3:in_3_lut
          => sink 0
    -> X8/Y9/local_g3_7
      -> X8/Y9/lutff_5:in_3
        -> X8/Y9/lutff_5:in_2_lut
          => sink 1
  no dangling wires.
checking net \129.Y_SB_LUT4_O_I3[0]
  driver: X6/Y8/lutff_7:out
    -> X6/Y8/local_g3_7
      -> X6/Y8/lutff_1:in_1
        -> X6/Y8/lutff_1:in_1_lut
          => sink 0
  no dangling wires.
checking net \129.Y_SB_LUT4_O_I1_SB_LUT4_I1_O_SB_LUT4_I3_O_SB_DFFES_E_4_Q_SB_LUT4_I3_O[3]
  driver: X7/Y8/lutff_2:cout
    -> X7/Y8/lutff_3:in_3
      -> X7/Y8/lutff_3:in_3_lut
        => sink 1
  no dangling wires.
checking net \129.Y_SB_LUT4_O_I0[3]
  driver: X7/Y7/lutff_4:out
    -> X6/Y8/local_g0_4
      -> X6/Y8/lutff_5:in_1
        -> X6/Y8/lutff_5:in_3_lut
          => sink 2
      -> X6/Y8/lutff_3:in_3
        -> X6/Y8/lutff_3:in_3_lut
          => sink 0
    -> X7/Y7/local_g0_4
      -> X7/Y7/lutff_6:in_2
        -> X7/Y7/lutff_6:in_3_lut
          => sink 1
  no dangling wires.
checking net \129.Y_SB_LUT4_O_I0[1]
  driver: X6/Y8/lutff_4:out
    -> X6/Y8/sp4_h_r_8
      -> X8/Y8/local_g3_0
        -> X8/Y8/lutff_1:in_0
          -> X8/Y8/lutff_1:in_0_lut
            => sink 1
    -> X6/Y8/local_g3_4
      -> X6/Y8/lutff_3:in_0
        -> X6/Y8/lutff_3:in_1_lut
          => sink 0
  no dangling wires.
checking net start$SB_IO_IN
  driver: X6/Y17/io_1:D_IN_0
    -> X6/Y17/span12_vert_4
      -> X6/Y8/local_g2_7
        -> X6/Y8/lutff_7:in_0
          -> X6/Y8/lutff_7:in_0_lut
            => sink 1
        -> X6/Y8/lutff_5:in_0
          -> X6/Y8/lutff_5:in_2_lut
            => sink 4
        -> X6/Y8/lutff_3:in_2
          -> X6/Y8/lutff_3:in_0_lut
            => sink 0
        -> X6/Y8/lutff_2:in_1
          -> X6/Y8/lutff_2:in_0_lut
            => sink 3
      -> X6/Y9/local_g3_4
        -> X6/Y9/lutff_6:in_3
          -> X6/Y9/lutff_6:in_0_lut
            => sink 2
  no dangling wires.
checking net start_SB_LUT4_I0_1_O[2]
  driver: X6/Y8/lutff_5:out
    -> X7/Y9/local_g3_5
      -> X7/Y9/lutff_4:in_2
        -> X7/Y9/lutff_4:in_3_lut
          => sink 2
    -> X6/Y8/local_g1_5
      -> X6/Y8/lutff_0:in_2
        -> X6/Y8/lutff_0:in_3_lut
          => sink 0
      -> X6/Y8/lutff_1:in_3
        -> X6/Y8/lutff_1:in_3_lut
          => sink 1
  no dangling wires.
checking net \129.Y_SB_LUT4_O_I0_SB_LUT4_I2_I1_SB_LUT4_O_1_I2_SB_LUT4_O_1_I3_SB_DFFES_D_Q_SB_LUT4_I3_O_SB_CARRY_I1_CO_SB_LUT4_I3_O[0]
  driver: X6/Y7/lutff_2:out
    -> X7/Y7/sp4_v_b_5
      -> X3/Y7/sp4_h_r_10
        -> X4/Y7/local_g1_7
          -> X4/Y7/lutff_3:in_3
            -> X4/Y7/lutff_3:in_0_lut
              => sink 3
          -> X4/Y7/lutff_1:in_3
            -> X4/Y7/lutff_1:in_0_lut
              => sink 4
    -> X5/Y7/sp4_h_r_9
      -> X5/Y7/sp4_v_b_2
        -> X4/Y7/local_g1_2
          -> X4/Y7/lutff_4:in_3
            -> X4/Y7/lutff_4:in_0_lut
              => sink 5
    -> X5/Y7/local_g3_2
      -> X5/Y7/lutff_0:in_3
        -> X5/Y7/lutff_0:in_3_lut
          => sink 6
      -> X5/Y7/lutff_2:in_3
        -> X5/Y7/lutff_2:in_1_lut
          => sink 8
      -> X5/Y7/lutff_3:in_0
        -> X5/Y7/lutff_3:in_0_lut
          => sink 2
      -> X5/Y7/lutff_4:in_3
        -> X5/Y7/lutff_4:in_0_lut
          => sink 1
    -> X5/Y8/local_g1_2
      -> X5/Y8/lutff_4:in_3
        -> X5/Y8/lutff_4:in_1_lut
          => sink 7
    -> X6/Y8/local_g1_2
      -> X6/Y8/lutff_0:in_1
        -> X6/Y8/lutff_0:in_2_lut
          => sink 0
  no dangling wires.
checking net \129.Y_SB_LUT4_O_I1[0]
  driver: X6/Y8/lutff_2:out
    -> X7/Y7/local_g2_2
      -> X7/Y7/lutff_6:in_0
        -> X7/Y7/lutff_6:in_1_lut
          => sink 1
    -> X6/Y8/local_g3_2
      -> X6/Y8/lutff_0:in_3
        -> X6/Y8/lutff_0:in_1_lut
          => sink 0
  no dangling wires.
checking net \129.Y_SB_LUT4_O_I0[2]
  driver: X6/Y7/lutff_0:out
    -> X6/Y8/local_g0_0
      -> X6/Y8/lutff_0:in_0
        -> X6/Y8/lutff_0:in_0_lut
          => sink 0
      -> X6/Y8/lutff_3:in_1
        -> X6/Y8/lutff_3:in_2_lut
          => sink 1
    -> X6/Y8/local_g1_0
      -> X6/Y8/lutff_1:in_0
        -> X6/Y8/lutff_1:in_2_lut
          => sink 2
  no dangling wires.
checking net \129.Y_SB_DFFR_D_Q[1]
  driver: X6/Y8/lutff_1:out
    -> X6/Y8/local_g1_1
      -> X6/Y8/lutff_2:in_2
        -> X6/Y8/lutff_2:in_2_lut
          => sink 12
      -> X6/Y8/lutff_4:in_2
        -> X6/Y8/lutff_4:in_2_lut
          => sink 0
      -> X6/Y8/lutff_7:in_1
        -> X6/Y8/lutff_7:in_2_lut
          => sink 10
    -> X5/Y8/local_g3_1
      -> X5/Y8/lutff_0:in_0
        -> X5/Y8/lutff_0:in_2_lut
          => sink 1
      -> X5/Y8/lutff_2:in_0
        -> X5/Y8/lutff_2:in_2_lut
          => sink 2
    -> X6/Y7/local_g0_1
      -> X6/Y7/lutff_2:in_1
        -> X6/Y7/lutff_2:in_2_lut
          => sink 8
      -> X6/Y7/lutff_3:in_0
        -> X6/Y7/lutff_3:in_2_lut
          => sink 3
      -> X6/Y7/lutff_7:in_2
        -> X6/Y7/lutff_7:in_3_lut
          => sink 9
      -> X6/Y7/lutff_0:in_1
        -> X6/Y7/lutff_0:in_2_lut
          => sink 5
    -> X6/Y9/local_g0_1
      -> X6/Y9/lutff_6:in_1
        -> X6/Y9/lutff_6:in_2_lut
          => sink 11
      -> X6/Y9/lutff_7:in_2
        -> X6/Y9/lutff_7:in_2_lut
          => sink 7
    -> X5/Y9/local_g1_1
      -> X5/Y9/lutff_1:in_3
        -> X5/Y9/lutff_1:in_2_lut
          => sink 4
    -> X7/Y7/local_g3_1
      -> X7/Y7/lutff_5:in_1
        -> X7/Y7/lutff_5:in_1_lut
          => sink 6
  no dangling wires.
checking net \129.Y_SB_LUT4_O_I1_SB_LUT4_I1_O_SB_LUT4_I3_O
  driver: X8/Y8/lutff_1:out
    -> X9/Y9/sp4_v_b_6
      -> X5/Y9/sp4_h_r_11
        -> X7/Y9/local_g3_3
          -> X7/Y9/lutff_global:cen
            => sink 7
    -> X8/Y8/sp4_h_r_2
      -> X8/Y8/local_g0_2
        -> X8/Y8/lutff_global:cen
          => sink 5
  no dangling wires.
checking net \129.Y_SB_DFFR_D_Q[2]
  driver: X6/Y8/lutff_3:out
    -> X6/Y8/local_g3_3
      -> X6/Y8/lutff_2:in_0
        -> X6/Y8/lutff_2:in_3_lut
          => sink 11
      -> X6/Y8/lutff_4:in_0
        -> X6/Y8/lutff_4:in_3_lut
          => sink 0
      -> X6/Y8/lutff_7:in_3
        -> X6/Y8/lutff_7:in_3_lut
          => sink 9
    -> X5/Y8/local_g3_3
      -> X5/Y8/lutff_0:in_2
        -> X5/Y8/lutff_0:in_3_lut
          => sink 1
      -> X5/Y8/lutff_2:in_2
        -> X5/Y8/lutff_2:in_3_lut
          => sink 2
    -> X6/Y7/local_g1_3
      -> X6/Y7/lutff_2:in_2
        -> X6/Y7/lutff_2:in_3_lut
          => sink 8
      -> X6/Y7/lutff_3:in_3
        -> X6/Y7/lutff_3:in_3_lut
          => sink 3
      -> X6/Y7/lutff_0:in_0
        -> X6/Y7/lutff_0:in_3_lut
          => sink 5
    -> X6/Y9/local_g1_3
      -> X6/Y9/lutff_6:in_0
        -> X6/Y9/lutff_6:in_3_lut
          => sink 10
      -> X6/Y9/lutff_7:in_3
        -> X6/Y9/lutff_7:in_3_lut
          => sink 7
    -> X5/Y9/local_g1_3
      -> X5/Y9/lutff_1:in_1
        -> X5/Y9/lutff_1:in_3_lut
          => sink 4
    -> X7/Y7/local_g3_3
      -> X7/Y7/lutff_5:in_3
        -> X7/Y7/lutff_5:in_2_lut
          => sink 6
  no dangling wires.
checking net \129.Y_SB_LUT4_O_I0_SB_LUT4_I2_I1[3]
  driver: X7/Y7/lutff_6:out
    -> X7/Y7/local_g1_6
      -> X7/Y7/lutff_5:in_2
        -> X7/Y7/lutff_5:in_3_lut
          => sink 1
    -> X8/Y8/local_g2_6
      -> X8/Y8/lutff_1:in_3
        -> X8/Y8/lutff_1:in_3_lut
          => sink 0
  no dangling wires.
checking net reset$SB_IO_IN
  driver: X5/Y17/io_1:D_IN_0
    -> X5/Y17/span4_horz_r_2
      -> X6/Y17/local_g1_6
        -> X6/Y17/fabout
          => sink 0
  no dangling wires.
checking net start_SB_LUT4_I0_1_O[1]
  driver: X6/Y8/lutff_0:out
    -> X6/Y7/local_g1_0
      -> X6/Y7/lutff_2:in_3
        -> X6/Y7/lutff_2:in_1_lut
          => sink 8
      -> X6/Y7/lutff_7:in_0
        -> X6/Y7/lutff_7:in_2_lut
          => sink 9
      -> X6/Y7/lutff_3:in_2
        -> X6/Y7/lutff_3:in_1_lut
          => sink 3
    -> X6/Y8/local_g3_0
      -> X6/Y8/lutff_4:in_3
        -> X6/Y8/lutff_4:in_1_lut
          => sink 0
      -> X6/Y8/lutff_2:in_3
        -> X6/Y8/lutff_2:in_1_lut
          => sink 13
      -> X6/Y8/lutff_7:in_2
        -> X6/Y8/lutff_7:in_1_lut
          => sink 11
    -> X5/Y8/local_g3_0
      -> X5/Y8/lutff_2:in_1
        -> X5/Y8/lutff_2:in_1_lut
          => sink 2
      -> X5/Y8/lutff_0:in_3
        -> X5/Y8/lutff_0:in_1_lut
          => sink 1
    -> X6/Y8/sp4_h_r_0
      -> X8/Y8/local_g2_0
        -> X8/Y8/lutff_1:in_1
          -> X8/Y8/lutff_1:in_1_lut
            => sink 6
    -> X6/Y9/local_g0_0
      -> X6/Y9/lutff_6:in_2
        -> X6/Y9/lutff_6:in_1_lut
          => sink 12
      -> X6/Y9/lutff_7:in_1
        -> X6/Y9/lutff_7:in_1_lut
          => sink 7
    -> X7/Y7/local_g3_0
      -> X7/Y7/lutff_6:in_3
        -> X7/Y7/lutff_6:in_2_lut
          => sink 5
    -> X5/Y9/local_g1_0
      -> X5/Y9/lutff_1:in_0
        -> X5/Y9/lutff_1:in_1_lut
          => sink 4
    -> X7/Y9/local_g3_0
      -> X7/Y9/lutff_4:in_1
        -> X7/Y9/lutff_4:in_2_lut
          => sink 10
  no dangling wires.
checking net \129.Y_SB_LUT4_O_I2_SB_LUT4_O_I2_SB_LUT4_O_I3
  driver: X4/Y6/lutff_2:out
    -> X4/Y6/local_g1_2
      -> X4/Y6/lutff_7:in_2
        -> X4/Y6/lutff_7:in_3_lut
          => sink 0
  no dangling wires.
checking net clock$SB_IO_IN
  driver: X0/Y8/io_1:D_IN_0
    -> X0/Y9/span4_vert_b_2
      -> X0/Y8/local_g1_6
        -> X0/Y8/fabout
          => sink 0
  no dangling wires.
Info: Checksum: 0xc57efc2c
Clock 'clock$SB_IO_IN_$glb_clk' can be driven by:
 clock$sb_io.D_IN_0 delay 0.617ns

Info: Critical path report for clock 'clock$SB_IO_IN_$glb_clk' (posedge -> posedge):
Info:       type curr  total name
Info:   clk-to-q  0.54  0.54 Source \129.Y_SB_LUT4_O_I0_SB_LUT4_I2_I1_SB_LUT4_O_1_I2_SB_LUT4_O_1_I3_SB_DFFES_Q_D_SB_LUT4_O_LC.O
Info:    routing  0.90  1.44 Net \129.Y_SB_LUT4_O_I0_SB_LUT4_I2_I1_SB_LUT4_O_1_I2_SB_LUT4_O_1_I3 (4,7) -> (5,7)
Info:                          Sink \129.Y_SB_LUT4_O_I0_SB_LUT4_I2_I1_SB_LUT4_O_1_I2_SB_LUT4_O_1_LC.I3
Info:                          Defined in:
Info:                               /usr/local/bin/../share/yosys/ice40/cells_map.v:6.21-6.22
Info:      logic  0.31  1.76 Source \129.Y_SB_LUT4_O_I0_SB_LUT4_I2_I1_SB_LUT4_O_1_I2_SB_LUT4_O_1_LC.O
Info:    routing  0.59  2.35 Net \129.Y_SB_LUT4_O_I0_SB_LUT4_I2_I1_SB_LUT4_O_1_I2[1] (5,7) -> (5,8)
Info:                          Sink \129.Y_SB_LUT4_O_I0_SB_LUT4_I2_I1_SB_LUT4_O_1_LC.I3
Info:                          Defined in:
Info:                               /usr/local/bin/../share/yosys/ice40/cells_map.v:6.21-6.22
Info:      logic  0.31  2.66 Source \129.Y_SB_LUT4_O_I0_SB_LUT4_I2_I1_SB_LUT4_O_1_LC.O
Info:    routing  1.22  3.88 Net \129.Y_SB_LUT4_O_I0_SB_LUT4_I2_I1[2] (5,8) -> (8,8)
Info:                          Sink \129.Y_SB_LUT4_O_I1_SB_LUT4_I1_O_SB_LUT4_I3_LC.I2
Info:                          Defined in:
Info:                               /usr/local/bin/../share/yosys/ice40/cells_map.v:6.21-6.22
Info:      logic  0.38  4.26 Source \129.Y_SB_LUT4_O_I1_SB_LUT4_I1_O_SB_LUT4_I3_LC.O
Info:    routing  1.62  5.88 Net \129.Y_SB_LUT4_O_I1_SB_LUT4_I1_O_SB_LUT4_I3_O (8,8) -> (7,9)
Info:                          Sink \129.Y_SB_LUT4_O_I1_SB_LUT4_I1_O_SB_LUT4_I3_O_SB_DFFES_E_2_D_SB_LUT4_O_LC.CEN
Info:                          Defined in:
Info:                               /usr/local/bin/../share/yosys/ice40/ff_map.v:15.63-15.116
Info:                               /usr/local/bin/../share/yosys/ice40/cells_sim.v:797.8-797.9
Info:      setup  0.10  5.97 Source \129.Y_SB_LUT4_O_I1_SB_LUT4_I1_O_SB_LUT4_I3_O_SB_DFFES_E_2_D_SB_LUT4_O_LC.CEN
Info: 1.65 ns logic, 4.33 ns routing

Info: Critical path report for cross-domain path '<async>' -> 'posedge clock$SB_IO_IN_$glb_clk':
Info:       type curr  total name
Info:     source  0.00  0.00 Source start$sb_io.D_IN_0
Info:    routing  1.13  1.13 Net start$SB_IO_IN (6,17) -> (6,8)
Info:                          Sink start_SB_LUT4_I0_2_LC.I0
Info:                          Defined in:
Info:                               /usr/local/bin/../share/yosys/ice40/cells_map.v:6.21-6.22
Info:      logic  0.45  1.58 Source start_SB_LUT4_I0_2_LC.O
Info:    routing  0.59  2.16 Net \129.Y_SB_LUT4_O_I1[0] (6,8) -> (7,7)
Info:                          Sink \129.Y_SB_LUT4_O_I1_SB_LUT4_I1_LC.I1
Info:                          Defined in:
Info:                               /usr/local/bin/../share/yosys/ice40/cells_map.v:6.21-6.22
Info:      logic  0.40  2.56 Source \129.Y_SB_LUT4_O_I1_SB_LUT4_I1_LC.O
Info:    routing  0.59  3.15 Net \129.Y_SB_LUT4_O_I0_SB_LUT4_I2_I1[3] (7,7) -> (7,7)
Info:                          Sink \129.Y_SB_LUT4_O_I1_SB_LUT4_I1_O_SB_LUT4_I3_1_LC.I3
Info:                          Defined in:
Info:                               /usr/local/bin/../share/yosys/ice40/cells_map.v:6.21-6.22
Info:      logic  0.31  3.47 Source \129.Y_SB_LUT4_O_I1_SB_LUT4_I1_O_SB_LUT4_I3_1_LC.O
Info:    routing  1.62  5.08 Net \129.Y_SB_LUT4_O_I1_SB_LUT4_I1_O_SB_LUT4_I3_1_O (7,7) -> (7,6)
Info:                          Sink \129.Y_SB_LUT4_O_I1_SB_LUT4_I1_O_SB_LUT4_I3_1_O_SB_DFFES_E_DFFLC.CEN
Info:                          Defined in:
Info:                               /usr/local/bin/../share/yosys/ice40/ff_map.v:15.63-15.116
Info:                               /usr/local/bin/../share/yosys/ice40/cells_sim.v:797.8-797.9
Info:      setup  0.10  5.18 Source \129.Y_SB_LUT4_O_I1_SB_LUT4_I1_O_SB_LUT4_I3_1_O_SB_DFFES_E_DFFLC.CEN
Info: 1.26 ns logic, 3.92 ns routing

Info: Critical path report for cross-domain path 'posedge clock$SB_IO_IN_$glb_clk' -> '<async>':
Info:       type curr  total name
Info:   clk-to-q  0.54  0.54 Source \129.Y_SB_LUT4_O_I1_SB_LUT4_I1_O_SB_LUT4_I3_O_SB_DFFES_E_4_Q_SB_LUT4_I0_LC.O
Info:    routing  1.97  2.51 Net punti_retta[3]$SB_IO_OUT (6,9) -> (5,17)
Info:                          Sink punti_retta[3]$sb_io.D_OUT_0
Info: 0.54 ns logic, 1.97 ns routing

Info: Max frequency for clock 'clock$SB_IO_IN_$glb_clk': 167.36 MHz (PASS at 12.00 MHz)

Info: Max delay <async>                         -> posedge clock$SB_IO_IN_$glb_clk: 5.18 ns
Info: Max delay posedge clock$SB_IO_IN_$glb_clk -> <async>                        : 2.51 ns

Info: Slack histogram:
Info:  legend: * represents 1 endpoint(s)
Info:          + represents [1,1) endpoint(s)
Info: [ 77358,  77581) |***************** 
Info: [ 77581,  77804) |**** 
Info: [ 77804,  78027) | 
Info: [ 78027,  78250) |* 
Info: [ 78250,  78473) |** 
Info: [ 78473,  78696) |** 
Info: [ 78696,  78919) |******** 
Info: [ 78919,  79142) |************** 
Info: [ 79142,  79365) |******* 
Info: [ 79365,  79588) |****** 
Info: [ 79588,  79811) |**** 
Info: [ 79811,  80034) |******** 
Info: [ 80034,  80257) |******************** 
Info: [ 80257,  80480) |******** 
Info: [ 80480,  80703) |***** 
Info: [ 80703,  80926) |************************ 
Info: [ 80926,  81149) |* 
Info: [ 81149,  81372) |**** 
Info: [ 81372,  81595) | 
Info: [ 81595,  81818) |************* 
1 warning, 0 errors

Info: Program finished normally.
