Warning: Use of default value for --package is deprecated. Please add '--package ' to arguments.
Info: constrained 'led1' to bel 'X13/Y12/io1'
Info: constrained 'led2' to bel 'X13/Y12/io0'
Info: constrained 'led3' to bel 'X13/Y11/io1'
Info: constrained 'led4' to bel 'X13/Y11/io0'
Info: constrained 'led5' to bel 'X13/Y9/io1'
Info: constrained 'clki' to bel 'X0/Y8/io1'

Info: Packing constants..
Info: Packing IOs..
Info: Packing LUT-FFs..
Info:        4 LCs used as LUT4 only
Info:       26 LCs used as LUT4 and DFF
Info: Packing non-LUT FFs..
Info:        5 LCs used as DFF only
Info: Packing carries..
Info:        0 LCs used as CARRY only
Info: Packing indirect carry+LUT pairs...
Info:        0 LUTs merged into carry LCs
Info: Packing RAMs..
Info: Placing PLLs..
Info: Packing special functions..
Info: Packing PLLs..
Info: Promoting globals..
Info: Constraining chains...
Info:        1 LCs used to legalise carry chains.
Info: Checksum: 0x982b2f41

Info: Device utilisation:
Info: 	         ICESTORM_LC:      38/   1280     2%
Info: 	        ICESTORM_RAM:       0/     16     0%
Info: 	               SB_IO:       6/    112     5%
Info: 	               SB_GB:       1/      8    12%
Info: 	        ICESTORM_PLL:       0/      1     0%
Info: 	         SB_WARMBOOT:       0/      1     0%

Info: Placed 6 cells based on constraints.
Info: Creating initial analytic placement for 12 cells, random placement wirelen = 185.
Info:     at initial placer iter 0, wirelen = 9
Info:     at initial placer iter 1, wirelen = 10
Info:     at initial placer iter 2, wirelen = 9
Info:     at initial placer iter 3, wirelen = 10
Info: Running main analytical placer, max placement attempts per cell = 10000.
Info:     at iteration #1, type ICESTORM_LC: wirelen solved = 9, spread = 12, legal = 23; time = 0.00s
Info:     at iteration #1, type SB_GB: wirelen solved = 23, spread = 23, legal = 23; time = 0.00s
Info:     at iteration #1, type ALL: wirelen solved = 16, spread = 36, legal = 36; time = 0.00s
Info:     at iteration #2, type ICESTORM_LC: wirelen solved = 15, spread = 31, legal = 32; time = 0.00s
Info:     at iteration #2, type SB_GB: wirelen solved = 32, spread = 32, legal = 32; time = 0.00s
Info:     at iteration #2, type ALL: wirelen solved = 15, spread = 31, legal = 32; time = 0.00s
Info:     at iteration #3, type ICESTORM_LC: wirelen solved = 17, spread = 34, legal = 35; time = 0.00s
Info:     at iteration #3, type SB_GB: wirelen solved = 35, spread = 35, legal = 35; time = 0.00s
Info:     at iteration #3, type ALL: wirelen solved = 16, spread = 34, legal = 36; time = 0.00s
Info:     at iteration #4, type ICESTORM_LC: wirelen solved = 16, spread = 34, legal = 36; time = 0.00s
Info:     at iteration #4, type SB_GB: wirelen solved = 36, spread = 36, legal = 36; time = 0.00s
Info:     at iteration #4, type ALL: wirelen solved = 16, spread = 34, legal = 35; time = 0.00s
Info:     at iteration #5, type ICESTORM_LC: wirelen solved = 16, spread = 36, legal = 37; time = 0.00s
Info:     at iteration #5, type SB_GB: wirelen solved = 37, spread = 37, legal = 37; time = 0.00s
Info:     at iteration #5, type ALL: wirelen solved = 16, spread = 36, legal = 38; time = 0.00s
Info:     at iteration #6, type ICESTORM_LC: wirelen solved = 21, spread = 40, legal = 42; time = 0.00s
Info:     at iteration #6, type SB_GB: wirelen solved = 42, spread = 42, legal = 42; time = 0.00s
Info:     at iteration #6, type ALL: wirelen solved = 21, spread = 40, legal = 41; time = 0.00s
Info:     at iteration #7, type ICESTORM_LC: wirelen solved = 26, spread = 41, legal = 42; time = 0.00s
Info:     at iteration #7, type SB_GB: wirelen solved = 42, spread = 42, legal = 42; time = 0.00s
Info:     at iteration #7, type ALL: wirelen solved = 26, spread = 41, legal = 42; time = 0.00s
Info: HeAP Placer Time: 0.02s
Info:   of which solving equations: 0.01s
Info:   of which spreading cells: 0.00s
Info:   of which strict legalisation: 0.00s

Info: Running simulated annealing placer for refinement.
Info:   at iteration #1: temp = 0.000000, timing cost = 4, wirelen = 32
Info:   at iteration #5: temp = 0.000000, timing cost = 4, wirelen = 22
Info:   at iteration #10: temp = 0.000000, timing cost = 4, wirelen = 22
Info:   at iteration #10: temp = 0.000000, timing cost = 4, wirelen = 22 
Info: SA placement time 0.01s

Info: Max frequency for clock 'clk': 181.95 MHz (PASS at 12.00 MHz)

Info: Max delay posedge clk -> <async>: 2.59 ns

Info: Slack histogram:
Info:  legend: * represents 1 endpoint(s)
Info:          + represents [1,1) endpoint(s)
Info: [ 77837,  78039) |** 
Info: [ 78039,  78241) |** 
Info: [ 78241,  78443) |**** 
Info: [ 78443,  78645) |** 
Info: [ 78645,  78847) |**** 
Info: [ 78847,  79049) |** 
Info: [ 79049,  79251) |* 
Info: [ 79251,  79453) |** 
Info: [ 79453,  79655) |**** 
Info: [ 79655,  79857) |*** 
Info: [ 79857,  80059) |*** 
Info: [ 80059,  80261) |*** 
Info: [ 80261,  80463) |** 
Info: [ 80463,  80665) |* 
Info: [ 80665,  80867) |*** 
Info: [ 80867,  81069) |*** 
Info: [ 81069,  81271) |*** 
Info: [ 81271,  81473) |*** 
Info: [ 81473,  81675) |* 
Info: [ 81675,  81877) |******** 
Info: Checksum: 0x1b3b19b5

Info: Routing..
Info: Setting up routing queue.
Info: Routing 103 arcs.
Info: Start my_master
Info: - Start my_global_router_start all arcs
Info: - End my_global_router_start
Info: 

WHILE Round 1
Info: ARC COUNT 1
Info: -- Start my_global_router one arc
Info: my_global_router start with net counter_SB_DFF_Q_2_D_SB_LUT4_O_I3 and constant value 
Info: name of source wire X11/Y9/lutff_6:cout
 destination wire X11/Y9/lutff_6:cout 
Info: source wire is destination wire -> No routing needed
Info: -- End my_global_router
Info: -- Returned delay 0.000000
Info: -- global tuples read out
Info: -- Start my_local_router one arc
Info: -- End my_local_router
Info: ARC COUNT 2
Info: -- Start my_global_router one arc
Info: my_global_router start with net counter_SB_DFF_Q_15_D_SB_LUT4_O_I3 and constant value 
Info: name of source wire X11/Y8/lutff_1:cout
 destination wire X11/Y8/lutff_1:cout 
Info: source wire is destination wire -> No routing needed
Info: -- End my_global_router
Info: -- Returned delay 0.000000
Info: -- global tuples read out
Info: -- Start my_local_router one arc
Info: -- End my_local_router
Info: ARC COUNT 3
Info: -- Start my_global_router one arc
Info: my_global_router start with net counter_SB_DFF_Q_17_D_SB_LUT4_O_I3 and constant value 
Info: name of source wire X11/Y7/lutff_7:cout
 destination wire X11/Y8/carry_in_mux 
Info: -- End my_global_router
Info: -- Returned delay 0.850000
Info: -- global tuples read out
Info: -- Start my_local_router one arc
Info: -- End my_local_router
Info: ARC COUNT 4
Info: -- Start my_global_router one arc
Info: my_global_router start with net counter_SB_DFF_Q_D_SB_LUT4_O_I3 and constant value 
Info: name of source wire X11/Y10/lutff_0:cout
 destination wire X11/Y10/lutff_1:in_3_lut 
Info: -- End my_global_router
Info: -- Returned delay 0.850000
Info: -- global tuples read out
Info: -- Start my_local_router one arc
Info: -- End my_local_router
Info: ARC COUNT 5
Info: -- Start my_global_router one arc
Info: my_global_router start with net counter_SB_DFF_Q_20_D_SB_LUT4_O_I3 and constant value 
Info: name of source wire X11/Y7/lutff_4:cout
 destination wire X11/Y7/lutff_4:cout 
Info: source wire is destination wire -> No routing needed
Info: -- End my_global_router
Info: -- Returned delay 0.000000
Info: -- global tuples read out
Info: -- Start my_local_router one arc
Info: -- End my_local_router
Info: ARC COUNT 6
Info: -- Start my_global_router one arc
Info: my_global_router start with net counter_SB_DFF_Q_6_D_SB_LUT4_O_I3 and constant value 
Info: name of source wire X11/Y9/lutff_2:cout
 destination wire X11/Y9/lutff_2:cout 
Info: source wire is destination wire -> No routing needed
Info: -- End my_global_router
Info: -- Returned delay 0.000000
Info: -- global tuples read out
Info: -- Start my_local_router one arc
Info: -- End my_local_router
Info: ARC COUNT 7
Info: -- Start my_global_router one arc
Info: my_global_router start with net counter_SB_DFF_Q_10_D_SB_LUT4_O_I3 and constant value 
Info: name of source wire X11/Y8/lutff_6:cout
 destination wire X11/Y8/lutff_6:cout 
Info: source wire is destination wire -> No routing needed
Info: -- End my_global_router
Info: -- Returned delay 0.000000
Info: -- global tuples read out
Info: -- Start my_local_router one arc
Info: -- End my_local_router
Info: ARC COUNT 8
Info: -- Start my_global_router one arc
Info: my_global_router start with net counter_SB_DFF_Q_13_D_SB_LUT4_O_I3 and constant value 
Info: name of source wire X11/Y8/lutff_3:cout
 destination wire X11/Y8/lutff_3:cout 
Info: source wire is destination wire -> No routing needed
Info: -- End my_global_router
Info: -- Returned delay 0.000000
Info: -- global tuples read out
Info: -- Start my_local_router one arc
Info: -- End my_local_router
Info: ARC COUNT 9
Info: -- Start my_global_router one arc
Info: my_global_router start with net counter_SB_DFF_Q_23_D_SB_LUT4_O_I3 and constant value 
Info: name of source wire X11/Y7/lutff_1:cout
 destination wire X11/Y7/lutff_1:cout 
Info: source wire is destination wire -> No routing needed
Info: -- End my_global_router
Info: -- Returned delay 0.000000
Info: -- global tuples read out
Info: -- Start my_local_router one arc
Info: -- End my_local_router
Info: ARC COUNT 10
Info: -- Start my_global_router one arc
Info: my_global_router start with net counter[0] and constant value 
Info: name of source wire X11/Y6/lutff_4:out
 destination wire X11/Y7/lutff_0:in_1_lut 
Info: -- End my_global_router
Info: -- Returned delay 1.450000
Info: -- global tuples read out
Info: -- Start my_local_router one arc
Info: -- End my_local_router
Info: ARC COUNT 11
Info: -- Start my_global_router one arc
Info: my_global_router start with net counter_SB_DFF_Q_18_D_SB_LUT4_O_I3 and constant value 
Info: name of source wire X11/Y7/lutff_6:cout
 destination wire X11/Y7/lutff_6:cout 
Info: source wire is destination wire -> No routing needed
Info: -- End my_global_router
Info: -- Returned delay 0.000000
Info: -- global tuples read out
Info: -- Start my_local_router one arc
Info: -- End my_local_router
Info: ARC COUNT 12
Info: -- Start my_global_router one arc
Info: my_global_router start with net counter_SB_DFF_Q_12_D_SB_LUT4_O_I3 and constant value 
Info: name of source wire X11/Y8/lutff_4:cout
 destination wire X11/Y8/lutff_4:cout 
Info: source wire is destination wire -> No routing needed
Info: -- End my_global_router
Info: -- Returned delay 0.000000
Info: -- global tuples read out
Info: -- Start my_local_router one arc
Info: -- End my_local_router
Info: ARC COUNT 13
Info: -- Start my_global_router one arc
Info: my_global_router start with net counter_SB_DFF_Q_3_D_SB_LUT4_O_I3 and constant value 
Info: name of source wire X11/Y9/lutff_5:cout
 destination wire X11/Y9/lutff_5:cout 
Info: source wire is destination wire -> No routing needed
Info: -- End my_global_router
Info: -- Returned delay 0.000000
Info: -- global tuples read out
Info: -- Start my_local_router one arc
Info: -- End my_local_router
Info: ARC COUNT 14
Info: -- Start my_global_router one arc
Info: my_global_router start with net counter_SB_DFF_Q_4_D_SB_LUT4_O_I3 and constant value 
Info: name of source wire X11/Y9/lutff_4:cout
 destination wire X11/Y9/lutff_4:cout 
Info: source wire is destination wire -> No routing needed
Info: -- End my_global_router
Info: -- Returned delay 0.000000
Info: -- global tuples read out
Info: -- Start my_local_router one arc
Info: -- End my_local_router
Info: ARC COUNT 15
Info: -- Start my_global_router one arc
Info: my_global_router start with net counter_SB_DFF_Q_16_D_SB_LUT4_O_I3 and constant value 
Info: name of source wire X11/Y8/lutff_0:cout
 destination wire X11/Y8/lutff_0:cout 
Info: source wire is destination wire -> No routing needed
Info: -- End my_global_router
Info: -- Returned delay 0.000000
Info: -- global tuples read out
Info: -- Start my_local_router one arc
Info: -- End my_local_router
Info: ARC COUNT 16
Info: -- Start my_global_router one arc
Info: my_global_router start with net counter_SB_DFF_Q_9_D_SB_LUT4_O_I3 and constant value 
Info: name of source wire X11/Y8/lutff_7:cout
 destination wire X11/Y9/carry_in_mux 
Info: -- End my_global_router
Info: -- Returned delay 0.850000
Info: -- global tuples read out
Info: -- Start my_local_router one arc
Info: -- End my_local_router
Info: ARC COUNT 17
Info: -- Start my_global_router one arc
Info: my_global_router start with net counter_SB_DFF_Q_8_D_SB_LUT4_O_I3 and constant value 
Info: name of source wire X11/Y9/lutff_0:cout
 destination wire X11/Y9/lutff_0:cout 
Info: source wire is destination wire -> No routing needed
Info: -- End my_global_router
Info: -- Returned delay 0.000000
Info: -- global tuples read out
Info: -- Start my_local_router one arc
Info: -- End my_local_router
Info: ARC COUNT 18
Info: -- Start my_global_router one arc
Info: my_global_router start with net counter_SB_DFF_Q_5_D_SB_LUT4_O_I3 and constant value 
Info: name of source wire X11/Y9/lutff_3:cout
 destination wire X11/Y9/lutff_3:cout 
Info: source wire is destination wire -> No routing needed
Info: -- End my_global_router
Info: -- Returned delay 0.000000
Info: -- global tuples read out
Info: -- Start my_local_router one arc
Info: -- End my_local_router
Info: ARC COUNT 19
Info: -- Start my_global_router one arc
Info: my_global_router start with net counter_SB_DFF_Q_1_D_SB_LUT4_O_I3 and constant value 
Info: name of source wire X11/Y9/lutff_7:cout
 destination wire X11/Y10/carry_in_mux 
Info: -- End my_global_router
Info: -- Returned delay 0.850000
Info: -- global tuples read out
Info: -- Start my_local_router one arc
Info: -- End my_local_router
Info: ARC COUNT 20
Info: -- Start my_global_router one arc
Info: my_global_router start with net counter_SB_DFF_Q_22_D_SB_LUT4_O_I3 and constant value 
Info: name of source wire X11/Y7/lutff_2:cout
 destination wire X11/Y7/lutff_2:cout 
Info: source wire is destination wire -> No routing needed
Info: -- End my_global_router
Info: -- Returned delay 0.000000
Info: -- global tuples read out
Info: -- Start my_local_router one arc
Info: -- End my_local_router
Info: ARC COUNT 21
Info: -- Start my_global_router one arc
Info: my_global_router start with net counter_SB_DFF_Q_14_D_SB_LUT4_O_I3 and constant value 
Info: name of source wire X11/Y8/lutff_2:cout
 destination wire X11/Y8/lutff_2:cout 
Info: source wire is destination wire -> No routing needed
Info: -- End my_global_router
Info: -- Returned delay 0.000000
Info: -- global tuples read out
Info: -- Start my_local_router one arc
Info: -- End my_local_router
Info: ARC COUNT 22
Info: -- Start my_global_router one arc
Info: my_global_router start with net counter_SB_DFF_Q_7_D_SB_LUT4_O_I3 and constant value 
Info: name of source wire X11/Y9/lutff_1:cout
 destination wire X11/Y9/lutff_1:cout 
Info: source wire is destination wire -> No routing needed
Info: -- End my_global_router
Info: -- Returned delay 0.000000
Info: -- global tuples read out
Info: -- Start my_local_router one arc
Info: -- End my_local_router
Info: ARC COUNT 23
Info: -- Start my_global_router one arc
Info: my_global_router start with net counter_SB_DFF_Q_19_D_SB_LUT4_O_I3 and constant value 
Info: name of source wire X11/Y7/lutff_5:cout
 destination wire X11/Y7/lutff_5:cout 
Info: source wire is destination wire -> No routing needed
Info: -- End my_global_router
Info: -- Returned delay 0.000000
Info: -- global tuples read out
Info: -- Start my_local_router one arc
Info: -- End my_local_router
Info: ARC COUNT 24
Info: -- Start my_global_router one arc
Info: my_global_router start with net counter_SB_DFF_Q_11_D_SB_LUT4_O_I3 and constant value 
Info: name of source wire X11/Y8/lutff_5:cout
 destination wire X11/Y8/lutff_5:cout 
Info: source wire is destination wire -> No routing needed
Info: -- End my_global_router
Info: -- Returned delay 0.000000
Info: -- global tuples read out
Info: -- Start my_local_router one arc
Info: -- End my_local_router
Info: ARC COUNT 25
Info: -- Start my_global_router one arc
Info: my_global_router start with net $nextpnr_ICESTORM_LC_0$O and constant value 
Info: name of source wire X11/Y7/lutff_0:cout
 destination wire X11/Y7/lutff_0:cout 
Info: source wire is destination wire -> No routing needed
Info: -- End my_global_router
Info: -- Returned delay 0.000000
Info: -- global tuples read out
Info: -- Start my_local_router one arc
Info: -- End my_local_router
Info: ARC COUNT 26
Info: -- Start my_global_router one arc
Info: my_global_router start with net counter_SB_DFF_Q_21_D_SB_LUT4_O_I3 and constant value 
Info: name of source wire X11/Y7/lutff_3:cout
 destination wire X11/Y7/lutff_3:cout 
Info: source wire is destination wire -> No routing needed
Info: -- End my_global_router
Info: -- Returned delay 0.000000
Info: -- global tuples read out
Info: -- Start my_local_router one arc
Info: -- End my_local_router
Info: ARC COUNT 27
Info: -- Start my_global_router one arc
Info: my_global_router start with net counter_SB_DFF_Q_1_D_SB_LUT4_O_I3 and constant value 
Info: name of source wire X11/Y9/lutff_7:cout
 destination wire X11/Y10/lutff_0:in_3_lut 
Info: -- End my_global_router
Info: -- Returned delay 1.450000
Info: -- global tuples read out
Info: -- Start my_local_router one arc
Info: -- End my_local_router
Info: ARC COUNT 28
Info: -- Start my_global_router one arc
Info: my_global_router start with net counter[1] and constant value 
Info: name of source wire X11/Y7/lutff_1:out
 destination wire X11/Y7/lutff_1:in_2_lut 
Info: -- End my_global_router
Info: -- Returned delay 0.700000
Info: -- global tuples read out
Info: -- Start my_local_router one arc
Info: -- End my_local_router
Info: ARC COUNT 29
Info: -- Start my_global_router one arc
Info: my_global_router start with net counter[2] and constant value 
Info: name of source wire X11/Y7/lutff_2:out
 destination wire X11/Y7/lutff_2:in_2_lut 
Info: -- End my_global_router
Info: -- Returned delay 1.150000
Info: -- global tuples read out
Info: -- Start my_local_router one arc
Info: -- End my_local_router
Info: ARC COUNT 30
Info: -- Start my_global_router one arc
Info: my_global_router start with net counter_SB_DFF_Q_2_D_SB_LUT4_O_I3 and constant value 
Info: name of source wire X11/Y9/lutff_6:cout
 destination wire X11/Y9/lutff_7:in_3_lut 
Info: -- End my_global_router
Info: -- Returned delay 0.850000
Info: -- global tuples read out
Info: -- Start my_local_router one arc
Info: -- End my_local_router
Info: ARC COUNT 31
Info: -- Start my_global_router one arc
Info: my_global_router start with net counter[3] and constant value 
Info: name of source wire X11/Y7/lutff_3:out
 destination wire X11/Y7/lutff_3:in_2_lut 
Info: -- End my_global_router
Info: -- Returned delay 0.700000
Info: -- global tuples read out
Info: -- Start my_local_router one arc
Info: -- End my_local_router
Info: ARC COUNT 32
Info: -- Start my_global_router one arc
Info: my_global_router start with net counter_SB_DFF_Q_3_D_SB_LUT4_O_I3 and constant value 
Info: name of source wire X11/Y9/lutff_5:cout
 destination wire X11/Y9/lutff_6:in_3_lut 
Info: -- End my_global_router
Info: -- Returned delay 0.850000
Info: -- global tuples read out
Info: -- Start my_local_router one arc
Info: -- End my_local_router
Info: ARC COUNT 33
Info: -- Start my_global_router one arc
Info: my_global_router start with net counter[4] and constant value 
Info: name of source wire X11/Y7/lutff_4:out
 destination wire X11/Y7/lutff_4:in_2_lut 
Info: -- End my_global_router
Info: -- Returned delay 1.150000
Info: -- global tuples read out
Info: -- Start my_local_router one arc
Info: -- End my_local_router
Info: ARC COUNT 34
Info: -- Start my_global_router one arc
Info: my_global_router start with net counter_SB_DFF_Q_4_D_SB_LUT4_O_I3 and constant value 
Info: name of source wire X11/Y9/lutff_4:cout
 destination wire X11/Y9/lutff_5:in_3_lut 
Info: -- End my_global_router
Info: -- Returned delay 0.850000
Info: -- global tuples read out
Info: -- Start my_local_router one arc
Info: -- End my_local_router
Info: ARC COUNT 35
Info: -- Start my_global_router one arc
Info: my_global_router start with net counter[5] and constant value 
Info: name of source wire X11/Y7/lutff_5:out
 destination wire X11/Y7/lutff_5:in_2_lut 
Info: -- End my_global_router
Info: -- Returned delay 0.700000
Info: -- global tuples read out
Info: -- Start my_local_router one arc
Info: -- End my_local_router
Info: ARC COUNT 36
Info: -- Start my_global_router one arc
Info: my_global_router start with net counter_SB_DFF_Q_5_D_SB_LUT4_O_I3 and constant value 
Info: name of source wire X11/Y9/lutff_3:cout
 destination wire X11/Y9/lutff_4:in_3_lut 
Info: -- End my_global_router
Info: -- Returned delay 0.850000
Info: -- global tuples read out
Info: -- Start my_local_router one arc
Info: -- End my_local_router
Info: ARC COUNT 37
Info: -- Start my_global_router one arc
Info: my_global_router start with net counter[6] and constant value 
Info: name of source wire X11/Y7/lutff_6:out
 destination wire X11/Y7/lutff_6:in_2_lut 
Info: -- End my_global_router
Info: -- Returned delay 1.150000
Info: -- global tuples read out
Info: -- Start my_local_router one arc
Info: -- End my_local_router
Info: ARC COUNT 38
Info: -- Start my_global_router one arc
Info: my_global_router start with net counter_SB_DFF_Q_6_D_SB_LUT4_O_I3 and constant value 
Info: name of source wire X11/Y9/lutff_2:cout
 destination wire X11/Y9/lutff_3:in_3_lut 
Info: -- End my_global_router
Info: -- Returned delay 0.850000
Info: -- global tuples read out
Info: -- Start my_local_router one arc
Info: -- End my_local_router
Info: ARC COUNT 39
Info: -- Start my_global_router one arc
Info: my_global_router start with net counter[7] and constant value 
Info: name of source wire X11/Y7/lutff_7:out
 destination wire X11/Y7/lutff_7:in_2_lut 
Info: -- End my_global_router
Info: -- Returned delay 0.700000
Info: -- global tuples read out
Info: -- Start my_local_router one arc
Info: -- End my_local_router
Info: ARC COUNT 40
Info: -- Start my_global_router one arc
Info: my_global_router start with net counter_SB_DFF_Q_7_D_SB_LUT4_O_I3 and constant value 
Info: name of source wire X11/Y9/lutff_1:cout
 destination wire X11/Y9/lutff_2:in_3_lut 
Info: -- End my_global_router
Info: -- Returned delay 0.850000
Info: -- global tuples read out
Info: -- Start my_local_router one arc
Info: -- End my_local_router
Info: ARC COUNT 41
Info: -- Start my_global_router one arc
Info: my_global_router start with net counter_SB_DFF_Q_8_D_SB_LUT4_O_I3 and constant value 
Info: name of source wire X11/Y9/lutff_0:cout
 destination wire X11/Y9/lutff_1:in_3_lut 
Info: -- End my_global_router
Info: -- Returned delay 0.850000
Info: -- global tuples read out
Info: -- Start my_local_router one arc
Info: -- End my_local_router
Info: ARC COUNT 42
Info: -- Start my_global_router one arc
Info: my_global_router start with net counter_SB_DFF_Q_9_D_SB_LUT4_O_I3 and constant value 
Info: name of source wire X11/Y8/lutff_7:cout
 destination wire X11/Y9/lutff_0:in_3_lut 
Info: -- End my_global_router
Info: -- Returned delay 1.450000
Info: -- global tuples read out
Info: -- Start my_local_router one arc
Info: -- End my_local_router
Info: ARC COUNT 43
Info: -- Start my_global_router one arc
Info: my_global_router start with net counter[8] and constant value 
Info: name of source wire X11/Y8/lutff_0:out
 destination wire X11/Y8/lutff_0:in_2_lut 
Info: -- End my_global_router
Info: -- Returned delay 1.150000
Info: -- global tuples read out
Info: -- Start my_local_router one arc
Info: -- End my_local_router
Info: ARC COUNT 44
Info: -- Start my_global_router one arc
Info: my_global_router start with net counter[9] and constant value 
Info: name of source wire X11/Y8/lutff_1:out
 destination wire X11/Y8/lutff_1:in_2_lut 
Info: -- End my_global_router
Info: -- Returned delay 0.700000
Info: -- global tuples read out
Info: -- Start my_local_router one arc
Info: -- End my_local_router
Info: ARC COUNT 45
Info: -- Start my_global_router one arc
Info: my_global_router start with net counter_SB_DFF_Q_10_D_SB_LUT4_O_I3 and constant value 
Info: name of source wire X11/Y8/lutff_6:cout
 destination wire X11/Y8/lutff_7:in_3_lut 
Info: -- End my_global_router
Info: -- Returned delay 0.850000
Info: -- global tuples read out
Info: -- Start my_local_router one arc
Info: -- End my_local_router
Info: ARC COUNT 46
Info: -- Start my_global_router one arc
Info: my_global_router start with net counter[10] and constant value 
Info: name of source wire X11/Y8/lutff_2:out
 destination wire X11/Y8/lutff_2:in_2_lut 
Info: -- End my_global_router
Info: -- Returned delay 1.150000
Info: -- global tuples read out
Info: -- Start my_local_router one arc
Info: -- End my_local_router
Info: ARC COUNT 47
Info: -- Start my_global_router one arc
Info: my_global_router start with net counter_SB_DFF_Q_11_D_SB_LUT4_O_I3 and constant value 
Info: name of source wire X11/Y8/lutff_5:cout
 destination wire X11/Y8/lutff_6:in_3_lut 
Info: -- End my_global_router
Info: -- Returned delay 0.850000
Info: -- global tuples read out
Info: -- Start my_local_router one arc
Info: -- End my_local_router
Info: ARC COUNT 48
Info: -- Start my_global_router one arc
Info: my_global_router start with net counter[11] and constant value 
Info: name of source wire X11/Y8/lutff_3:out
 destination wire X11/Y8/lutff_3:in_2_lut 
Info: -- End my_global_router
Info: -- Returned delay 0.700000
Info: -- global tuples read out
Info: -- Start my_local_router one arc
Info: -- End my_local_router
Info: ARC COUNT 49
Info: -- Start my_global_router one arc
Info: my_global_router start with net counter_SB_DFF_Q_12_D_SB_LUT4_O_I3 and constant value 
Info: name of source wire X11/Y8/lutff_4:cout
 destination wire X11/Y8/lutff_5:in_3_lut 
Info: -- End my_global_router
Info: -- Returned delay 0.850000
Info: -- global tuples read out
Info: -- Start my_local_router one arc
Info: -- End my_local_router
Info: ARC COUNT 50
Info: -- Start my_global_router one arc
Info: my_global_router start with net counter[12] and constant value 
Info: name of source wire X11/Y8/lutff_4:out
 destination wire X11/Y8/lutff_4:in_2_lut 
Info: -- End my_global_router
Info: -- Returned delay 1.150000
Info: -- global tuples read out
Info: -- Start my_local_router one arc
Info: -- End my_local_router
Info: ARC COUNT 51
Info: -- Start my_global_router one arc
Info: my_global_router start with net counter_SB_DFF_Q_13_D_SB_LUT4_O_I3 and constant value 
Info: name of source wire X11/Y8/lutff_3:cout
 destination wire X11/Y8/lutff_4:in_3_lut 
Info: -- End my_global_router
Info: -- Returned delay 0.850000
Info: -- global tuples read out
Info: -- Start my_local_router one arc
Info: -- End my_local_router
Info: ARC COUNT 52
Info: -- Start my_global_router one arc
Info: my_global_router start with net counter[13] and constant value 
Info: name of source wire X11/Y8/lutff_5:out
 destination wire X11/Y8/lutff_5:in_2_lut 
Info: -- End my_global_router
Info: -- Returned delay 0.700000
Info: -- global tuples read out
Info: -- Start my_local_router one arc
Info: -- End my_local_router
Info: ARC COUNT 53
Info: -- Start my_global_router one arc
Info: my_global_router start with net counter_SB_DFF_Q_14_D_SB_LUT4_O_I3 and constant value 
Info: name of source wire X11/Y8/lutff_2:cout
 destination wire X11/Y8/lutff_3:in_3_lut 
Info: -- End my_global_router
Info: -- Returned delay 0.850000
Info: -- global tuples read out
Info: -- Start my_local_router one arc
Info: -- End my_local_router
Info: ARC COUNT 54
Info: -- Start my_global_router one arc
Info: my_global_router start with net counter[14] and constant value 
Info: name of source wire X11/Y8/lutff_6:out
 destination wire X11/Y8/lutff_6:in_2_lut 
Info: -- End my_global_router
Info: -- Returned delay 1.150000
Info: -- global tuples read out
Info: -- Start my_local_router one arc
Info: -- End my_local_router
Info: ARC COUNT 55
Info: -- Start my_global_router one arc
Info: my_global_router start with net counter_SB_DFF_Q_15_D_SB_LUT4_O_I3 and constant value 
Info: name of source wire X11/Y8/lutff_1:cout
 destination wire X11/Y8/lutff_2:in_3_lut 
Info: -- End my_global_router
Info: -- Returned delay 0.850000
Info: -- global tuples read out
Info: -- Start my_local_router one arc
Info: -- End my_local_router
Info: ARC COUNT 56
Info: -- Start my_global_router one arc
Info: my_global_router start with net counter[15] and constant value 
Info: name of source wire X11/Y8/lutff_7:out
 destination wire X11/Y8/lutff_7:in_2_lut 
Info: -- End my_global_router
Info: -- Returned delay 0.700000
Info: -- global tuples read out
Info: -- Start my_local_router one arc
Info: -- End my_local_router
Info: ARC COUNT 57
Info: -- Start my_global_router one arc
Info: my_global_router start with net counter_SB_DFF_Q_16_D_SB_LUT4_O_I3 and constant value 
Info: name of source wire X11/Y8/lutff_0:cout
 destination wire X11/Y8/lutff_1:in_3_lut 
Info: -- End my_global_router
Info: -- Returned delay 0.850000
Info: -- global tuples read out
Info: -- Start my_local_router one arc
Info: -- End my_local_router
Info: ARC COUNT 58
Info: -- Start my_global_router one arc
Info: my_global_router start with net counter_SB_DFF_Q_17_D_SB_LUT4_O_I3 and constant value 
Info: name of source wire X11/Y7/lutff_7:cout
 destination wire X11/Y8/lutff_0:in_3_lut 
Info: -- End my_global_router
Info: -- Returned delay 1.450000
Info: -- global tuples read out
Info: -- Start my_local_router one arc
Info: -- End my_local_router
Info: ARC COUNT 59
Info: -- Start my_global_router one arc
Info: my_global_router start with net counter[16] and constant value 
Info: name of source wire X11/Y9/lutff_0:out
 destination wire X11/Y9/lutff_0:in_2_lut 
Info: -- End my_global_router
Info: -- Returned delay 1.150000
Info: -- global tuples read out
Info: -- Start my_local_router one arc
Info: -- End my_local_router
Info: ARC COUNT 60
Info: -- Start my_global_router one arc
Info: my_global_router start with net counter[17] and constant value 
Info: name of source wire X11/Y9/lutff_1:out
 destination wire X11/Y9/lutff_1:in_2_lut 
Info: -- End my_global_router
Info: -- Returned delay 0.700000
Info: -- global tuples read out
Info: -- Start my_local_router one arc
Info: -- End my_local_router
Info: ARC COUNT 61
Info: -- Start my_global_router one arc
Info: my_global_router start with net counter[18] and constant value 
Info: name of source wire X11/Y9/lutff_2:out
 destination wire X11/Y9/lutff_2:in_2_lut 
Info: -- End my_global_router
Info: -- Returned delay 1.150000
Info: -- global tuples read out
Info: -- Start my_local_router one arc
Info: -- End my_local_router
Info: ARC COUNT 62
Info: -- Start my_global_router one arc
Info: my_global_router start with net counter_SB_DFF_Q_18_D_SB_LUT4_O_I3 and constant value 
Info: name of source wire X11/Y7/lutff_6:cout
 destination wire X11/Y7/lutff_7:in_3_lut 
Info: -- End my_global_router
Info: -- Returned delay 0.850000
Info: -- global tuples read out
Info: -- Start my_local_router one arc
Info: -- End my_local_router
Info: ARC COUNT 63
Info: -- Start my_global_router one arc
Info: my_global_router start with net counter[19] and constant value 
Info: name of source wire X11/Y9/lutff_3:out
 destination wire X11/Y9/lutff_3:in_2_lut 
Info: -- End my_global_router
Info: -- Returned delay 0.700000
Info: -- global tuples read out
Info: -- Start my_local_router one arc
Info: -- End my_local_router
Info: ARC COUNT 64
Info: -- Start my_global_router one arc
Info: my_global_router start with net counter_SB_DFF_Q_19_D_SB_LUT4_O_I3 and constant value 
Info: name of source wire X11/Y7/lutff_5:cout
 destination wire X11/Y7/lutff_6:in_3_lut 
Info: -- End my_global_router
Info: -- Returned delay 0.850000
Info: -- global tuples read out
Info: -- Start my_local_router one arc
Info: -- End my_local_router
Info: ARC COUNT 65
Info: -- Start my_global_router one arc
Info: my_global_router start with net counter[20] and constant value 
Info: name of source wire X11/Y9/lutff_4:out
 destination wire X11/Y9/lutff_4:in_2_lut 
Info: -- End my_global_router
Info: -- Returned delay 1.150000
Info: -- global tuples read out
Info: -- Start my_local_router one arc
Info: -- End my_local_router
Info: ARC COUNT 66
Info: -- Start my_global_router one arc
Info: my_global_router start with net counter_SB_DFF_Q_20_D_SB_LUT4_O_I3 and constant value 
Info: name of source wire X11/Y7/lutff_4:cout
 destination wire X11/Y7/lutff_5:in_3_lut 
Info: -- End my_global_router
Info: -- Returned delay 0.850000
Info: -- global tuples read out
Info: -- Start my_local_router one arc
Info: -- End my_local_router
Info: ARC COUNT 67
Info: -- Start my_global_router one arc
Info: my_global_router start with net counter[21] and constant value 
Info: name of source wire X11/Y9/lutff_5:out
 destination wire X11/Y9/lutff_5:in_2_lut 
Info: -- End my_global_router
Info: -- Returned delay 0.700000
Info: -- global tuples read out
Info: -- Start my_local_router one arc
Info: -- End my_local_router
Info: ARC COUNT 68
Info: -- Start my_global_router one arc
Info: my_global_router start with net counter_SB_DFF_Q_21_D_SB_LUT4_O_I3 and constant value 
Info: name of source wire X11/Y7/lutff_3:cout
 destination wire X11/Y7/lutff_4:in_3_lut 
Info: -- End my_global_router
Info: -- Returned delay 0.850000
Info: -- global tuples read out
Info: -- Start my_local_router one arc
Info: -- End my_local_router
Info: ARC COUNT 69
Info: -- Start my_global_router one arc
Info: my_global_router start with net counter[22] and constant value 
Info: name of source wire X11/Y9/lutff_6:out
 destination wire X11/Y9/lutff_6:in_2_lut 
Info: -- End my_global_router
Info: -- Returned delay 1.150000
Info: -- global tuples read out
Info: -- Start my_local_router one arc
Info: -- End my_local_router
Info: ARC COUNT 70
Info: -- Start my_global_router one arc
Info: my_global_router start with net counter_SB_DFF_Q_22_D_SB_LUT4_O_I3 and constant value 
Info: name of source wire X11/Y7/lutff_2:cout
 destination wire X11/Y7/lutff_3:in_3_lut 
Info: -- End my_global_router
Info: -- Returned delay 0.850000
Info: -- global tuples read out
Info: -- Start my_local_router one arc
Info: -- End my_local_router
Info: ARC COUNT 71
Info: -- Start my_global_router one arc
Info: my_global_router start with net counter[23] and constant value 
Info: name of source wire X11/Y9/lutff_7:out
 destination wire X11/Y9/lutff_7:in_2_lut 
Info: -- End my_global_router
Info: -- Returned delay 0.700000
Info: -- global tuples read out
Info: -- Start my_local_router one arc
Info: -- End my_local_router
Info: ARC COUNT 72
Info: -- Start my_global_router one arc
Info: my_global_router start with net counter_SB_DFF_Q_23_D_SB_LUT4_O_I3 and constant value 
Info: name of source wire X11/Y7/lutff_1:cout
 destination wire X11/Y7/lutff_2:in_3_lut 
Info: -- End my_global_router
Info: -- Returned delay 0.850000
Info: -- global tuples read out
Info: -- Start my_local_router one arc
Info: -- End my_local_router
Info: ARC COUNT 73
Info: -- Start my_global_router one arc
Info: my_global_router start with net counter[24] and constant value 
Info: name of source wire X11/Y10/lutff_0:out
 destination wire X11/Y10/lutff_0:in_2_lut 
Info: -- End my_global_router
Info: -- Returned delay 1.150000
Info: -- global tuples read out
Info: -- Start my_local_router one arc
Info: -- End my_local_router
Info: ARC COUNT 74
Info: -- Start my_global_router one arc
Info: my_global_router start with net counter[0] and constant value 
Info: name of source wire X11/Y6/lutff_4:out
 destination wire X11/Y7/lutff_1:in_3_lut 
Info: -- End my_global_router
Info: -- Returned delay 1.450000
Info: -- global tuples read out
Info: -- Start my_local_router one arc
Info: -- End my_local_router
Info: ARC COUNT 75
Info: -- Start my_global_router one arc
Info: my_global_router start with net counter[24] and constant value 
Info: name of source wire X11/Y10/lutff_0:out
 destination wire X12/Y10/lutff_3:in_0_lut 
Info: -- End my_global_router
Info: -- Returned delay 1.150000
Info: -- global tuples read out
Info: -- Start my_local_router one arc
Info: -- End my_local_router
Info: ARC COUNT 76
Info: -- Start my_global_router one arc
Info: my_global_router start with net counter[25] and constant value 
Info: name of source wire X11/Y10/lutff_1:out
 destination wire X11/Y11/lutff_4:in_0_lut 
Info: -- End my_global_router
Info: -- Returned delay 1.000000
Info: -- global tuples read out
Info: -- Start my_local_router one arc
Info: -- End my_local_router
Info: ARC COUNT 77
Info: -- Start my_global_router one arc
Info: my_global_router start with net counter[21] and constant value 
Info: name of source wire X11/Y9/lutff_5:out
 destination wire X12/Y9/lutff_4:in_0_lut 
Info: -- End my_global_router
Info: -- Returned delay 0.700000
Info: -- global tuples read out
Info: -- Start my_local_router one arc
Info: -- End my_local_router
Info: ARC COUNT 78
Info: -- Start my_global_router one arc
Info: my_global_router start with net counter[22] and constant value 
Info: name of source wire X11/Y9/lutff_6:out
 destination wire X12/Y9/lutff_0:in_0_lut 
Info: -- End my_global_router
Info: -- Returned delay 0.700000
Info: -- global tuples read out
Info: -- Start my_local_router one arc
Info: -- End my_local_router
Info: ARC COUNT 79
Info: -- Start my_global_router one arc
Info: my_global_router start with net counter[25] and constant value 
Info: name of source wire X11/Y10/lutff_1:out
 destination wire X11/Y10/lutff_1:in_2_lut 
Info: -- End my_global_router
Info: -- Returned delay 0.700000
Info: -- global tuples read out
Info: -- Start my_local_router one arc
Info: -- End my_local_router
Info: ARC COUNT 80
Info: -- Start my_global_router one arc
Info: my_global_router start with net counter[0] and constant value 
Info: name of source wire X11/Y6/lutff_4:out
 destination wire X11/Y6/lutff_4:in_3_lut 
Info: -- End my_global_router
Info: -- Returned delay 1.150000
Info: -- global tuples read out
Info: -- Start my_local_router one arc
Info: -- End my_local_router
Info: ARC COUNT 81
Info: -- Start my_global_router one arc
Info: my_global_router start with net counter[23] and constant value 
Info: name of source wire X11/Y9/lutff_7:out
 destination wire X12/Y10/lutff_2:in_0_lut 
Info: -- End my_global_router
Info: -- Returned delay 1.000000
Info: -- global tuples read out
Info: -- Start my_local_router one arc
Info: -- End my_local_router
Info: ARC COUNT 82
Info: -- Start my_global_router one arc
Info: my_global_router start with net clk and constant value 
Info: name of source wire X0/Y1/glb_netwk_6
 destination wire X12/Y10/lutff_global:clk 
Info: -- End my_global_router
Info: -- Returned delay 4.050000
Info: -- global tuples read out
Info: -- Start my_local_router one arc
Info: -- End my_local_router
Info: ARC COUNT 83
Info: -- Start my_global_router one arc
Info: my_global_router start with net led4$SB_IO_OUT and constant value 
Info: name of source wire X12/Y10/lutff_7:out
 destination wire X13/Y11/io_0:D_OUT_0 
Info: -- End my_global_router
Info: -- Returned delay 1.150000
Info: -- global tuples read out
Info: -- Start my_local_router one arc
Info: -- End my_local_router
Info: ARC COUNT 84
Info: -- Start my_global_router one arc
Info: my_global_router start with net outcnt[0] and constant value 
Info: name of source wire X12/Y9/lutff_4:out
 destination wire X12/Y9/lutff_3:in_3_lut 
Info: -- End my_global_router
Info: -- Returned delay 1.150000
Info: -- global tuples read out
Info: -- Start my_local_router one arc
Info: -- End my_local_router
Info: ARC COUNT 85
Info: -- Start my_global_router one arc
Info: my_global_router start with net outcnt[2] and constant value 
Info: name of source wire X12/Y10/lutff_2:out
 destination wire X12/Y11/lutff_3:in_3_lut 
Info: -- End my_global_router
Info: -- Returned delay 1.450000
Info: -- global tuples read out
Info: -- Start my_local_router one arc
Info: -- End my_local_router
Info: ARC COUNT 86
Info: -- Start my_global_router one arc
Info: my_global_router start with net clk and constant value 
Info: name of source wire X0/Y1/glb_netwk_6
 destination wire X11/Y10/lutff_global:clk 
Info: -- End my_global_router
Info: -- Returned delay 4.050000
Info: -- global tuples read out
Info: -- Start my_local_router one arc
Info: -- End my_local_router
Info: ARC COUNT 87
Info: -- Start my_global_router one arc
Info: my_global_router start with net led5$SB_IO_OUT and constant value 
Info: name of source wire X12/Y9/lutff_3:out
 destination wire X13/Y9/io_1:D_OUT_0 
Info: -- End my_global_router
Info: -- Returned delay 0.400000
Info: -- global tuples read out
Info: -- Start my_local_router one arc
Info: -- End my_local_router
Info: ARC COUNT 88
Info: -- Start my_global_router one arc
Info: my_global_router start with net outcnt[2] and constant value 
Info: name of source wire X12/Y10/lutff_2:out
 destination wire X12/Y10/lutff_7:in_2_lut 
Info: -- End my_global_router
Info: -- Returned delay 0.700000
Info: -- global tuples read out
Info: -- Start my_local_router one arc
Info: -- End my_local_router
Info: ARC COUNT 89
Info: -- Start my_global_router one arc
Info: my_global_router start with net outcnt[3] and constant value 
Info: name of source wire X12/Y10/lutff_3:out
 destination wire X12/Y11/lutff_3:in_2_lut 
Info: -- End my_global_router
Info: -- Returned delay 1.000000
Info: -- global tuples read out
Info: -- Start my_local_router one arc
Info: -- End my_local_router
Info: ARC COUNT 90
Info: -- Start my_global_router one arc
Info: my_global_router start with net outcnt[1] and constant value 
Info: name of source wire X12/Y9/lutff_0:out
 destination wire X12/Y10/lutff_7:in_3_lut 
Info: -- End my_global_router
Info: -- Returned delay 1.450000
Info: -- global tuples read out
Info: -- Start my_local_router one arc
Info: -- End my_local_router
Info: ARC COUNT 91
Info: -- Start my_global_router one arc
Info: my_global_router start with net clk and constant value 
Info: name of source wire X0/Y1/glb_netwk_6
 destination wire X11/Y8/lutff_global:clk 
Info: -- End my_global_router
Info: -- Returned delay 3.250000
Info: -- global tuples read out
Info: -- Start my_local_router one arc
Info: -- End my_local_router
Info: ARC COUNT 92
Info: -- Start my_global_router one arc
Info: my_global_router start with net clk and constant value 
Info: name of source wire X0/Y1/glb_netwk_6
 destination wire X12/Y9/lutff_global:clk 
Info: -- End my_global_router
Info: -- Returned delay 3.650000
Info: -- global tuples read out
Info: -- Start my_local_router one arc
Info: -- End my_local_router
Info: ARC COUNT 93
Info: -- Start my_global_router one arc
Info: my_global_router start with net clk and constant value 
Info: name of source wire X0/Y1/glb_netwk_6
 destination wire X11/Y7/lutff_global:clk 
Info: -- End my_global_router
Info: -- Returned delay 2.850000
Info: -- global tuples read out
Info: -- Start my_local_router one arc
Info: -- End my_local_router
Info: ARC COUNT 94
Info: -- Start my_global_router one arc
Info: my_global_router start with net clk and constant value 
Info: name of source wire X0/Y1/glb_netwk_6
 destination wire X11/Y9/lutff_global:clk 
Info: -- End my_global_router
Info: -- Returned delay 3.650000
Info: -- global tuples read out
Info: -- Start my_local_router one arc
Info: -- End my_local_router
Info: ARC COUNT 95
Info: -- Start my_global_router one arc
Info: my_global_router start with net led1$SB_IO_OUT and constant value 
Info: name of source wire X11/Y11/lutff_4:out
 destination wire X12/Y12/lutff_0:in_2_lut 
Info: -- End my_global_router
Info: -- Returned delay 1.450000
Info: -- global tuples read out
Info: -- Start my_local_router one arc
Info: -- End my_local_router
Info: ARC COUNT 96
Info: -- Start my_global_router one arc
Info: my_global_router start with net outcnt[1] and constant value 
Info: name of source wire X12/Y9/lutff_0:out
 destination wire X12/Y9/lutff_3:in_2_lut 
Info: -- End my_global_router
Info: -- Returned delay 0.700000
Info: -- global tuples read out
Info: -- Start my_local_router one arc
Info: -- End my_local_router
Info: ARC COUNT 97
Info: -- Start my_global_router one arc
Info: my_global_router start with net outcnt[3] and constant value 
Info: name of source wire X12/Y10/lutff_3:out
 destination wire X12/Y12/lutff_0:in_3_lut 
Info: -- End my_global_router
Info: -- Returned delay 1.950000
Info: -- global tuples read out
Info: -- Start my_local_router one arc
Info: -- End my_local_router
Info: ARC COUNT 98
Info: -- Start my_global_router one arc
Info: my_global_router start with net clk and constant value 
Info: name of source wire X0/Y1/glb_netwk_6
 destination wire X11/Y6/lutff_global:clk 
Info: -- End my_global_router
Info: -- Returned delay 2.450000
Info: -- global tuples read out
Info: -- Start my_local_router one arc
Info: -- End my_local_router
Info: ARC COUNT 99
Info: -- Start my_global_router one arc
Info: my_global_router start with net led2$SB_IO_OUT and constant value 
Info: name of source wire X12/Y12/lutff_0:out
 destination wire X13/Y12/io_0:D_OUT_0 
Info: -- End my_global_router
Info: -- Returned delay 0.400000
Info: -- global tuples read out
Info: -- Start my_local_router one arc
Info: -- End my_local_router
Info: ARC COUNT 100
Info: -- Start my_global_router one arc
Info: my_global_router start with net clki$SB_IO_IN and constant value 
Info: name of source wire X0/Y8/io_1:D_IN_0
 destination wire X0/Y8/fabout 
Info: -- End my_global_router
Info: -- Returned delay 0.700000
Info: -- global tuples read out
Info: -- Start my_local_router one arc
Info: -- End my_local_router
Info: ARC COUNT 101
Info: -- Start my_global_router one arc
Info: my_global_router start with net clk and constant value 
Info: name of source wire X0/Y1/glb_netwk_6
 destination wire X11/Y11/lutff_global:clk 
Info: -- End my_global_router
Info: -- Returned delay 4.450000
Info: -- global tuples read out
Info: -- Start my_local_router one arc
Info: -- End my_local_router
Info: ARC COUNT 102
Info: -- Start my_global_router one arc
Info: my_global_router start with net led3$SB_IO_OUT and constant value 
Info: name of source wire X12/Y11/lutff_3:out
 destination wire X13/Y11/io_1:D_OUT_0 
Info: -- End my_global_router
Info: -- Returned delay 0.400000
Info: -- global tuples read out
Info: -- Start my_local_router one arc
Info: -- End my_local_router
Info: ARC COUNT 103
Info: -- Start my_global_router one arc
Info: my_global_router start with net led1$SB_IO_OUT and constant value 
Info: name of source wire X11/Y11/lutff_4:out
 destination wire X13/Y12/io_1:D_OUT_0 
Info: -- End my_global_router
Info: -- Returned delay 2.050000
Info: -- global tuples read out
Info: -- Start my_local_router one arc
Info: -- End my_local_router
Info: - Start my_local_conflict_clauses_creator all arcs
Info: - End my_local_conflict_clauses_creator
Info: - files created, next start SAT_runner
Info: -- sat runner: start
Info: -- sat runner: start combi creator
Info: -- sat runner: start container combi loop
c opening file to read 'CNF_withHeader.csv'
c found 'p cnf 2195 56560' header
Info: -- sat runner: start solving process
c --- [ resources ] ----------------------------------------------------------
c 
c total process time since initialization:         0.05    seconds
c total real time since initialization:            0.05    seconds
c maximum resident set size of process:           59.16    MB
c 
c --- [ run-time profiling ] -------------------------------------------------
c 
c process time taken by individual solving procedures
c (percentage relative to process time for solving)
c 
c         0.05 2764.53% parse
c         0.00   99.73% search
c         0.00   99.62% unstable
c         0.00    0.00% simplify
c   =================================
c         0.00    3.45% solve
c 
c last line shows process time for solving
c (percentage relative to total process time)
c 
c --- [ statistics ] ---------------------------------------------------------
c 
c conflicts:                    31     16838.67    per second
c decisions:                   435    236284.63    per second
c fixed:                        62         2.82 %  of all variables
c learned:                      31       100.00 %  per conflict
c learned_lits:                197       100.00 %  learned literals
c minimized:                     0         0.00 %  learned literals
c shrunken:                     41        20.81 %  learned literals
c minishrunken:                  0         0.00 %  learned literals
c otfs:                          0         0.00 %  of conflict
c propagations:               2608         1.42 M  per second
c 
c seconds are measured in process time for solving
Info: SATISFIED
Info: ----- counter_SB_DFF_Q_D_SB_LUT4_O_I3 bind pip/switch X11/Y10/11.10.lutff_1:in_3.->.11.10.lutff_1:in_3_lut
Info: ----- counter[0] bind pip/switch X11/Y7/11.7.lutff_0:in_1.->.11.7.lutff_0:in_1_lut
Info: ----- counter[0] bind pip/switch X11/Y7/11.7.local_g1_4.->.11.7.lutff_0:in_1
Info: ----- counter_SB_DFF_Q_1_D_SB_LUT4_O_I3 bind pip/switch X11/Y10/11.10.carry_in_mux.->.11.10.lutff_0:in_3
Info: ----- counter_SB_DFF_Q_1_D_SB_LUT4_O_I3 bind pip/switch X11/Y10/11.10.lutff_0:in_3.->.11.10.lutff_0:in_3_lut
Info: ----- counter[1] bind pip/switch X11/Y7/11.7.lutff_1:in_1.->.11.7.lutff_1:in_2_lut
Info: ----- counter[1] bind pip/switch X11/Y7/11.7.local_g1_1.->.11.7.lutff_1:in_1
Info: ----- counter[2] bind pip/switch X11/Y7/11.7.lutff_2:in_0.->.11.7.lutff_2:in_2_lut
Info: ----- counter[2] bind pip/switch X11/Y7/11.7.local_g0_2.->.11.7.lutff_2:in_0
Info: ----- counter_SB_DFF_Q_2_D_SB_LUT4_O_I3 bind pip/switch X11/Y9/11.9.lutff_7:in_3.->.11.9.lutff_7:in_3_lut
Info: ----- counter[3] bind pip/switch X11/Y7/11.7.lutff_3:in_0.->.11.7.lutff_3:in_2_lut
Info: ----- counter[3] bind pip/switch X11/Y7/11.7.local_g0_3.->.11.7.lutff_3:in_0
Info: ----- counter_SB_DFF_Q_3_D_SB_LUT4_O_I3 bind pip/switch X11/Y9/11.9.lutff_6:in_3.->.11.9.lutff_6:in_3_lut
Info: ----- counter[4] bind pip/switch X11/Y7/11.7.lutff_4:in_0.->.11.7.lutff_4:in_2_lut
Info: ----- counter[4] bind pip/switch X11/Y7/11.7.local_g0_4.->.11.7.lutff_4:in_0
Info: ----- counter_SB_DFF_Q_4_D_SB_LUT4_O_I3 bind pip/switch X11/Y9/11.9.lutff_5:in_3.->.11.9.lutff_5:in_3_lut
Info: ----- counter[5] bind pip/switch X11/Y7/11.7.lutff_5:in_0.->.11.7.lutff_5:in_2_lut
Info: ----- counter[5] bind pip/switch X11/Y7/11.7.local_g0_5.->.11.7.lutff_5:in_0
Info: ----- counter_SB_DFF_Q_5_D_SB_LUT4_O_I3 bind pip/switch X11/Y9/11.9.lutff_4:in_3.->.11.9.lutff_4:in_3_lut
Info: ----- counter[6] bind pip/switch X11/Y7/11.7.lutff_6:in_0.->.11.7.lutff_6:in_2_lut
Info: ----- counter[6] bind pip/switch X11/Y7/11.7.local_g0_6.->.11.7.lutff_6:in_0
Info: ----- counter_SB_DFF_Q_6_D_SB_LUT4_O_I3 bind pip/switch X11/Y9/11.9.lutff_3:in_3.->.11.9.lutff_3:in_3_lut
Info: ----- counter[7] bind pip/switch X11/Y7/11.7.lutff_7:in_0.->.11.7.lutff_7:in_2_lut
Info: ----- counter[7] bind pip/switch X11/Y7/11.7.local_g0_7.->.11.7.lutff_7:in_0
Info: ----- counter_SB_DFF_Q_7_D_SB_LUT4_O_I3 bind pip/switch X11/Y9/11.9.lutff_2:in_3.->.11.9.lutff_2:in_3_lut
Info: ----- counter_SB_DFF_Q_8_D_SB_LUT4_O_I3 bind pip/switch X11/Y9/11.9.lutff_1:in_3.->.11.9.lutff_1:in_3_lut
Info: ----- counter_SB_DFF_Q_9_D_SB_LUT4_O_I3 bind pip/switch X11/Y9/11.9.carry_in_mux.->.11.9.lutff_0:in_3
Info: ----- counter_SB_DFF_Q_9_D_SB_LUT4_O_I3 bind pip/switch X11/Y9/11.9.lutff_0:in_3.->.11.9.lutff_0:in_3_lut
Info: ----- counter[8] bind pip/switch X11/Y8/11.8.lutff_0:in_0.->.11.8.lutff_0:in_2_lut
Info: ----- counter[8] bind pip/switch X11/Y8/11.8.local_g0_0.->.11.8.lutff_0:in_0
Info: ----- counter[9] bind pip/switch X11/Y8/11.8.lutff_1:in_0.->.11.8.lutff_1:in_2_lut
Info: ----- counter[9] bind pip/switch X11/Y8/11.8.local_g0_1.->.11.8.lutff_1:in_0
Info: ----- counter_SB_DFF_Q_10_D_SB_LUT4_O_I3 bind pip/switch X11/Y8/11.8.lutff_7:in_3.->.11.8.lutff_7:in_3_lut
Info: ----- counter[10] bind pip/switch X11/Y8/11.8.lutff_2:in_0.->.11.8.lutff_2:in_2_lut
Info: ----- counter[10] bind pip/switch X11/Y8/11.8.local_g0_2.->.11.8.lutff_2:in_0
Info: ----- counter_SB_DFF_Q_11_D_SB_LUT4_O_I3 bind pip/switch X11/Y8/11.8.lutff_6:in_3.->.11.8.lutff_6:in_3_lut
Info: ----- counter[11] bind pip/switch X11/Y8/11.8.lutff_3:in_0.->.11.8.lutff_3:in_2_lut
Info: ----- counter[11] bind pip/switch X11/Y8/11.8.local_g0_3.->.11.8.lutff_3:in_0
Info: ----- counter_SB_DFF_Q_12_D_SB_LUT4_O_I3 bind pip/switch X11/Y8/11.8.lutff_5:in_3.->.11.8.lutff_5:in_3_lut
Info: ----- counter[12] bind pip/switch X11/Y8/11.8.lutff_4:in_0.->.11.8.lutff_4:in_2_lut
Info: ----- counter[12] bind pip/switch X11/Y8/11.8.local_g0_4.->.11.8.lutff_4:in_0
Info: ----- counter_SB_DFF_Q_13_D_SB_LUT4_O_I3 bind pip/switch X11/Y8/11.8.lutff_4:in_3.->.11.8.lutff_4:in_3_lut
Info: ----- counter[13] bind pip/switch X11/Y8/11.8.lutff_5:in_0.->.11.8.lutff_5:in_2_lut
Info: ----- counter[13] bind pip/switch X11/Y8/11.8.local_g0_5.->.11.8.lutff_5:in_0
Info: ----- counter_SB_DFF_Q_14_D_SB_LUT4_O_I3 bind pip/switch X11/Y8/11.8.lutff_3:in_3.->.11.8.lutff_3:in_3_lut
Info: ----- counter[14] bind pip/switch X11/Y8/11.8.lutff_6:in_0.->.11.8.lutff_6:in_2_lut
Info: ----- counter[14] bind pip/switch X11/Y8/11.8.local_g0_6.->.11.8.lutff_6:in_0
Info: ----- counter_SB_DFF_Q_15_D_SB_LUT4_O_I3 bind pip/switch X11/Y8/11.8.lutff_2:in_3.->.11.8.lutff_2:in_3_lut
Info: ----- counter[15] bind pip/switch X11/Y8/11.8.lutff_7:in_0.->.11.8.lutff_7:in_2_lut
Info: ----- counter[15] bind pip/switch X11/Y8/11.8.local_g0_7.->.11.8.lutff_7:in_0
Info: ----- counter_SB_DFF_Q_16_D_SB_LUT4_O_I3 bind pip/switch X11/Y8/11.8.lutff_1:in_3.->.11.8.lutff_1:in_3_lut
Info: ----- counter_SB_DFF_Q_17_D_SB_LUT4_O_I3 bind pip/switch X11/Y8/11.8.carry_in_mux.->.11.8.lutff_0:in_3
Info: ----- counter_SB_DFF_Q_17_D_SB_LUT4_O_I3 bind pip/switch X11/Y8/11.8.lutff_0:in_3.->.11.8.lutff_0:in_3_lut
Info: ----- counter[16] bind pip/switch X11/Y9/11.9.lutff_0:in_0.->.11.9.lutff_0:in_2_lut
Info: ----- counter[16] bind pip/switch X11/Y9/11.9.local_g0_0.->.11.9.lutff_0:in_0
Info: ----- counter[17] bind pip/switch X11/Y9/11.9.lutff_1:in_0.->.11.9.lutff_1:in_2_lut
Info: ----- counter[17] bind pip/switch X11/Y9/11.9.local_g0_1.->.11.9.lutff_1:in_0
Info: ----- counter[18] bind pip/switch X11/Y9/11.9.lutff_2:in_0.->.11.9.lutff_2:in_2_lut
Info: ----- counter[18] bind pip/switch X11/Y9/11.9.local_g0_2.->.11.9.lutff_2:in_0
Info: ----- counter_SB_DFF_Q_18_D_SB_LUT4_O_I3 bind pip/switch X11/Y7/11.7.lutff_7:in_3.->.11.7.lutff_7:in_3_lut
Info: ----- counter[19] bind pip/switch X11/Y9/11.9.lutff_3:in_0.->.11.9.lutff_3:in_2_lut
Info: ----- counter[19] bind pip/switch X11/Y9/11.9.local_g0_3.->.11.9.lutff_3:in_0
Info: ----- counter_SB_DFF_Q_19_D_SB_LUT4_O_I3 bind pip/switch X11/Y7/11.7.lutff_6:in_3.->.11.7.lutff_6:in_3_lut
Info: ----- counter[20] bind pip/switch X11/Y9/11.9.lutff_4:in_0.->.11.9.lutff_4:in_2_lut
Info: ----- counter[20] bind pip/switch X11/Y9/11.9.local_g0_4.->.11.9.lutff_4:in_0
Info: ----- counter_SB_DFF_Q_20_D_SB_LUT4_O_I3 bind pip/switch X11/Y7/11.7.lutff_5:in_3.->.11.7.lutff_5:in_3_lut
Info: ----- counter[21] bind pip/switch X11/Y9/11.9.lutff_5:in_0.->.11.9.lutff_5:in_2_lut
Info: ----- counter[21] bind pip/switch X11/Y9/11.9.local_g0_5.->.11.9.lutff_5:in_0
Info: ----- counter_SB_DFF_Q_21_D_SB_LUT4_O_I3 bind pip/switch X11/Y7/11.7.lutff_4:in_3.->.11.7.lutff_4:in_3_lut
Info: ----- counter[22] bind pip/switch X11/Y9/11.9.lutff_6:in_0.->.11.9.lutff_6:in_2_lut
Info: ----- counter[22] bind pip/switch X11/Y9/11.9.local_g0_6.->.11.9.lutff_6:in_0
Info: ----- counter_SB_DFF_Q_22_D_SB_LUT4_O_I3 bind pip/switch X11/Y7/11.7.lutff_3:in_3.->.11.7.lutff_3:in_3_lut
Info: ----- counter[23] bind pip/switch X11/Y9/11.9.lutff_7:in_0.->.11.9.lutff_7:in_2_lut
Info: ----- counter[23] bind pip/switch X11/Y9/11.9.local_g0_7.->.11.9.lutff_7:in_0
Info: ----- counter_SB_DFF_Q_23_D_SB_LUT4_O_I3 bind pip/switch X11/Y7/11.7.lutff_2:in_3.->.11.7.lutff_2:in_3_lut
Info: ----- counter[24] bind pip/switch X11/Y10/11.10.lutff_0:in_0.->.11.10.lutff_0:in_2_lut
Info: ----- counter[24] bind pip/switch X11/Y10/11.10.local_g0_0.->.11.10.lutff_0:in_0
Info: ----- counter[0] bind pip/switch X11/Y7/11.7.local_g1_4.->.11.7.lutff_1:in_0
Info: ----- counter[0] bind pip/switch X11/Y7/11.7.lutff_1:in_0.->.11.7.lutff_1:in_3_lut
Info: ----- counter[24] bind pip/switch X12/Y10/12.10.lutff_3:in_1.->.12.10.lutff_3:in_0_lut
Info: ----- counter[24] bind pip/switch X12/Y10/12.10.local_g0_0.->.12.10.lutff_3:in_1
Info: ----- counter[25] bind pip/switch X11/Y11/11.11.lutff_4:in_0.->.11.11.lutff_4:in_0_lut
Info: ----- counter[25] bind pip/switch X11/Y11/11.11.local_g1_1.->.11.11.lutff_4:in_0
Info: ----- counter[21] bind pip/switch X12/Y9/12.9.lutff_4:in_0.->.12.9.lutff_4:in_0_lut
Info: ----- counter[21] bind pip/switch X12/Y9/12.9.local_g1_5.->.12.9.lutff_4:in_0
Info: ----- counter[22] bind pip/switch X12/Y9/12.9.lutff_0:in_0.->.12.9.lutff_0:in_0_lut
Info: ----- counter[22] bind pip/switch X12/Y9/12.9.local_g0_6.->.12.9.lutff_0:in_0
Info: ----- counter[25] bind pip/switch X11/Y10/11.10.lutff_1:in_0.->.11.10.lutff_1:in_2_lut
Info: ----- counter[25] bind pip/switch X11/Y10/11.10.local_g0_1.->.11.10.lutff_1:in_0
Info: ----- counter[0] bind pip/switch X11/Y6/11.6.lutff_4:in_0.->.11.6.lutff_4:in_3_lut
Info: ----- counter[0] bind pip/switch X11/Y6/11.6.local_g0_4.->.11.6.lutff_4:in_0
Info: ----- counter[23] bind pip/switch X12/Y10/12.10.lutff_2:in_0.->.12.10.lutff_2:in_0_lut
Info: ----- counter[23] bind pip/switch X12/Y10/12.10.local_g3_7.->.12.10.lutff_2:in_0
Info: ----- led4$SB_IO_OUT bind pip/switch X13/Y11/13.11.local_g1_7.->.13.11.io_0:D_OUT_0
Info: ----- outcnt[0] bind pip/switch X12/Y9/12.9.lutff_3:in_1.->.12.9.lutff_3:in_3_lut
Info: ----- outcnt[0] bind pip/switch X12/Y9/12.9.local_g0_4.->.12.9.lutff_3:in_1
Info: ----- outcnt[2] bind pip/switch X12/Y11/12.11.lutff_3:in_1.->.12.11.lutff_3:in_3_lut
Info: ----- outcnt[2] bind pip/switch X12/Y11/12.11.local_g0_2.->.12.11.lutff_3:in_1
Info: ----- led5$SB_IO_OUT bind pip/switch X13/Y9/13.9.local_g0_3.->.13.9.io_1:D_OUT_0
Info: ----- outcnt[2] bind pip/switch X12/Y10/12.10.lutff_7:in_1.->.12.10.lutff_7:in_2_lut
Info: ----- outcnt[2] bind pip/switch X12/Y10/12.10.local_g0_2.->.12.10.lutff_7:in_1
Info: ----- outcnt[3] bind pip/switch X12/Y11/12.11.lutff_3:in_0.->.12.11.lutff_3:in_2_lut
Info: ----- outcnt[3] bind pip/switch X12/Y11/12.11.local_g0_3.->.12.11.lutff_3:in_0
Info: ----- outcnt[1] bind pip/switch X12/Y10/12.10.lutff_7:in_0.->.12.10.lutff_7:in_3_lut
Info: ----- outcnt[1] bind pip/switch X12/Y10/12.10.local_g1_0.->.12.10.lutff_7:in_0
Info: ----- led1$SB_IO_OUT bind pip/switch X12/Y12/12.12.lutff_0:in_1.->.12.12.lutff_0:in_2_lut
Info: ----- led1$SB_IO_OUT bind pip/switch X12/Y12/12.12.local_g3_4.->.12.12.lutff_0:in_1
Info: ----- outcnt[1] bind pip/switch X12/Y9/12.9.lutff_3:in_0.->.12.9.lutff_3:in_2_lut
Info: ----- outcnt[1] bind pip/switch X12/Y9/12.9.local_g1_0.->.12.9.lutff_3:in_0
Info: ----- outcnt[3] bind pip/switch X12/Y11/12.13.sp12_v_b_1.->.12.12.sp4_v_b_3
Info: ----- outcnt[3] bind pip/switch X12/Y12/12.12.sp4_v_b_3.->.12.12.local_g1_3
Info: ----- outcnt[3] bind pip/switch X12/Y12/12.12.lutff_0:in_0.->.12.12.lutff_0:in_3_lut
Info: ----- outcnt[3] bind pip/switch X12/Y12/12.12.local_g1_3.->.12.12.lutff_0:in_0
Info: ----- led2$SB_IO_OUT bind pip/switch X13/Y12/13.12.local_g0_0.->.13.12.io_0:D_OUT_0
Info: ----- clki$SB_IO_IN bind pip/switch X0/Y8/0.8.local_g1_4.->.0.8.fabout
Info: ----- clki$SB_IO_IN bind pip/switch X0/Y8/0.8.span12_horz_12.->.0.8.local_g1_4
Info: ----- led3$SB_IO_OUT bind pip/switch X13/Y11/13.11.local_g0_3.->.13.11.io_1:D_OUT_0
Info: ----- led1$SB_IO_OUT bind pip/switch X13/Y11/9.11.sp4_h_r_0.->.13.15.span4_vert_b_2
Info: ----- led1$SB_IO_OUT bind pip/switch X13/Y12/13.12.local_g1_6.->.13.12.io_1:D_OUT_0
Info: ----- led1$SB_IO_OUT bind pip/switch X13/Y12/13.15.span4_vert_b_2.->.13.12.local_g1_6
Info: ----- clk bind pip/switch X11/Y6/0.1.glb_netwk_6.->.11.6.lutff_global:clk
Info: ----- clk bind pip/switch X11/Y7/0.1.glb_netwk_6.->.11.7.lutff_global:clk
Info: ----- clk bind pip/switch X11/Y8/0.1.glb_netwk_6.->.11.8.lutff_global:clk
Info: ----- clk bind pip/switch X11/Y9/0.1.glb_netwk_6.->.11.9.lutff_global:clk
Info: ----- clk bind pip/switch X11/Y10/0.1.glb_netwk_6.->.11.10.lutff_global:clk
Info: ----- clk bind pip/switch X11/Y11/0.1.glb_netwk_6.->.11.11.lutff_global:clk
Info: ----- clk bind pip/switch X12/Y9/0.1.glb_netwk_6.->.12.9.lutff_global:clk
Info: ----- clk bind pip/switch X12/Y10/0.1.glb_netwk_6.->.12.10.lutff_global:clk
Info: ----- clki$SB_IO_IN bind pip/switch X0/Y8/0.8.io_1:D_IN_0.->.0.8.span12_horz_12
Info: ----- counter[0] bind pip/switch X11/Y6/11.6.lutff_4:out.->.11.6.local_g0_4
Info: ----- counter[0] bind pip/switch X11/Y7/11.6.lutff_4:out.->.11.7.local_g1_4
Info: ----- counter[1] bind pip/switch X11/Y7/11.7.lutff_1:out.->.11.7.local_g1_1
Info: ----- counter[2] bind pip/switch X11/Y7/11.7.lutff_2:out.->.11.7.local_g0_2
Info: ----- counter[3] bind pip/switch X11/Y7/11.7.lutff_3:out.->.11.7.local_g0_3
Info: ----- counter[4] bind pip/switch X11/Y7/11.7.lutff_4:out.->.11.7.local_g0_4
Info: ----- counter[5] bind pip/switch X11/Y7/11.7.lutff_5:out.->.11.7.local_g0_5
Info: ----- counter[6] bind pip/switch X11/Y7/11.7.lutff_6:out.->.11.7.local_g0_6
Info: ----- counter[7] bind pip/switch X11/Y7/11.7.lutff_7:out.->.11.7.local_g0_7
Info: ----- counter[8] bind pip/switch X11/Y8/11.8.lutff_0:out.->.11.8.local_g0_0
Info: ----- counter[9] bind pip/switch X11/Y8/11.8.lutff_1:out.->.11.8.local_g0_1
Info: ----- counter[10] bind pip/switch X11/Y8/11.8.lutff_2:out.->.11.8.local_g0_2
Info: ----- counter[11] bind pip/switch X11/Y8/11.8.lutff_3:out.->.11.8.local_g0_3
Info: ----- counter[12] bind pip/switch X11/Y8/11.8.lutff_4:out.->.11.8.local_g0_4
Info: ----- counter[13] bind pip/switch X11/Y8/11.8.lutff_5:out.->.11.8.local_g0_5
Info: ----- counter[14] bind pip/switch X11/Y8/11.8.lutff_6:out.->.11.8.local_g0_6
Info: ----- counter[15] bind pip/switch X11/Y8/11.8.lutff_7:out.->.11.8.local_g0_7
Info: ----- counter[16] bind pip/switch X11/Y9/11.9.lutff_0:out.->.11.9.local_g0_0
Info: ----- counter[17] bind pip/switch X11/Y9/11.9.lutff_1:out.->.11.9.local_g0_1
Info: ----- counter[18] bind pip/switch X11/Y9/11.9.lutff_2:out.->.11.9.local_g0_2
Info: ----- counter[19] bind pip/switch X11/Y9/11.9.lutff_3:out.->.11.9.local_g0_3
Info: ----- counter[20] bind pip/switch X11/Y9/11.9.lutff_4:out.->.11.9.local_g0_4
Info: ----- counter[21] bind pip/switch X11/Y9/11.9.lutff_5:out.->.11.9.local_g0_5
Info: ----- counter[21] bind pip/switch X12/Y9/11.9.lutff_5:out.->.12.9.local_g1_5
Info: ----- counter[22] bind pip/switch X11/Y9/11.9.lutff_6:out.->.11.9.local_g0_6
Info: ----- counter[22] bind pip/switch X12/Y9/11.9.lutff_6:out.->.12.9.local_g0_6
Info: ----- counter[23] bind pip/switch X11/Y9/11.9.lutff_7:out.->.11.9.local_g0_7
Info: ----- counter[23] bind pip/switch X12/Y10/11.9.lutff_7:out.->.12.10.local_g3_7
Info: ----- counter[24] bind pip/switch X11/Y10/11.10.lutff_0:out.->.11.10.local_g0_0
Info: ----- counter[24] bind pip/switch X12/Y10/11.10.lutff_0:out.->.12.10.local_g0_0
Info: ----- counter[25] bind pip/switch X11/Y10/11.10.lutff_1:out.->.11.10.local_g0_1
Info: ----- counter[25] bind pip/switch X11/Y11/11.10.lutff_1:out.->.11.11.local_g1_1
Info: ----- led1$SB_IO_OUT bind pip/switch X11/Y11/11.11.lutff_4:out.->.9.11.sp4_h_r_0
Info: ----- led1$SB_IO_OUT bind pip/switch X12/Y12/11.11.lutff_4:out.->.12.12.local_g3_4
Info: ----- counter_SB_DFF_Q_23_D_SB_LUT4_O_I3 bind pip/switch X11/Y7/11.7.lutff_1:cout.->.11.7.lutff_2:in_3
Info: ----- counter_SB_DFF_Q_22_D_SB_LUT4_O_I3 bind pip/switch X11/Y7/11.7.lutff_2:cout.->.11.7.lutff_3:in_3
Info: ----- counter_SB_DFF_Q_21_D_SB_LUT4_O_I3 bind pip/switch X11/Y7/11.7.lutff_3:cout.->.11.7.lutff_4:in_3
Info: ----- counter_SB_DFF_Q_20_D_SB_LUT4_O_I3 bind pip/switch X11/Y7/11.7.lutff_4:cout.->.11.7.lutff_5:in_3
Info: ----- counter_SB_DFF_Q_19_D_SB_LUT4_O_I3 bind pip/switch X11/Y7/11.7.lutff_5:cout.->.11.7.lutff_6:in_3
Info: ----- counter_SB_DFF_Q_18_D_SB_LUT4_O_I3 bind pip/switch X11/Y7/11.7.lutff_6:cout.->.11.7.lutff_7:in_3
Info: ----- counter_SB_DFF_Q_17_D_SB_LUT4_O_I3 bind pip/switch X11/Y8/11.7.lutff_7:cout.->.11.8.carry_in_mux
Info: ----- counter_SB_DFF_Q_16_D_SB_LUT4_O_I3 bind pip/switch X11/Y8/11.8.lutff_0:cout.->.11.8.lutff_1:in_3
Info: ----- counter_SB_DFF_Q_15_D_SB_LUT4_O_I3 bind pip/switch X11/Y8/11.8.lutff_1:cout.->.11.8.lutff_2:in_3
Info: ----- counter_SB_DFF_Q_14_D_SB_LUT4_O_I3 bind pip/switch X11/Y8/11.8.lutff_2:cout.->.11.8.lutff_3:in_3
Info: ----- counter_SB_DFF_Q_13_D_SB_LUT4_O_I3 bind pip/switch X11/Y8/11.8.lutff_3:cout.->.11.8.lutff_4:in_3
Info: ----- counter_SB_DFF_Q_12_D_SB_LUT4_O_I3 bind pip/switch X11/Y8/11.8.lutff_4:cout.->.11.8.lutff_5:in_3
Info: ----- counter_SB_DFF_Q_11_D_SB_LUT4_O_I3 bind pip/switch X11/Y8/11.8.lutff_5:cout.->.11.8.lutff_6:in_3
Info: ----- counter_SB_DFF_Q_10_D_SB_LUT4_O_I3 bind pip/switch X11/Y8/11.8.lutff_6:cout.->.11.8.lutff_7:in_3
Info: ----- counter_SB_DFF_Q_9_D_SB_LUT4_O_I3 bind pip/switch X11/Y9/11.8.lutff_7:cout.->.11.9.carry_in_mux
Info: ----- outcnt[1] bind pip/switch X12/Y9/12.9.lutff_0:out.->.12.9.local_g1_0
Info: ----- outcnt[1] bind pip/switch X12/Y10/12.9.lutff_0:out.->.12.10.local_g1_0
Info: ----- led5$SB_IO_OUT bind pip/switch X13/Y9/12.9.lutff_3:out.->.13.9.local_g0_3
Info: ----- outcnt[0] bind pip/switch X12/Y9/12.9.lutff_4:out.->.12.9.local_g0_4
Info: ----- counter_SB_DFF_Q_8_D_SB_LUT4_O_I3 bind pip/switch X11/Y9/11.9.lutff_0:cout.->.11.9.lutff_1:in_3
Info: ----- counter_SB_DFF_Q_7_D_SB_LUT4_O_I3 bind pip/switch X11/Y9/11.9.lutff_1:cout.->.11.9.lutff_2:in_3
Info: ----- counter_SB_DFF_Q_6_D_SB_LUT4_O_I3 bind pip/switch X11/Y9/11.9.lutff_2:cout.->.11.9.lutff_3:in_3
Info: ----- counter_SB_DFF_Q_5_D_SB_LUT4_O_I3 bind pip/switch X11/Y9/11.9.lutff_3:cout.->.11.9.lutff_4:in_3
Info: ----- counter_SB_DFF_Q_4_D_SB_LUT4_O_I3 bind pip/switch X11/Y9/11.9.lutff_4:cout.->.11.9.lutff_5:in_3
Info: ----- counter_SB_DFF_Q_3_D_SB_LUT4_O_I3 bind pip/switch X11/Y9/11.9.lutff_5:cout.->.11.9.lutff_6:in_3
Info: ----- counter_SB_DFF_Q_2_D_SB_LUT4_O_I3 bind pip/switch X11/Y9/11.9.lutff_6:cout.->.11.9.lutff_7:in_3
Info: ----- counter_SB_DFF_Q_1_D_SB_LUT4_O_I3 bind pip/switch X11/Y10/11.9.lutff_7:cout.->.11.10.carry_in_mux
Info: ----- outcnt[2] bind pip/switch X12/Y10/12.10.lutff_2:out.->.12.10.local_g0_2
Info: ----- outcnt[2] bind pip/switch X12/Y11/12.10.lutff_2:out.->.12.11.local_g0_2
Info: ----- outcnt[3] bind pip/switch X12/Y10/12.10.lutff_3:out.->.12.13.sp12_v_b_1
Info: ----- outcnt[3] bind pip/switch X12/Y11/12.10.lutff_3:out.->.12.11.local_g0_3
Info: ----- led4$SB_IO_OUT bind pip/switch X13/Y11/12.10.lutff_7:out.->.13.11.local_g1_7
Info: ----- counter_SB_DFF_Q_D_SB_LUT4_O_I3 bind pip/switch X11/Y10/11.10.lutff_0:cout.->.11.10.lutff_1:in_3
Info: ----- led3$SB_IO_OUT bind pip/switch X13/Y11/12.11.lutff_3:out.->.13.11.local_g0_3
Info: ----- led2$SB_IO_OUT bind pip/switch X13/Y12/12.12.lutff_0:out.->.13.12.local_g0_0
Info: ----- counter_SB_DFF_Q_2_D_SB_LUT4_O_I3 bind wire X11/Y9/lutff_6:cout 
Info: ----- counter_SB_DFF_Q_15_D_SB_LUT4_O_I3 bind wire X11/Y8/lutff_1:cout 
Info: ----- counter_SB_DFF_Q_17_D_SB_LUT4_O_I3 bind wire X11/Y7/lutff_7:cout 
Info: ----- counter_SB_DFF_Q_D_SB_LUT4_O_I3 bind wire X11/Y10/lutff_0:cout 
Info: ----- counter_SB_DFF_Q_20_D_SB_LUT4_O_I3 bind wire X11/Y7/lutff_4:cout 
Info: ----- counter_SB_DFF_Q_6_D_SB_LUT4_O_I3 bind wire X11/Y9/lutff_2:cout 
Info: ----- counter_SB_DFF_Q_10_D_SB_LUT4_O_I3 bind wire X11/Y8/lutff_6:cout 
Info: ----- counter_SB_DFF_Q_13_D_SB_LUT4_O_I3 bind wire X11/Y8/lutff_3:cout 
Info: ----- counter_SB_DFF_Q_23_D_SB_LUT4_O_I3 bind wire X11/Y7/lutff_1:cout 
Info: ----- counter[0] bind wire X11/Y6/lutff_4:out 
Info: ----- counter_SB_DFF_Q_18_D_SB_LUT4_O_I3 bind wire X11/Y7/lutff_6:cout 
Info: ----- counter_SB_DFF_Q_12_D_SB_LUT4_O_I3 bind wire X11/Y8/lutff_4:cout 
Info: ----- counter_SB_DFF_Q_3_D_SB_LUT4_O_I3 bind wire X11/Y9/lutff_5:cout 
Info: ----- counter_SB_DFF_Q_4_D_SB_LUT4_O_I3 bind wire X11/Y9/lutff_4:cout 
Info: ----- counter_SB_DFF_Q_16_D_SB_LUT4_O_I3 bind wire X11/Y8/lutff_0:cout 
Info: ----- counter_SB_DFF_Q_9_D_SB_LUT4_O_I3 bind wire X11/Y8/lutff_7:cout 
Info: ----- counter_SB_DFF_Q_8_D_SB_LUT4_O_I3 bind wire X11/Y9/lutff_0:cout 
Info: ----- counter_SB_DFF_Q_5_D_SB_LUT4_O_I3 bind wire X11/Y9/lutff_3:cout 
Info: ----- counter_SB_DFF_Q_1_D_SB_LUT4_O_I3 bind wire X11/Y9/lutff_7:cout 
Info: ----- counter_SB_DFF_Q_22_D_SB_LUT4_O_I3 bind wire X11/Y7/lutff_2:cout 
Info: ----- counter_SB_DFF_Q_14_D_SB_LUT4_O_I3 bind wire X11/Y8/lutff_2:cout 
Info: ----- counter_SB_DFF_Q_7_D_SB_LUT4_O_I3 bind wire X11/Y9/lutff_1:cout 
Info: ----- counter_SB_DFF_Q_19_D_SB_LUT4_O_I3 bind wire X11/Y7/lutff_5:cout 
Info: ----- counter_SB_DFF_Q_11_D_SB_LUT4_O_I3 bind wire X11/Y8/lutff_5:cout 
Info: ----- $nextpnr_ICESTORM_LC_0$O bind wire X11/Y7/lutff_0:cout 
Info: ----- counter_SB_DFF_Q_21_D_SB_LUT4_O_I3 bind wire X11/Y7/lutff_3:cout 
Info: ----- counter[1] bind wire X11/Y7/lutff_1:out 
Info: ----- counter[2] bind wire X11/Y7/lutff_2:out 
Info: ----- counter[3] bind wire X11/Y7/lutff_3:out 
Info: ----- counter[4] bind wire X11/Y7/lutff_4:out 
Info: ----- counter[5] bind wire X11/Y7/lutff_5:out 
Info: ----- counter[6] bind wire X11/Y7/lutff_6:out 
Info: ----- counter[7] bind wire X11/Y7/lutff_7:out 
Info: ----- counter[8] bind wire X11/Y8/lutff_0:out 
Info: ----- counter[9] bind wire X11/Y8/lutff_1:out 
Info: ----- counter[10] bind wire X11/Y8/lutff_2:out 
Info: ----- counter[11] bind wire X11/Y8/lutff_3:out 
Info: ----- counter[12] bind wire X11/Y8/lutff_4:out 
Info: ----- counter[13] bind wire X11/Y8/lutff_5:out 
Info: ----- counter[14] bind wire X11/Y8/lutff_6:out 
Info: ----- counter[15] bind wire X11/Y8/lutff_7:out 
Info: ----- counter[16] bind wire X11/Y9/lutff_0:out 
Info: ----- counter[17] bind wire X11/Y9/lutff_1:out 
Info: ----- counter[18] bind wire X11/Y9/lutff_2:out 
Info: ----- counter[19] bind wire X11/Y9/lutff_3:out 
Info: ----- counter[20] bind wire X11/Y9/lutff_4:out 
Info: ----- counter[21] bind wire X11/Y9/lutff_5:out 
Info: ----- counter[22] bind wire X11/Y9/lutff_6:out 
Info: ----- counter[23] bind wire X11/Y9/lutff_7:out 
Info: ----- counter[24] bind wire X11/Y10/lutff_0:out 
Info: ----- counter[25] bind wire X11/Y10/lutff_1:out 
Info: ----- clk bind wire X0/Y1/glb_netwk_6 
Info: ----- led4$SB_IO_OUT bind wire X12/Y10/lutff_7:out 
Info: ----- outcnt[0] bind wire X12/Y9/lutff_4:out 
Info: ----- outcnt[2] bind wire X12/Y10/lutff_2:out 
Info: ----- led5$SB_IO_OUT bind wire X12/Y9/lutff_3:out 
Info: ----- outcnt[3] bind wire X12/Y10/lutff_3:out 
Info: ----- outcnt[1] bind wire X12/Y9/lutff_0:out 
Info: ----- led1$SB_IO_OUT bind wire X11/Y11/lutff_4:out 
Info: ----- led2$SB_IO_OUT bind wire X12/Y12/lutff_0:out 
Info: ----- clki$SB_IO_IN bind wire X0/Y8/io_1:D_IN_0 
Info: ----- led3$SB_IO_OUT bind wire X12/Y11/lutff_3:out 
Info: - End SAT_runner
Info: Routing complete.
Info: Checksum: 0xbdbac30d

Info: Critical path report for clock 'clk' (posedge -> posedge):
Info:       type curr  total name
Info:   clk-to-q  0.54  0.54 Source counter_SB_DFF_Q_25_D_SB_LUT4_O_LC.O
Info:    routing  0.59  1.13 Net counter[0] (11,6) -> (11,7)
Info:                          Sink $nextpnr_ICESTORM_LC_0.I1
Info:                          Defined in:
Info:                               blinky.v:18.30-18.37
Info:      logic  0.26  1.39 Source $nextpnr_ICESTORM_LC_0.COUT
Info:    routing  0.00  1.39 Net $nextpnr_ICESTORM_LC_0$O (11,7) -> (11,7)
Info:                          Sink counter_SB_DFF_Q_24_D_SB_LUT4_O_LC.CIN
Info:      logic  0.13  1.51 Source counter_SB_DFF_Q_24_D_SB_LUT4_O_LC.COUT
Info:    routing  0.00  1.51 Net counter_SB_DFF_Q_23_D_SB_LUT4_O_I3 (11,7) -> (11,7)
Info:                          Sink counter_SB_DFF_Q_23_D_SB_LUT4_O_LC.CIN
Info:                          Defined in:
Info:                               blinky.v:22.20-22.31
Info:                               /usr/local/bin/../share/yosys/ice40/arith_map.v:62.5-70.4
Info:                               /usr/local/bin/../share/yosys/ice40/abc9_model.v:4.9-4.11
Info:      logic  0.13  1.64 Source counter_SB_DFF_Q_23_D_SB_LUT4_O_LC.COUT
Info:    routing  0.00  1.64 Net counter_SB_DFF_Q_22_D_SB_LUT4_O_I3 (11,7) -> (11,7)
Info:                          Sink counter_SB_DFF_Q_22_D_SB_LUT4_O_LC.CIN
Info:                          Defined in:
Info:                               blinky.v:22.20-22.31
Info:                               /usr/local/bin/../share/yosys/ice40/arith_map.v:62.5-70.4
Info:                               /usr/local/bin/../share/yosys/ice40/abc9_model.v:4.9-4.11
Info:      logic  0.13  1.76 Source counter_SB_DFF_Q_22_D_SB_LUT4_O_LC.COUT
Info:    routing  0.00  1.76 Net counter_SB_DFF_Q_21_D_SB_LUT4_O_I3 (11,7) -> (11,7)
Info:                          Sink counter_SB_DFF_Q_21_D_SB_LUT4_O_LC.CIN
Info:                          Defined in:
Info:                               blinky.v:22.20-22.31
Info:                               /usr/local/bin/../share/yosys/ice40/arith_map.v:62.5-70.4
Info:                               /usr/local/bin/../share/yosys/ice40/abc9_model.v:4.9-4.11
Info:      logic  0.13  1.89 Source counter_SB_DFF_Q_21_D_SB_LUT4_O_LC.COUT
Info:    routing  0.00  1.89 Net counter_SB_DFF_Q_20_D_SB_LUT4_O_I3 (11,7) -> (11,7)
Info:                          Sink counter_SB_DFF_Q_20_D_SB_LUT4_O_LC.CIN
Info:                          Defined in:
Info:                               blinky.v:22.20-22.31
Info:                               /usr/local/bin/../share/yosys/ice40/arith_map.v:62.5-70.4
Info:                               /usr/local/bin/../share/yosys/ice40/abc9_model.v:4.9-4.11
Info:      logic  0.13  2.02 Source counter_SB_DFF_Q_20_D_SB_LUT4_O_LC.COUT
Info:    routing  0.00  2.02 Net counter_SB_DFF_Q_19_D_SB_LUT4_O_I3 (11,7) -> (11,7)
Info:                          Sink counter_SB_DFF_Q_19_D_SB_LUT4_O_LC.CIN
Info:                          Defined in:
Info:                               blinky.v:22.20-22.31
Info:                               /usr/local/bin/../share/yosys/ice40/arith_map.v:62.5-70.4
Info:                               /usr/local/bin/../share/yosys/ice40/abc9_model.v:4.9-4.11
Info:      logic  0.13  2.14 Source counter_SB_DFF_Q_19_D_SB_LUT4_O_LC.COUT
Info:    routing  0.00  2.14 Net counter_SB_DFF_Q_18_D_SB_LUT4_O_I3 (11,7) -> (11,7)
Info:                          Sink counter_SB_DFF_Q_18_D_SB_LUT4_O_LC.CIN
Info:                          Defined in:
Info:                               blinky.v:22.20-22.31
Info:                               /usr/local/bin/../share/yosys/ice40/arith_map.v:62.5-70.4
Info:                               /usr/local/bin/../share/yosys/ice40/abc9_model.v:4.9-4.11
Info:      logic  0.13  2.27 Source counter_SB_DFF_Q_18_D_SB_LUT4_O_LC.COUT
Info:    routing  0.20  2.46 Net counter_SB_DFF_Q_17_D_SB_LUT4_O_I3 (11,7) -> (11,8)
Info:                          Sink counter_SB_DFF_Q_17_D_SB_LUT4_O_LC.CIN
Info:                          Defined in:
Info:                               blinky.v:22.20-22.31
Info:                               /usr/local/bin/../share/yosys/ice40/arith_map.v:62.5-70.4
Info:                               /usr/local/bin/../share/yosys/ice40/abc9_model.v:4.9-4.11
Info:      logic  0.13  2.59 Source counter_SB_DFF_Q_17_D_SB_LUT4_O_LC.COUT
Info:    routing  0.00  2.59 Net counter_SB_DFF_Q_16_D_SB_LUT4_O_I3 (11,8) -> (11,8)
Info:                          Sink counter_SB_DFF_Q_16_D_SB_LUT4_O_LC.CIN
Info:                          Defined in:
Info:                               blinky.v:22.20-22.31
Info:                               /usr/local/bin/../share/yosys/ice40/arith_map.v:62.5-70.4
Info:                               /usr/local/bin/../share/yosys/ice40/abc9_model.v:4.9-4.11
Info:      logic  0.13  2.72 Source counter_SB_DFF_Q_16_D_SB_LUT4_O_LC.COUT
Info:    routing  0.00  2.72 Net counter_SB_DFF_Q_15_D_SB_LUT4_O_I3 (11,8) -> (11,8)
Info:                          Sink counter_SB_DFF_Q_15_D_SB_LUT4_O_LC.CIN
Info:                          Defined in:
Info:                               blinky.v:22.20-22.31
Info:                               /usr/local/bin/../share/yosys/ice40/arith_map.v:62.5-70.4
Info:                               /usr/local/bin/../share/yosys/ice40/abc9_model.v:4.9-4.11
Info:      logic  0.13  2.84 Source counter_SB_DFF_Q_15_D_SB_LUT4_O_LC.COUT
Info:    routing  0.00  2.84 Net counter_SB_DFF_Q_14_D_SB_LUT4_O_I3 (11,8) -> (11,8)
Info:                          Sink counter_SB_DFF_Q_14_D_SB_LUT4_O_LC.CIN
Info:                          Defined in:
Info:                               blinky.v:22.20-22.31
Info:                               /usr/local/bin/../share/yosys/ice40/arith_map.v:62.5-70.4
Info:                               /usr/local/bin/../share/yosys/ice40/abc9_model.v:4.9-4.11
Info:      logic  0.13  2.97 Source counter_SB_DFF_Q_14_D_SB_LUT4_O_LC.COUT
Info:    routing  0.00  2.97 Net counter_SB_DFF_Q_13_D_SB_LUT4_O_I3 (11,8) -> (11,8)
Info:                          Sink counter_SB_DFF_Q_13_D_SB_LUT4_O_LC.CIN
Info:                          Defined in:
Info:                               blinky.v:22.20-22.31
Info:                               /usr/local/bin/../share/yosys/ice40/arith_map.v:62.5-70.4
Info:                               /usr/local/bin/../share/yosys/ice40/abc9_model.v:4.9-4.11
Info:      logic  0.13  3.10 Source counter_SB_DFF_Q_13_D_SB_LUT4_O_LC.COUT
Info:    routing  0.00  3.10 Net counter_SB_DFF_Q_12_D_SB_LUT4_O_I3 (11,8) -> (11,8)
Info:                          Sink counter_SB_DFF_Q_12_D_SB_LUT4_O_LC.CIN
Info:                          Defined in:
Info:                               blinky.v:22.20-22.31
Info:                               /usr/local/bin/../share/yosys/ice40/arith_map.v:62.5-70.4
Info:                               /usr/local/bin/../share/yosys/ice40/abc9_model.v:4.9-4.11
Info:      logic  0.13  3.22 Source counter_SB_DFF_Q_12_D_SB_LUT4_O_LC.COUT
Info:    routing  0.00  3.22 Net counter_SB_DFF_Q_11_D_SB_LUT4_O_I3 (11,8) -> (11,8)
Info:                          Sink counter_SB_DFF_Q_11_D_SB_LUT4_O_LC.CIN
Info:                          Defined in:
Info:                               blinky.v:22.20-22.31
Info:                               /usr/local/bin/../share/yosys/ice40/arith_map.v:62.5-70.4
Info:                               /usr/local/bin/../share/yosys/ice40/abc9_model.v:4.9-4.11
Info:      logic  0.13  3.35 Source counter_SB_DFF_Q_11_D_SB_LUT4_O_LC.COUT
Info:    routing  0.00  3.35 Net counter_SB_DFF_Q_10_D_SB_LUT4_O_I3 (11,8) -> (11,8)
Info:                          Sink counter_SB_DFF_Q_10_D_SB_LUT4_O_LC.CIN
Info:                          Defined in:
Info:                               blinky.v:22.20-22.31
Info:                               /usr/local/bin/../share/yosys/ice40/arith_map.v:62.5-70.4
Info:                               /usr/local/bin/../share/yosys/ice40/abc9_model.v:4.9-4.11
Info:      logic  0.13  3.47 Source counter_SB_DFF_Q_10_D_SB_LUT4_O_LC.COUT
Info:    routing  0.20  3.67 Net counter_SB_DFF_Q_9_D_SB_LUT4_O_I3 (11,8) -> (11,9)
Info:                          Sink counter_SB_DFF_Q_9_D_SB_LUT4_O_LC.CIN
Info:                          Defined in:
Info:                               blinky.v:22.20-22.31
Info:                               /usr/local/bin/../share/yosys/ice40/arith_map.v:62.5-70.4
Info:                               /usr/local/bin/../share/yosys/ice40/abc9_model.v:4.9-4.11
Info:      logic  0.13  3.80 Source counter_SB_DFF_Q_9_D_SB_LUT4_O_LC.COUT
Info:    routing  0.00  3.80 Net counter_SB_DFF_Q_8_D_SB_LUT4_O_I3 (11,9) -> (11,9)
Info:                          Sink counter_SB_DFF_Q_8_D_SB_LUT4_O_LC.CIN
Info:                          Defined in:
Info:                               blinky.v:22.20-22.31
Info:                               /usr/local/bin/../share/yosys/ice40/arith_map.v:62.5-70.4
Info:                               /usr/local/bin/../share/yosys/ice40/abc9_model.v:4.9-4.11
Info:      logic  0.13  3.92 Source counter_SB_DFF_Q_8_D_SB_LUT4_O_LC.COUT
Info:    routing  0.00  3.92 Net counter_SB_DFF_Q_7_D_SB_LUT4_O_I3 (11,9) -> (11,9)
Info:                          Sink counter_SB_DFF_Q_7_D_SB_LUT4_O_LC.CIN
Info:                          Defined in:
Info:                               blinky.v:22.20-22.31
Info:                               /usr/local/bin/../share/yosys/ice40/arith_map.v:62.5-70.4
Info:                               /usr/local/bin/../share/yosys/ice40/abc9_model.v:4.9-4.11
Info:      logic  0.13  4.05 Source counter_SB_DFF_Q_7_D_SB_LUT4_O_LC.COUT
Info:    routing  0.00  4.05 Net counter_SB_DFF_Q_6_D_SB_LUT4_O_I3 (11,9) -> (11,9)
Info:                          Sink counter_SB_DFF_Q_6_D_SB_LUT4_O_LC.CIN
Info:                          Defined in:
Info:                               blinky.v:22.20-22.31
Info:                               /usr/local/bin/../share/yosys/ice40/arith_map.v:62.5-70.4
Info:                               /usr/local/bin/../share/yosys/ice40/abc9_model.v:4.9-4.11
Info:      logic  0.13  4.17 Source counter_SB_DFF_Q_6_D_SB_LUT4_O_LC.COUT
Info:    routing  0.00  4.17 Net counter_SB_DFF_Q_5_D_SB_LUT4_O_I3 (11,9) -> (11,9)
Info:                          Sink counter_SB_DFF_Q_5_D_SB_LUT4_O_LC.CIN
Info:                          Defined in:
Info:                               blinky.v:22.20-22.31
Info:                               /usr/local/bin/../share/yosys/ice40/arith_map.v:62.5-70.4
Info:                               /usr/local/bin/../share/yosys/ice40/abc9_model.v:4.9-4.11
Info:      logic  0.13  4.30 Source counter_SB_DFF_Q_5_D_SB_LUT4_O_LC.COUT
Info:    routing  0.00  4.30 Net counter_SB_DFF_Q_4_D_SB_LUT4_O_I3 (11,9) -> (11,9)
Info:                          Sink counter_SB_DFF_Q_4_D_SB_LUT4_O_LC.CIN
Info:                          Defined in:
Info:                               blinky.v:22.20-22.31
Info:                               /usr/local/bin/../share/yosys/ice40/arith_map.v:62.5-70.4
Info:                               /usr/local/bin/../share/yosys/ice40/abc9_model.v:4.9-4.11
Info:      logic  0.13  4.43 Source counter_SB_DFF_Q_4_D_SB_LUT4_O_LC.COUT
Info:    routing  0.00  4.43 Net counter_SB_DFF_Q_3_D_SB_LUT4_O_I3 (11,9) -> (11,9)
Info:                          Sink counter_SB_DFF_Q_3_D_SB_LUT4_O_LC.CIN
Info:                          Defined in:
Info:                               blinky.v:22.20-22.31
Info:                               /usr/local/bin/../share/yosys/ice40/arith_map.v:62.5-70.4
Info:                               /usr/local/bin/../share/yosys/ice40/abc9_model.v:4.9-4.11
Info:      logic  0.13  4.55 Source counter_SB_DFF_Q_3_D_SB_LUT4_O_LC.COUT
Info:    routing  0.00  4.55 Net counter_SB_DFF_Q_2_D_SB_LUT4_O_I3 (11,9) -> (11,9)
Info:                          Sink counter_SB_DFF_Q_2_D_SB_LUT4_O_LC.CIN
Info:                          Defined in:
Info:                               blinky.v:22.20-22.31
Info:                               /usr/local/bin/../share/yosys/ice40/arith_map.v:62.5-70.4
Info:                               /usr/local/bin/../share/yosys/ice40/abc9_model.v:4.9-4.11
Info:      logic  0.13  4.68 Source counter_SB_DFF_Q_2_D_SB_LUT4_O_LC.COUT
Info:    routing  0.20  4.87 Net counter_SB_DFF_Q_1_D_SB_LUT4_O_I3 (11,9) -> (11,10)
Info:                          Sink counter_SB_DFF_Q_1_D_SB_LUT4_O_LC.CIN
Info:                          Defined in:
Info:                               blinky.v:22.20-22.31
Info:                               /usr/local/bin/../share/yosys/ice40/arith_map.v:62.5-70.4
Info:                               /usr/local/bin/../share/yosys/ice40/abc9_model.v:4.9-4.11
Info:      logic  0.13  5.00 Source counter_SB_DFF_Q_1_D_SB_LUT4_O_LC.COUT
Info:    routing  0.26  5.26 Net counter_SB_DFF_Q_D_SB_LUT4_O_I3 (11,10) -> (11,10)
Info:                          Sink counter_SB_DFF_Q_D_SB_LUT4_O_LC.I3
Info:                          Defined in:
Info:                               blinky.v:22.20-22.31
Info:                               /usr/local/bin/../share/yosys/ice40/arith_map.v:62.5-70.4
Info:                               /usr/local/bin/../share/yosys/ice40/abc9_model.v:4.9-4.11
Info:      setup  0.34  5.59 Source counter_SB_DFF_Q_D_SB_LUT4_O_LC.I3
Info: 4.16 ns logic, 1.43 ns routing

Info: Critical path report for cross-domain path 'posedge clk' -> '<async>':
Info:       type curr  total name
Info:   clk-to-q  0.54  0.54 Source outcnt_SB_DFF_Q_DFFLC.O
Info:    routing  1.58  2.12 Net outcnt[3] (12,10) -> (12,12)
Info:                          Sink led2_SB_LUT4_O_LC.I3
Info:                          Defined in:
Info:                               blinky.v:19.20-19.26
Info:      logic  0.31  2.43 Source led2_SB_LUT4_O_LC.O
Info:    routing  0.59  3.02 Net led2$SB_IO_OUT (12,12) -> (13,12)
Info:                          Sink led2$sb_io.D_OUT_0
Info:                          Defined in:
Info:                               blinky.v:4.12-4.16
Info: 0.86 ns logic, 2.16 ns routing

Info: Max frequency for clock 'clk': 178.79 MHz (PASS at 12.00 MHz)

Info: Max delay posedge clk -> <async>: 3.02 ns

Info: Slack histogram:
Info:  legend: * represents 1 endpoint(s)
Info:          + represents [1,1) endpoint(s)
Info: [ 77740,  77947) |*** 
Info: [ 77947,  78154) |** 
Info: [ 78154,  78361) |*** 
Info: [ 78361,  78568) |**** 
Info: [ 78568,  78775) |** 
Info: [ 78775,  78982) |*** 
Info: [ 78982,  79189) |** 
Info: [ 79189,  79396) |*** 
Info: [ 79396,  79603) |*** 
Info: [ 79603,  79810) |*** 
Info: [ 79810,  80017) |** 
Info: [ 80017,  80224) |*** 
Info: [ 80224,  80431) |*** 
Info: [ 80431,  80638) |** 
Info: [ 80638,  80845) |*** 
Info: [ 80845,  81052) |*** 
Info: [ 81052,  81259) |*** 
Info: [ 81259,  81466) |* 
Info: [ 81466,  81673) | 
Info: [ 81673,  81880) |******** 
Info: SATISFIABLE ROUTED
1 warning, 0 errors

Info: Program finished normally.
